Performing C SOURCE FILE Test CMAKE_HAVE_LIBC_PTHREAD failed with the following output:
Change Dir: C:/Users/mpilo/Documents/Work/Research Project/Repo/EEE4022S-Project-2024-NXSMPI001/Simulink/build/nmpcrect/CMakeFiles/CMakeScratch/TryCompile-8anw2c

Run Build Command(s):C:/PROGRA~1/MATLAB/R2024b/toolbox/shared/coder/ninja/win64/ninja.exe cmTC_1aeb9 && [1/2] Building C object CMakeFiles\cmTC_1aeb9.dir\src.c.obj
FAILED: CMakeFiles/cmTC_1aeb9.dir/src.c.obj 
C:\PROGRA~1\MIB055~1\2022\ENTERP~1\VC\Tools\MSVC\1439~1.335\bin\Hostx86\x64\cl.exe  /nologo -DCMAKE_HAVE_LIBC_PTHREAD  /DWIN32 /D_WINDOWS /W3  /MDd /Zi /Ob0 /Od /RTC1 /showIncludes /FoCMakeFiles\cmTC_1aeb9.dir\src.c.obj /FdCMakeFiles\cmTC_1aeb9.dir\ /FS -c "C:\Users\mpilo\Documents\Work\Research Project\Repo\EEE4022S-Project-2024-NXSMPI001\Simulink\build\nmpcrect\CMakeFiles\CMakeScratch\TryCompile-8anw2c\src.c"
C:\Users\mpilo\Documents\Work\Research Project\Repo\EEE4022S-Project-2024-NXSMPI001\Simulink\build\nmpcrect\CMakeFiles\CMakeScratch\TryCompile-8anw2c\src.c(1): fatal error C1083: Cannot open include file: 'pthread.h': No such file or directory
ninja: build stopped: subcommand failed.


Source file was:
#include <pthread.h>

static void* test_func(void* data)
{
  return data;
}

int main(void)
{
  pthread_t thread;
  pthread_create(&thread, NULL, test_func, NULL);
  pthread_detach(thread);
  pthread_cancel(thread);
  pthread_join(thread, NULL);
  pthread_atfork(NULL, NULL, NULL);
  pthread_exit(NULL);

  return 0;
}


Determining if the function pthread_create exists in the pthreads failed with the following output:
Change Dir: C:/Users/mpilo/Documents/Work/Research Project/Repo/EEE4022S-Project-2024-NXSMPI001/Simulink/build/nmpcrect/CMakeFiles/CMakeScratch/TryCompile-f13w5r

Run Build Command(s):C:/PROGRA~1/MATLAB/R2024b/toolbox/shared/coder/ninja/win64/ninja.exe cmTC_efdce && [1/2] Building C object CMakeFiles\cmTC_efdce.dir\CheckFunctionExists.c.obj
[2/2] Linking C executable cmTC_efdce.exe
FAILED: cmTC_efdce.exe 
cmd.exe /C "cd . && "C:\Program Files\MATLAB\R2024b\bin\win64\cmake\bin\cmake.exe" -E vs_link_exe --intdir=CMakeFiles\cmTC_efdce.dir --rc=C:\PROGRA~2\WI3CF2~1\10\bin\100226~1.0\x86\rc.exe --mt=C:\PROGRA~2\WI3CF2~1\10\bin\100226~1.0\x86\mt.exe --manifests  -- C:\PROGRA~1\MIB055~1\2022\ENTERP~1\VC\Tools\MSVC\1439~1.335\bin\Hostx86\x64\link.exe /nologo CMakeFiles\cmTC_efdce.dir\CheckFunctionExists.c.obj  /out:cmTC_efdce.exe /implib:cmTC_efdce.lib /pdb:cmTC_efdce.pdb /version:0.0 /machine:x64  /debug /INCREMENTAL /subsystem:console  pthreads.lib  kernel32.lib user32.lib gdi32.lib winspool.lib shell32.lib ole32.lib oleaut32.lib uuid.lib comdlg32.lib advapi32.lib && cd ."
LINK Pass 1: command "C:\PROGRA~1\MIB055~1\2022\ENTERP~1\VC\Tools\MSVC\1439~1.335\bin\Hostx86\x64\link.exe /nologo CMakeFiles\cmTC_efdce.dir\CheckFunctionExists.c.obj /out:cmTC_efdce.exe /implib:cmTC_efdce.lib /pdb:cmTC_efdce.pdb /version:0.0 /machine:x64 /debug /INCREMENTAL /subsystem:console pthreads.lib kernel32.lib user32.lib gdi32.lib winspool.lib shell32.lib ole32.lib oleaut32.lib uuid.lib comdlg32.lib advapi32.lib /MANIFEST /MANIFESTFILE:CMakeFiles\cmTC_efdce.dir/intermediate.manifest CMakeFiles\cmTC_efdce.dir/manifest.res" failed (exit code 1104) with the following output:
LINK : fatal error LNK1104: cannot open file 'pthreads.lib'
ninja: build stopped: subcommand failed.



Determining if the function pthread_create exists in the pthread failed with the following output:
Change Dir: C:/Users/mpilo/Documents/Work/Research Project/Repo/EEE4022S-Project-2024-NXSMPI001/Simulink/build/nmpcrect/CMakeFiles/CMakeScratch/TryCompile-yskgot

Run Build Command(s):C:/PROGRA~1/MATLAB/R2024b/toolbox/shared/coder/ninja/win64/ninja.exe cmTC_4745d && [1/2] Building C object CMakeFiles\cmTC_4745d.dir\CheckFunctionExists.c.obj
[2/2] Linking C executable cmTC_4745d.exe
FAILED: cmTC_4745d.exe 
cmd.exe /C "cd . && "C:\Program Files\MATLAB\R2024b\bin\win64\cmake\bin\cmake.exe" -E vs_link_exe --intdir=CMakeFiles\cmTC_4745d.dir --rc=C:\PROGRA~2\WI3CF2~1\10\bin\100226~1.0\x86\rc.exe --mt=C:\PROGRA~2\WI3CF2~1\10\bin\100226~1.0\x86\mt.exe --manifests  -- C:\PROGRA~1\MIB055~1\2022\ENTERP~1\VC\Tools\MSVC\1439~1.335\bin\Hostx86\x64\link.exe /nologo CMakeFiles\cmTC_4745d.dir\CheckFunctionExists.c.obj  /out:cmTC_4745d.exe /implib:cmTC_4745d.lib /pdb:cmTC_4745d.pdb /version:0.0 /machine:x64  /debug /INCREMENTAL /subsystem:console  pthread.lib  kernel32.lib user32.lib gdi32.lib winspool.lib shell32.lib ole32.lib oleaut32.lib uuid.lib comdlg32.lib advapi32.lib && cd ."
LINK Pass 1: command "C:\PROGRA~1\MIB055~1\2022\ENTERP~1\VC\Tools\MSVC\1439~1.335\bin\Hostx86\x64\link.exe /nologo CMakeFiles\cmTC_4745d.dir\CheckFunctionExists.c.obj /out:cmTC_4745d.exe /implib:cmTC_4745d.lib /pdb:cmTC_4745d.pdb /version:0.0 /machine:x64 /debug /INCREMENTAL /subsystem:console pthread.lib kernel32.lib user32.lib gdi32.lib winspool.lib shell32.lib ole32.lib oleaut32.lib uuid.lib comdlg32.lib advapi32.lib /MANIFEST /MANIFESTFILE:CMakeFiles\cmTC_4745d.dir/intermediate.manifest CMakeFiles\cmTC_4745d.dir/manifest.res" failed (exit code 1104) with the following output:
LINK : fatal error LNK1104: cannot open file 'pthread.lib'
ninja: build stopped: subcommand failed.



