/usr/bin/cmake -S/home/mpilovm/ros2_ws_simulink/src/catarob_interfaces -B/home/mpilovm/ros2_ws_simulink/build/catarob_interfaces --check-build-system CMakeFiles/Makefile.cmake 0
/usr/bin/cmake -E cmake_progress_start /home/mpilovm/ros2_ws_simulink/build/catarob_interfaces/CMakeFiles /home/mpilovm/ros2_ws_simulink/build/catarob_interfaces//CMakeFiles/progress.marks
/usr/bin/gmake  -f CMakeFiles/Makefile2 all
gmake[1]: Entering directory '/home/mpilovm/ros2_ws_simulink/build/catarob_interfaces'
/usr/bin/gmake  -f CMakeFiles/catarob_interfaces__cpp.dir/build.make CMakeFiles/catarob_interfaces__cpp.dir/depend
/usr/bin/gmake  -f CMakeFiles/catarob_interfaces__rosidl_generator_c.dir/build.make CMakeFiles/catarob_interfaces__rosidl_generator_c.dir/depend
/usr/bin/gmake  -f CMakeFiles/ament_cmake_python_copy_catarob_interfaces.dir/build.make CMakeFiles/ament_cmake_python_copy_catarob_interfaces.dir/depend
gmake[2]: Entering directory '/home/mpilovm/ros2_ws_simulink/build/catarob_interfaces'
cd /home/mpilovm/ros2_ws_simulink/build/catarob_interfaces && /usr/bin/cmake -E cmake_depends "Unix Makefiles" /home/mpilovm/ros2_ws_simulink/src/catarob_interfaces /home/mpilovm/ros2_ws_simulink/src/catarob_interfaces /home/mpilovm/ros2_ws_simulink/build/catarob_interfaces /home/mpilovm/ros2_ws_simulink/build/catarob_interfaces /home/mpilovm/ros2_ws_simulink/build/catarob_interfaces/CMakeFiles/catarob_interfaces__cpp.dir/DependInfo.cmake --color=
gmake[2]: Entering directory '/home/mpilovm/ros2_ws_simulink/build/catarob_interfaces'
gmake[2]: Entering directory '/home/mpilovm/ros2_ws_simulink/build/catarob_interfaces'
cd /home/mpilovm/ros2_ws_simulink/build/catarob_interfaces && /usr/bin/cmake -E cmake_depends "Unix Makefiles" /home/mpilovm/ros2_ws_simulink/src/catarob_interfaces /home/mpilovm/ros2_ws_simulink/src/catarob_interfaces /home/mpilovm/ros2_ws_simulink/build/catarob_interfaces /home/mpilovm/ros2_ws_simulink/build/catarob_interfaces /home/mpilovm/ros2_ws_simulink/build/catarob_interfaces/CMakeFiles/catarob_interfaces__rosidl_generator_c.dir/DependInfo.cmake --color=
cd /home/mpilovm/ros2_ws_simulink/build/catarob_interfaces && /usr/bin/cmake -E cmake_depends "Unix Makefiles" /home/mpilovm/ros2_ws_simulink/src/catarob_interfaces /home/mpilovm/ros2_ws_simulink/src/catarob_interfaces /home/mpilovm/ros2_ws_simulink/build/catarob_interfaces /home/mpilovm/ros2_ws_simulink/build/catarob_interfaces /home/mpilovm/ros2_ws_simulink/build/catarob_interfaces/CMakeFiles/ament_cmake_python_copy_catarob_interfaces.dir/DependInfo.cmake --color=
[35m[1mConsolidate compiler generated dependencies of target catarob_interfaces__rosidl_generator_c[0m
gmake[2]: Leaving directory '/home/mpilovm/ros2_ws_simulink/build/catarob_interfaces'
gmake[2]: Leaving directory '/home/mpilovm/ros2_ws_simulink/build/catarob_interfaces'
/usr/bin/gmake  -f CMakeFiles/catarob_interfaces__cpp.dir/build.make CMakeFiles/catarob_interfaces__cpp.dir/build
/usr/bin/gmake  -f CMakeFiles/ament_cmake_python_copy_catarob_interfaces.dir/build.make CMakeFiles/ament_cmake_python_copy_catarob_interfaces.dir/build
gmake[2]: Entering directory '/home/mpilovm/ros2_ws_simulink/build/catarob_interfaces'
/usr/bin/cmake -E copy_directory /home/mpilovm/ros2_ws_simulink/build/catarob_interfaces/rosidl_generator_py/catarob_interfaces /home/mpilovm/ros2_ws_simulink/build/catarob_interfaces/ament_cmake_python/catarob_interfaces/catarob_interfaces
gmake[2]: Leaving directory '/home/mpilovm/ros2_ws_simulink/build/catarob_interfaces'
/usr/bin/gmake  -f CMakeFiles/catarob_interfaces__rosidl_generator_c.dir/build.make CMakeFiles/catarob_interfaces__rosidl_generator_c.dir/build
gmake[2]: Entering directory '/home/mpilovm/ros2_ws_simulink/build/catarob_interfaces'
gmake[2]: Nothing to be done for 'CMakeFiles/catarob_interfaces__cpp.dir/build'.
gmake[2]: Leaving directory '/home/mpilovm/ros2_ws_simulink/build/catarob_interfaces'
gmake[2]: Entering directory '/home/mpilovm/ros2_ws_simulink/build/catarob_interfaces'
gmake[2]: Nothing to be done for 'CMakeFiles/catarob_interfaces__rosidl_generator_c.dir/build'.
gmake[2]: Leaving directory '/home/mpilovm/ros2_ws_simulink/build/catarob_interfaces'
[  2%] Built target catarob_interfaces__cpp
[ 12%] Built target catarob_interfaces__rosidl_generator_c
/usr/bin/gmake  -f CMakeFiles/catarob_interfaces__rosidl_typesupport_cpp.dir/build.make CMakeFiles/catarob_interfaces__rosidl_typesupport_cpp.dir/depend
/usr/bin/gmake  -f CMakeFiles/catarob_interfaces__rosidl_typesupport_fastrtps_cpp.dir/build.make CMakeFiles/catarob_interfaces__rosidl_typesupport_fastrtps_cpp.dir/depend
gmake[2]: Leaving directory '/home/mpilovm/ros2_ws_simulink/build/catarob_interfaces'
/usr/bin/gmake  -f CMakeFiles/catarob_interfaces__rosidl_typesupport_introspection_cpp.dir/build.make CMakeFiles/catarob_interfaces__rosidl_typesupport_introspection_cpp.dir/depend
gmake[2]: Entering directory '/home/mpilovm/ros2_ws_simulink/build/catarob_interfaces'
cd /home/mpilovm/ros2_ws_simulink/build/catarob_interfaces && /usr/bin/cmake -E cmake_depends "Unix Makefiles" /home/mpilovm/ros2_ws_simulink/src/catarob_interfaces /home/mpilovm/ros2_ws_simulink/src/catarob_interfaces /home/mpilovm/ros2_ws_simulink/build/catarob_interfaces /home/mpilovm/ros2_ws_simulink/build/catarob_interfaces /home/mpilovm/ros2_ws_simulink/build/catarob_interfaces/CMakeFiles/catarob_interfaces__rosidl_typesupport_cpp.dir/DependInfo.cmake --color=
gmake[2]: Entering directory '/home/mpilovm/ros2_ws_simulink/build/catarob_interfaces'
cd /home/mpilovm/ros2_ws_simulink/build/catarob_interfaces && /usr/bin/cmake -E cmake_depends "Unix Makefiles" /home/mpilovm/ros2_ws_simulink/src/catarob_interfaces /home/mpilovm/ros2_ws_simulink/src/catarob_interfaces /home/mpilovm/ros2_ws_simulink/build/catarob_interfaces /home/mpilovm/ros2_ws_simulink/build/catarob_interfaces /home/mpilovm/ros2_ws_simulink/build/catarob_interfaces/CMakeFiles/catarob_interfaces__rosidl_typesupport_fastrtps_cpp.dir/DependInfo.cmake --color=
gmake[2]: Entering directory '/home/mpilovm/ros2_ws_simulink/build/catarob_interfaces'
cd /home/mpilovm/ros2_ws_simulink/build/catarob_interfaces && /usr/bin/cmake -E cmake_depends "Unix Makefiles" /home/mpilovm/ros2_ws_simulink/src/catarob_interfaces /home/mpilovm/ros2_ws_simulink/src/catarob_interfaces /home/mpilovm/ros2_ws_simulink/build/catarob_interfaces /home/mpilovm/ros2_ws_simulink/build/catarob_interfaces /home/mpilovm/ros2_ws_simulink/build/catarob_interfaces/CMakeFiles/catarob_interfaces__rosidl_typesupport_introspection_cpp.dir/DependInfo.cmake --color=
[ 12%] Built target ament_cmake_python_copy_catarob_interfaces
/usr/bin/gmake  -f CMakeFiles/catarob_interfaces__rosidl_typesupport_fastrtps_c.dir/build.make CMakeFiles/catarob_interfaces__rosidl_typesupport_fastrtps_c.dir/depend
[35m[1mConsolidate compiler generated dependencies of target catarob_interfaces__rosidl_typesupport_cpp[0m
[35m[1mConsolidate compiler generated dependencies of target catarob_interfaces__rosidl_typesupport_fastrtps_cpp[0m
[35m[1mConsolidate compiler generated dependencies of target catarob_interfaces__rosidl_typesupport_introspection_cpp[0m
gmake[2]: Entering directory '/home/mpilovm/ros2_ws_simulink/build/catarob_interfaces'
cd /home/mpilovm/ros2_ws_simulink/build/catarob_interfaces && /usr/bin/cmake -E cmake_depends "Unix Makefiles" /home/mpilovm/ros2_ws_simulink/src/catarob_interfaces /home/mpilovm/ros2_ws_simulink/src/catarob_interfaces /home/mpilovm/ros2_ws_simulink/build/catarob_interfaces /home/mpilovm/ros2_ws_simulink/build/catarob_interfaces /home/mpilovm/ros2_ws_simulink/build/catarob_interfaces/CMakeFiles/catarob_interfaces__rosidl_typesupport_fastrtps_c.dir/DependInfo.cmake --color=
gmake[2]: Leaving directory '/home/mpilovm/ros2_ws_simulink/build/catarob_interfaces'
gmake[2]: Leaving directory '/home/mpilovm/ros2_ws_simulink/build/catarob_interfaces'
/usr/bin/gmake  -f CMakeFiles/catarob_interfaces__rosidl_typesupport_cpp.dir/build.make CMakeFiles/catarob_interfaces__rosidl_typesupport_cpp.dir/build
gmake[2]: Leaving directory '/home/mpilovm/ros2_ws_simulink/build/catarob_interfaces'
/usr/bin/gmake  -f CMakeFiles/catarob_interfaces__rosidl_typesupport_fastrtps_cpp.dir/build.make CMakeFiles/catarob_interfaces__rosidl_typesupport_fastrtps_cpp.dir/build
gmake[2]: Entering directory '/home/mpilovm/ros2_ws_simulink/build/catarob_interfaces'
gmake[2]: Nothing to be done for 'CMakeFiles/catarob_interfaces__rosidl_typesupport_cpp.dir/build'.
gmake[2]: Leaving directory '/home/mpilovm/ros2_ws_simulink/build/catarob_interfaces'
/usr/bin/gmake  -f CMakeFiles/catarob_interfaces__rosidl_typesupport_introspection_cpp.dir/build.make CMakeFiles/catarob_interfaces__rosidl_typesupport_introspection_cpp.dir/build
gmake[2]: Entering directory '/home/mpilovm/ros2_ws_simulink/build/catarob_interfaces'
gmake[2]: Nothing to be done for 'CMakeFiles/catarob_interfaces__rosidl_typesupport_fastrtps_cpp.dir/build'.
gmake[2]: Leaving directory '/home/mpilovm/ros2_ws_simulink/build/catarob_interfaces'
gmake[2]: Entering directory '/home/mpilovm/ros2_ws_simulink/build/catarob_interfaces'
gmake[2]: Nothing to be done for 'CMakeFiles/catarob_interfaces__rosidl_typesupport_introspection_cpp.dir/build'.
gmake[2]: Leaving directory '/home/mpilovm/ros2_ws_simulink/build/catarob_interfaces'
[35m[1mConsolidate compiler generated dependencies of target catarob_interfaces__rosidl_typesupport_fastrtps_c[0m
[ 23%] Built target catarob_interfaces__rosidl_typesupport_cpp
[ 34%] Built target catarob_interfaces__rosidl_typesupport_fastrtps_cpp
/usr/bin/gmake  -f CMakeFiles/catarob_interfaces__rosidl_typesupport_introspection_c.dir/build.make CMakeFiles/catarob_interfaces__rosidl_typesupport_introspection_c.dir/depend
gmake[2]: Leaving directory '/home/mpilovm/ros2_ws_simulink/build/catarob_interfaces'
/usr/bin/gmake  -f CMakeFiles/catarob_interfaces__rosidl_typesupport_fastrtps_c.dir/build.make CMakeFiles/catarob_interfaces__rosidl_typesupport_fastrtps_c.dir/build
/usr/bin/gmake  -f CMakeFiles/catarob_interfaces__rosidl_typesupport_c.dir/build.make CMakeFiles/catarob_interfaces__rosidl_typesupport_c.dir/depend
gmake[2]: Entering directory '/home/mpilovm/ros2_ws_simulink/build/catarob_interfaces'
cd /home/mpilovm/ros2_ws_simulink/build/catarob_interfaces && /usr/bin/cmake -E cmake_depends "Unix Makefiles" /home/mpilovm/ros2_ws_simulink/src/catarob_interfaces /home/mpilovm/ros2_ws_simulink/src/catarob_interfaces /home/mpilovm/ros2_ws_simulink/build/catarob_interfaces /home/mpilovm/ros2_ws_simulink/build/catarob_interfaces /home/mpilovm/ros2_ws_simulink/build/catarob_interfaces/CMakeFiles/catarob_interfaces__rosidl_typesupport_introspection_c.dir/DependInfo.cmake --color=
[ 44%] Built target catarob_interfaces__rosidl_typesupport_introspection_cpp
gmake[2]: Entering directory '/home/mpilovm/ros2_ws_simulink/build/catarob_interfaces'
cd /home/mpilovm/ros2_ws_simulink/build/catarob_interfaces && /usr/bin/cmake -E cmake_depends "Unix Makefiles" /home/mpilovm/ros2_ws_simulink/src/catarob_interfaces /home/mpilovm/ros2_ws_simulink/src/catarob_interfaces /home/mpilovm/ros2_ws_simulink/build/catarob_interfaces /home/mpilovm/ros2_ws_simulink/build/catarob_interfaces /home/mpilovm/ros2_ws_simulink/build/catarob_interfaces/CMakeFiles/catarob_interfaces__rosidl_typesupport_c.dir/DependInfo.cmake --color=
/usr/bin/gmake  -f CMakeFiles/ament_cmake_python_build_catarob_interfaces_egg.dir/build.make CMakeFiles/ament_cmake_python_build_catarob_interfaces_egg.dir/depend
gmake[2]: Entering directory '/home/mpilovm/ros2_ws_simulink/build/catarob_interfaces'
gmake[2]: Nothing to be done for 'CMakeFiles/catarob_interfaces__rosidl_typesupport_fastrtps_c.dir/build'.
gmake[2]: Leaving directory '/home/mpilovm/ros2_ws_simulink/build/catarob_interfaces'
gmake[2]: Entering directory '/home/mpilovm/ros2_ws_simulink/build/catarob_interfaces'
cd /home/mpilovm/ros2_ws_simulink/build/catarob_interfaces && /usr/bin/cmake -E cmake_depends "Unix Makefiles" /home/mpilovm/ros2_ws_simulink/src/catarob_interfaces /home/mpilovm/ros2_ws_simulink/src/catarob_interfaces /home/mpilovm/ros2_ws_simulink/build/catarob_interfaces /home/mpilovm/ros2_ws_simulink/build/catarob_interfaces /home/mpilovm/ros2_ws_simulink/build/catarob_interfaces/CMakeFiles/ament_cmake_python_build_catarob_interfaces_egg.dir/DependInfo.cmake --color=
[35m[1mConsolidate compiler generated dependencies of target catarob_interfaces__rosidl_typesupport_introspection_c[0m
[35m[1mConsolidate compiler generated dependencies of target catarob_interfaces__rosidl_typesupport_c[0m
[ 55%] Built target catarob_interfaces__rosidl_typesupport_fastrtps_c
gmake[2]: Leaving directory '/home/mpilovm/ros2_ws_simulink/build/catarob_interfaces'
gmake[2]: Leaving directory '/home/mpilovm/ros2_ws_simulink/build/catarob_interfaces'
/usr/bin/gmake  -f CMakeFiles/catarob_interfaces__rosidl_typesupport_introspection_c.dir/build.make CMakeFiles/catarob_interfaces__rosidl_typesupport_introspection_c.dir/build
gmake[2]: Leaving directory '/home/mpilovm/ros2_ws_simulink/build/catarob_interfaces'
/usr/bin/gmake  -f CMakeFiles/catarob_interfaces__rosidl_typesupport_c.dir/build.make CMakeFiles/catarob_interfaces__rosidl_typesupport_c.dir/build
/usr/bin/gmake  -f CMakeFiles/ament_cmake_python_build_catarob_interfaces_egg.dir/build.make CMakeFiles/ament_cmake_python_build_catarob_interfaces_egg.dir/build
gmake[2]: Entering directory '/home/mpilovm/ros2_ws_simulink/build/catarob_interfaces'
gmake[2]: Nothing to be done for 'CMakeFiles/catarob_interfaces__rosidl_typesupport_c.dir/build'.
gmake[2]: Leaving directory '/home/mpilovm/ros2_ws_simulink/build/catarob_interfaces'
gmake[2]: Entering directory '/home/mpilovm/ros2_ws_simulink/build/catarob_interfaces'
gmake[2]: Nothing to be done for 'CMakeFiles/catarob_interfaces__rosidl_typesupport_introspection_c.dir/build'.
gmake[2]: Leaving directory '/home/mpilovm/ros2_ws_simulink/build/catarob_interfaces'
gmake[2]: Entering directory '/home/mpilovm/ros2_ws_simulink/build/catarob_interfaces'
cd /home/mpilovm/ros2_ws_simulink/build/catarob_interfaces/ament_cmake_python/catarob_interfaces && /usr/bin/python3 setup.py egg_info
[ 65%] Built target catarob_interfaces__rosidl_typesupport_c
[ 76%] Built target catarob_interfaces__rosidl_typesupport_introspection_c
/usr/bin/gmake  -f CMakeFiles/catarob_interfaces.dir/build.make CMakeFiles/catarob_interfaces.dir/depend
gmake[2]: Entering directory '/home/mpilovm/ros2_ws_simulink/build/catarob_interfaces'
cd /home/mpilovm/ros2_ws_simulink/build/catarob_interfaces && /usr/bin/cmake -E cmake_depends "Unix Makefiles" /home/mpilovm/ros2_ws_simulink/src/catarob_interfaces /home/mpilovm/ros2_ws_simulink/src/catarob_interfaces /home/mpilovm/ros2_ws_simulink/build/catarob_interfaces /home/mpilovm/ros2_ws_simulink/build/catarob_interfaces /home/mpilovm/ros2_ws_simulink/build/catarob_interfaces/CMakeFiles/catarob_interfaces.dir/DependInfo.cmake --color=
gmake[2]: Leaving directory '/home/mpilovm/ros2_ws_simulink/build/catarob_interfaces'
/usr/bin/gmake  -f CMakeFiles/catarob_interfaces.dir/build.make CMakeFiles/catarob_interfaces.dir/build
gmake[2]: Entering directory '/home/mpilovm/ros2_ws_simulink/build/catarob_interfaces'
gmake[2]: Nothing to be done for 'CMakeFiles/catarob_interfaces.dir/build'.
gmake[2]: Leaving directory '/home/mpilovm/ros2_ws_simulink/build/catarob_interfaces'
[ 76%] Built target catarob_interfaces
/usr/bin/gmake  -f catarob_interfaces__py/CMakeFiles/catarob_interfaces__py.dir/build.make catarob_interfaces__py/CMakeFiles/catarob_interfaces__py.dir/depend
gmake[2]: Entering directory '/home/mpilovm/ros2_ws_simulink/build/catarob_interfaces'
cd /home/mpilovm/ros2_ws_simulink/build/catarob_interfaces && /usr/bin/cmake -E cmake_depends "Unix Makefiles" /home/mpilovm/ros2_ws_simulink/src/catarob_interfaces /home/mpilovm/ros2_ws_simulink/build/catarob_interfaces/catarob_interfaces__py /home/mpilovm/ros2_ws_simulink/build/catarob_interfaces /home/mpilovm/ros2_ws_simulink/build/catarob_interfaces/catarob_interfaces__py /home/mpilovm/ros2_ws_simulink/build/catarob_interfaces/catarob_interfaces__py/CMakeFiles/catarob_interfaces__py.dir/DependInfo.cmake --color=
gmake[2]: Leaving directory '/home/mpilovm/ros2_ws_simulink/build/catarob_interfaces'
/usr/bin/gmake  -f catarob_interfaces__py/CMakeFiles/catarob_interfaces__py.dir/build.make catarob_interfaces__py/CMakeFiles/catarob_interfaces__py.dir/build
gmake[2]: Entering directory '/home/mpilovm/ros2_ws_simulink/build/catarob_interfaces'
gmake[2]: Nothing to be done for 'catarob_interfaces__py/CMakeFiles/catarob_interfaces__py.dir/build'.
gmake[2]: Leaving directory '/home/mpilovm/ros2_ws_simulink/build/catarob_interfaces'
[ 78%] Built target catarob_interfaces__py
/usr/bin/gmake  -f CMakeFiles/catarob_interfaces__rosidl_generator_py.dir/build.make CMakeFiles/catarob_interfaces__rosidl_generator_py.dir/depend
gmake[2]: Entering directory '/home/mpilovm/ros2_ws_simulink/build/catarob_interfaces'
cd /home/mpilovm/ros2_ws_simulink/build/catarob_interfaces && /usr/bin/cmake -E cmake_depends "Unix Makefiles" /home/mpilovm/ros2_ws_simulink/src/catarob_interfaces /home/mpilovm/ros2_ws_simulink/src/catarob_interfaces /home/mpilovm/ros2_ws_simulink/build/catarob_interfaces /home/mpilovm/ros2_ws_simulink/build/catarob_interfaces /home/mpilovm/ros2_ws_simulink/build/catarob_interfaces/CMakeFiles/catarob_interfaces__rosidl_generator_py.dir/DependInfo.cmake --color=
[35m[1mConsolidate compiler generated dependencies of target catarob_interfaces__rosidl_generator_py[0m
gmake[2]: Leaving directory '/home/mpilovm/ros2_ws_simulink/build/catarob_interfaces'
/usr/bin/gmake  -f CMakeFiles/catarob_interfaces__rosidl_generator_py.dir/build.make CMakeFiles/catarob_interfaces__rosidl_generator_py.dir/build
gmake[2]: Entering directory '/home/mpilovm/ros2_ws_simulink/build/catarob_interfaces'
gmake[2]: Nothing to be done for 'CMakeFiles/catarob_interfaces__rosidl_generator_py.dir/build'.
gmake[2]: Leaving directory '/home/mpilovm/ros2_ws_simulink/build/catarob_interfaces'
[ 87%] Built target catarob_interfaces__rosidl_generator_py
/usr/bin/gmake  -f CMakeFiles/catarob_interfaces__rosidl_typesupport_fastrtps_c__pyext.dir/build.make CMakeFiles/catarob_interfaces__rosidl_typesupport_fastrtps_c__pyext.dir/depend
/usr/bin/gmake  -f CMakeFiles/catarob_interfaces__rosidl_typesupport_introspection_c__pyext.dir/build.make CMakeFiles/catarob_interfaces__rosidl_typesupport_introspection_c__pyext.dir/depend
gmake[2]: Entering directory '/home/mpilovm/ros2_ws_simulink/build/catarob_interfaces'
cd /home/mpilovm/ros2_ws_simulink/build/catarob_interfaces && /usr/bin/cmake -E cmake_depends "Unix Makefiles" /home/mpilovm/ros2_ws_simulink/src/catarob_interfaces /home/mpilovm/ros2_ws_simulink/src/catarob_interfaces /home/mpilovm/ros2_ws_simulink/build/catarob_interfaces /home/mpilovm/ros2_ws_simulink/build/catarob_interfaces /home/mpilovm/ros2_ws_simulink/build/catarob_interfaces/CMakeFiles/catarob_interfaces__rosidl_typesupport_fastrtps_c__pyext.dir/DependInfo.cmake --color=
gmake[2]: Entering directory '/home/mpilovm/ros2_ws_simulink/build/catarob_interfaces'
cd /home/mpilovm/ros2_ws_simulink/build/catarob_interfaces && /usr/bin/cmake -E cmake_depends "Unix Makefiles" /home/mpilovm/ros2_ws_simulink/src/catarob_interfaces /home/mpilovm/ros2_ws_simulink/src/catarob_interfaces /home/mpilovm/ros2_ws_simulink/build/catarob_interfaces /home/mpilovm/ros2_ws_simulink/build/catarob_interfaces /home/mpilovm/ros2_ws_simulink/build/catarob_interfaces/CMakeFiles/catarob_interfaces__rosidl_typesupport_introspection_c__pyext.dir/DependInfo.cmake --color=
/usr/bin/gmake  -f CMakeFiles/catarob_interfaces__rosidl_typesupport_c__pyext.dir/build.make CMakeFiles/catarob_interfaces__rosidl_typesupport_c__pyext.dir/depend
gmake[2]: Entering directory '/home/mpilovm/ros2_ws_simulink/build/catarob_interfaces'
cd /home/mpilovm/ros2_ws_simulink/build/catarob_interfaces && /usr/bin/cmake -E cmake_depends "Unix Makefiles" /home/mpilovm/ros2_ws_simulink/src/catarob_interfaces /home/mpilovm/ros2_ws_simulink/src/catarob_interfaces /home/mpilovm/ros2_ws_simulink/build/catarob_interfaces /home/mpilovm/ros2_ws_simulink/build/catarob_interfaces /home/mpilovm/ros2_ws_simulink/build/catarob_interfaces/CMakeFiles/catarob_interfaces__rosidl_typesupport_c__pyext.dir/DependInfo.cmake --color=
[35m[1mConsolidate compiler generated dependencies of target catarob_interfaces__rosidl_typesupport_fastrtps_c__pyext[0m
[35m[1mConsolidate compiler generated dependencies of target catarob_interfaces__rosidl_typesupport_introspection_c__pyext[0m
[35m[1mConsolidate compiler generated dependencies of target catarob_interfaces__rosidl_typesupport_c__pyext[0m
gmake[2]: Leaving directory '/home/mpilovm/ros2_ws_simulink/build/catarob_interfaces'
/usr/bin/gmake  -f CMakeFiles/catarob_interfaces__rosidl_typesupport_fastrtps_c__pyext.dir/build.make CMakeFiles/catarob_interfaces__rosidl_typesupport_fastrtps_c__pyext.dir/build
gmake[2]: Leaving directory '/home/mpilovm/ros2_ws_simulink/build/catarob_interfaces'
/usr/bin/gmake  -f CMakeFiles/catarob_interfaces__rosidl_typesupport_introspection_c__pyext.dir/build.make CMakeFiles/catarob_interfaces__rosidl_typesupport_introspection_c__pyext.dir/build
gmake[2]: Leaving directory '/home/mpilovm/ros2_ws_simulink/build/catarob_interfaces'
/usr/bin/gmake  -f CMakeFiles/catarob_interfaces__rosidl_typesupport_c__pyext.dir/build.make CMakeFiles/catarob_interfaces__rosidl_typesupport_c__pyext.dir/build
gmake[2]: Entering directory '/home/mpilovm/ros2_ws_simulink/build/catarob_interfaces'
gmake[2]: Nothing to be done for 'CMakeFiles/catarob_interfaces__rosidl_typesupport_introspection_c__pyext.dir/build'.
gmake[2]: Entering directory '/home/mpilovm/ros2_ws_simulink/build/catarob_interfaces'
gmake[2]: Nothing to be done for 'CMakeFiles/catarob_interfaces__rosidl_typesupport_fastrtps_c__pyext.dir/build'.
gmake[2]: Leaving directory '/home/mpilovm/ros2_ws_simulink/build/catarob_interfaces'
gmake[2]: Leaving directory '/home/mpilovm/ros2_ws_simulink/build/catarob_interfaces'
gmake[2]: Entering directory '/home/mpilovm/ros2_ws_simulink/build/catarob_interfaces'
gmake[2]: Nothing to be done for 'CMakeFiles/catarob_interfaces__rosidl_typesupport_c__pyext.dir/build'.
gmake[2]: Leaving directory '/home/mpilovm/ros2_ws_simulink/build/catarob_interfaces'
[ 91%] Built target catarob_interfaces__rosidl_typesupport_fastrtps_c__pyext
[ 95%] Built target catarob_interfaces__rosidl_typesupport_introspection_c__pyext
[100%] Built target catarob_interfaces__rosidl_typesupport_c__pyext
running egg_info
writing catarob_interfaces.egg-info/PKG-INFO
writing dependency_links to catarob_interfaces.egg-info/dependency_links.txt
writing top-level names to catarob_interfaces.egg-info/top_level.txt
reading manifest file 'catarob_interfaces.egg-info/SOURCES.txt'
writing manifest file 'catarob_interfaces.egg-info/SOURCES.txt'
gmake[2]: Leaving directory '/home/mpilovm/ros2_ws_simulink/build/catarob_interfaces'
[100%] Built target ament_cmake_python_build_catarob_interfaces_egg
gmake[1]: Leaving directory '/home/mpilovm/ros2_ws_simulink/build/catarob_interfaces'
/usr/bin/cmake -E cmake_progress_start /home/mpilovm/ros2_ws_simulink/build/catarob_interfaces/CMakeFiles 0
-- Install configuration: "Release"
-- Up-to-date: /home/mpilovm/ros2_ws_simulink/install/catarob_interfaces/share/ament_index/resource_index/rosidl_interfaces/catarob_interfaces
-- Up-to-date: /home/mpilovm/ros2_ws_simulink/install/catarob_interfaces/include/catarob_interfaces/catarob_interfaces
-- Up-to-date: /home/mpilovm/ros2_ws_simulink/install/catarob_interfaces/include/catarob_interfaces/catarob_interfaces/srv
-- Up-to-date: /home/mpilovm/ros2_ws_simulink/install/catarob_interfaces/include/catarob_interfaces/catarob_interfaces/srv/detail
-- Up-to-date: /home/mpilovm/ros2_ws_simulink/install/catarob_interfaces/include/catarob_interfaces/catarob_interfaces/srv/detail/toggle_props__functions.h
-- Up-to-date: /home/mpilovm/ros2_ws_simulink/install/catarob_interfaces/include/catarob_interfaces/catarob_interfaces/srv/detail/toggle_props__functions.c
-- Up-to-date: /home/mpilovm/ros2_ws_simulink/install/catarob_interfaces/include/catarob_interfaces/catarob_interfaces/srv/detail/toggle_props__struct.h
-- Up-to-date: /home/mpilovm/ros2_ws_simulink/install/catarob_interfaces/include/catarob_interfaces/catarob_interfaces/srv/detail/toggle_props__type_support.h
-- Up-to-date: /home/mpilovm/ros2_ws_simulink/install/catarob_interfaces/include/catarob_interfaces/catarob_interfaces/srv/toggle_props.h
-- Up-to-date: /home/mpilovm/ros2_ws_simulink/install/catarob_interfaces/include/catarob_interfaces/catarob_interfaces/msg
-- Up-to-date: /home/mpilovm/ros2_ws_simulink/install/catarob_interfaces/include/catarob_interfaces/catarob_interfaces/msg/detail
-- Up-to-date: /home/mpilovm/ros2_ws_simulink/install/catarob_interfaces/include/catarob_interfaces/catarob_interfaces/msg/detail/hull_status__functions.c
-- Up-to-date: /home/mpilovm/ros2_ws_simulink/install/catarob_interfaces/include/catarob_interfaces/catarob_interfaces/msg/detail/state_estimate__functions.h
-- Up-to-date: /home/mpilovm/ros2_ws_simulink/install/catarob_interfaces/include/catarob_interfaces/catarob_interfaces/msg/detail/state_estimate__type_support.h
-- Up-to-date: /home/mpilovm/ros2_ws_simulink/install/catarob_interfaces/include/catarob_interfaces/catarob_interfaces/msg/detail/state_estimate__functions.c
-- Up-to-date: /home/mpilovm/ros2_ws_simulink/install/catarob_interfaces/include/catarob_interfaces/catarob_interfaces/msg/detail/state_estimate__struct.h
-- Up-to-date: /home/mpilovm/ros2_ws_simulink/install/catarob_interfaces/include/catarob_interfaces/catarob_interfaces/msg/detail/hull_status__functions.h
-- Up-to-date: /home/mpilovm/ros2_ws_simulink/install/catarob_interfaces/include/catarob_interfaces/catarob_interfaces/msg/detail/hull_status__struct.h
-- Up-to-date: /home/mpilovm/ros2_ws_simulink/install/catarob_interfaces/include/catarob_interfaces/catarob_interfaces/msg/detail/hull_status__type_support.h
-- Up-to-date: /home/mpilovm/ros2_ws_simulink/install/catarob_interfaces/include/catarob_interfaces/catarob_interfaces/msg/hull_status.h
-- Up-to-date: /home/mpilovm/ros2_ws_simulink/install/catarob_interfaces/include/catarob_interfaces/catarob_interfaces/msg/rosidl_generator_c__visibility_control.h
-- Up-to-date: /home/mpilovm/ros2_ws_simulink/install/catarob_interfaces/include/catarob_interfaces/catarob_interfaces/msg/state_estimate.h
-- Up-to-date: /home/mpilovm/ros2_ws_simulink/install/catarob_interfaces/share/catarob_interfaces/environment/library_path.sh
-- Up-to-date: /home/mpilovm/ros2_ws_simulink/install/catarob_interfaces/share/catarob_interfaces/environment/library_path.dsv
-- Up-to-date: /home/mpilovm/ros2_ws_simulink/install/catarob_interfaces/lib/libcatarob_interfaces__rosidl_generator_c.so
-- Up-to-date: /home/mpilovm/ros2_ws_simulink/install/catarob_interfaces/include/catarob_interfaces/catarob_interfaces
-- Up-to-date: /home/mpilovm/ros2_ws_simulink/install/catarob_interfaces/include/catarob_interfaces/catarob_interfaces/srv
-- Up-to-date: /home/mpilovm/ros2_ws_simulink/install/catarob_interfaces/include/catarob_interfaces/catarob_interfaces/srv/detail
-- Up-to-date: /home/mpilovm/ros2_ws_simulink/install/catarob_interfaces/include/catarob_interfaces/catarob_interfaces/srv/detail/toggle_props__rosidl_typesupport_fastrtps_c.h
-- Up-to-date: /home/mpilovm/ros2_ws_simulink/install/catarob_interfaces/include/catarob_interfaces/catarob_interfaces/msg
-- Up-to-date: /home/mpilovm/ros2_ws_simulink/install/catarob_interfaces/include/catarob_interfaces/catarob_interfaces/msg/detail
-- Up-to-date: /home/mpilovm/ros2_ws_simulink/install/catarob_interfaces/include/catarob_interfaces/catarob_interfaces/msg/detail/state_estimate__rosidl_typesupport_fastrtps_c.h
-- Up-to-date: /home/mpilovm/ros2_ws_simulink/install/catarob_interfaces/include/catarob_interfaces/catarob_interfaces/msg/detail/hull_status__rosidl_typesupport_fastrtps_c.h
-- Up-to-date: /home/mpilovm/ros2_ws_simulink/install/catarob_interfaces/include/catarob_interfaces/catarob_interfaces/msg/rosidl_typesupport_fastrtps_c__visibility_control.h
-- Up-to-date: /home/mpilovm/ros2_ws_simulink/install/catarob_interfaces/lib/libcatarob_interfaces__rosidl_typesupport_fastrtps_c.so
-- Up-to-date: /home/mpilovm/ros2_ws_simulink/install/catarob_interfaces/include/catarob_interfaces/catarob_interfaces
-- Up-to-date: /home/mpilovm/ros2_ws_simulink/install/catarob_interfaces/include/catarob_interfaces/catarob_interfaces/srv
-- Up-to-date: /home/mpilovm/ros2_ws_simulink/install/catarob_interfaces/include/catarob_interfaces/catarob_interfaces/srv/detail
-- Up-to-date: /home/mpilovm/ros2_ws_simulink/install/catarob_interfaces/include/catarob_interfaces/catarob_interfaces/srv/detail/toggle_props__rosidl_typesupport_introspection_c.h
-- Up-to-date: /home/mpilovm/ros2_ws_simulink/install/catarob_interfaces/include/catarob_interfaces/catarob_interfaces/srv/detail/toggle_props__type_support.c
-- Up-to-date: /home/mpilovm/ros2_ws_simulink/install/catarob_interfaces/include/catarob_interfaces/catarob_interfaces/msg
-- Up-to-date: /home/mpilovm/ros2_ws_simulink/install/catarob_interfaces/include/catarob_interfaces/catarob_interfaces/msg/rosidl_typesupport_introspection_c__visibility_control.h
-- Up-to-date: /home/mpilovm/ros2_ws_simulink/install/catarob_interfaces/include/catarob_interfaces/catarob_interfaces/msg/detail
-- Up-to-date: /home/mpilovm/ros2_ws_simulink/install/catarob_interfaces/include/catarob_interfaces/catarob_interfaces/msg/detail/state_estimate__rosidl_typesupport_introspection_c.h
-- Up-to-date: /home/mpilovm/ros2_ws_simulink/install/catarob_interfaces/include/catarob_interfaces/catarob_interfaces/msg/detail/hull_status__type_support.c
-- Up-to-date: /home/mpilovm/ros2_ws_simulink/install/catarob_interfaces/include/catarob_interfaces/catarob_interfaces/msg/detail/state_estimate__type_support.c
-- Up-to-date: /home/mpilovm/ros2_ws_simulink/install/catarob_interfaces/include/catarob_interfaces/catarob_interfaces/msg/detail/hull_status__rosidl_typesupport_introspection_c.h
-- Up-to-date: /home/mpilovm/ros2_ws_simulink/install/catarob_interfaces/lib/libcatarob_interfaces__rosidl_typesupport_introspection_c.so
-- Up-to-date: /home/mpilovm/ros2_ws_simulink/install/catarob_interfaces/lib/libcatarob_interfaces__rosidl_typesupport_c.so
-- Up-to-date: /home/mpilovm/ros2_ws_simulink/install/catarob_interfaces/include/catarob_interfaces/catarob_interfaces
-- Up-to-date: /home/mpilovm/ros2_ws_simulink/install/catarob_interfaces/include/catarob_interfaces/catarob_interfaces/srv
-- Up-to-date: /home/mpilovm/ros2_ws_simulink/install/catarob_interfaces/include/catarob_interfaces/catarob_interfaces/srv/detail
-- Up-to-date: /home/mpilovm/ros2_ws_simulink/install/catarob_interfaces/include/catarob_interfaces/catarob_interfaces/srv/detail/toggle_props__traits.hpp
-- Up-to-date: /home/mpilovm/ros2_ws_simulink/install/catarob_interfaces/include/catarob_interfaces/catarob_interfaces/srv/detail/toggle_props__struct.hpp
-- Up-to-date: /home/mpilovm/ros2_ws_simulink/install/catarob_interfaces/include/catarob_interfaces/catarob_interfaces/srv/detail/toggle_props__builder.hpp
-- Up-to-date: /home/mpilovm/ros2_ws_simulink/install/catarob_interfaces/include/catarob_interfaces/catarob_interfaces/srv/toggle_props.hpp
-- Up-to-date: /home/mpilovm/ros2_ws_simulink/install/catarob_interfaces/include/catarob_interfaces/catarob_interfaces/msg
-- Up-to-date: /home/mpilovm/ros2_ws_simulink/install/catarob_interfaces/include/catarob_interfaces/catarob_interfaces/msg/detail
-- Up-to-date: /home/mpilovm/ros2_ws_simulink/install/catarob_interfaces/include/catarob_interfaces/catarob_interfaces/msg/detail/state_estimate__struct.hpp
-- Up-to-date: /home/mpilovm/ros2_ws_simulink/install/catarob_interfaces/include/catarob_interfaces/catarob_interfaces/msg/detail/state_estimate__builder.hpp
-- Up-to-date: /home/mpilovm/ros2_ws_simulink/install/catarob_interfaces/include/catarob_interfaces/catarob_interfaces/msg/detail/hull_status__builder.hpp
-- Up-to-date: /home/mpilovm/ros2_ws_simulink/install/catarob_interfaces/include/catarob_interfaces/catarob_interfaces/msg/detail/hull_status__struct.hpp
-- Up-to-date: /home/mpilovm/ros2_ws_simulink/install/catarob_interfaces/include/catarob_interfaces/catarob_interfaces/msg/detail/hull_status__traits.hpp
-- Up-to-date: /home/mpilovm/ros2_ws_simulink/install/catarob_interfaces/include/catarob_interfaces/catarob_interfaces/msg/detail/state_estimate__traits.hpp
-- Up-to-date: /home/mpilovm/ros2_ws_simulink/install/catarob_interfaces/include/catarob_interfaces/catarob_interfaces/msg/hull_status.hpp
-- Up-to-date: /home/mpilovm/ros2_ws_simulink/install/catarob_interfaces/include/catarob_interfaces/catarob_interfaces/msg/state_estimate.hpp
-- Up-to-date: /home/mpilovm/ros2_ws_simulink/install/catarob_interfaces/include/catarob_interfaces/catarob_interfaces
-- Up-to-date: /home/mpilovm/ros2_ws_simulink/install/catarob_interfaces/include/catarob_interfaces/catarob_interfaces/srv
-- Up-to-date: /home/mpilovm/ros2_ws_simulink/install/catarob_interfaces/include/catarob_interfaces/catarob_interfaces/srv/detail
-- Up-to-date: /home/mpilovm/ros2_ws_simulink/install/catarob_interfaces/include/catarob_interfaces/catarob_interfaces/srv/detail/toggle_props__rosidl_typesupport_fastrtps_cpp.hpp
-- Up-to-date: /home/mpilovm/ros2_ws_simulink/install/catarob_interfaces/include/catarob_interfaces/catarob_interfaces/srv/detail/dds_fastrtps
-- Up-to-date: /home/mpilovm/ros2_ws_simulink/install/catarob_interfaces/include/catarob_interfaces/catarob_interfaces/msg
-- Up-to-date: /home/mpilovm/ros2_ws_simulink/install/catarob_interfaces/include/catarob_interfaces/catarob_interfaces/msg/detail
-- Up-to-date: /home/mpilovm/ros2_ws_simulink/install/catarob_interfaces/include/catarob_interfaces/catarob_interfaces/msg/detail/dds_fastrtps
-- Up-to-date: /home/mpilovm/ros2_ws_simulink/install/catarob_interfaces/include/catarob_interfaces/catarob_interfaces/msg/detail/state_estimate__rosidl_typesupport_fastrtps_cpp.hpp
-- Up-to-date: /home/mpilovm/ros2_ws_simulink/install/catarob_interfaces/include/catarob_interfaces/catarob_interfaces/msg/detail/hull_status__rosidl_typesupport_fastrtps_cpp.hpp
-- Up-to-date: /home/mpilovm/ros2_ws_simulink/install/catarob_interfaces/include/catarob_interfaces/catarob_interfaces/msg/rosidl_typesupport_fastrtps_cpp__visibility_control.h
-- Up-to-date: /home/mpilovm/ros2_ws_simulink/install/catarob_interfaces/lib/libcatarob_interfaces__rosidl_typesupport_fastrtps_cpp.so
-- Up-to-date: /home/mpilovm/ros2_ws_simulink/install/catarob_interfaces/include/catarob_interfaces/catarob_interfaces
-- Up-to-date: /home/mpilovm/ros2_ws_simulink/install/catarob_interfaces/include/catarob_interfaces/catarob_interfaces/srv
-- Up-to-date: /home/mpilovm/ros2_ws_simulink/install/catarob_interfaces/include/catarob_interfaces/catarob_interfaces/srv/detail
-- Up-to-date: /home/mpilovm/ros2_ws_simulink/install/catarob_interfaces/include/catarob_interfaces/catarob_interfaces/srv/detail/toggle_props__rosidl_typesupport_introspection_cpp.hpp
-- Up-to-date: /home/mpilovm/ros2_ws_simulink/install/catarob_interfaces/include/catarob_interfaces/catarob_interfaces/srv/detail/toggle_props__type_support.cpp
-- Up-to-date: /home/mpilovm/ros2_ws_simulink/install/catarob_interfaces/include/catarob_interfaces/catarob_interfaces/msg
-- Up-to-date: /home/mpilovm/ros2_ws_simulink/install/catarob_interfaces/include/catarob_interfaces/catarob_interfaces/msg/detail
-- Up-to-date: /home/mpilovm/ros2_ws_simulink/install/catarob_interfaces/include/catarob_interfaces/catarob_interfaces/msg/detail/state_estimate__type_support.cpp
-- Up-to-date: /home/mpilovm/ros2_ws_simulink/install/catarob_interfaces/include/catarob_interfaces/catarob_interfaces/msg/detail/state_estimate__rosidl_typesupport_introspection_cpp.hpp
-- Up-to-date: /home/mpilovm/ros2_ws_simulink/install/catarob_interfaces/include/catarob_interfaces/catarob_interfaces/msg/detail/hull_status__type_support.cpp
-- Up-to-date: /home/mpilovm/ros2_ws_simulink/install/catarob_interfaces/include/catarob_interfaces/catarob_interfaces/msg/detail/hull_status__rosidl_typesupport_introspection_cpp.hpp
-- Up-to-date: /home/mpilovm/ros2_ws_simulink/install/catarob_interfaces/lib/libcatarob_interfaces__rosidl_typesupport_introspection_cpp.so
-- Up-to-date: /home/mpilovm/ros2_ws_simulink/install/catarob_interfaces/lib/libcatarob_interfaces__rosidl_typesupport_cpp.so
-- Up-to-date: /home/mpilovm/ros2_ws_simulink/install/catarob_interfaces/share/catarob_interfaces/environment/pythonpath.sh
-- Up-to-date: /home/mpilovm/ros2_ws_simulink/install/catarob_interfaces/share/catarob_interfaces/environment/pythonpath.dsv
-- Up-to-date: /home/mpilovm/ros2_ws_simulink/install/catarob_interfaces/local/lib/python3.10/dist-packages/catarob_interfaces-0.0.0-py3.10.egg-info
-- Installing: /home/mpilovm/ros2_ws_simulink/install/catarob_interfaces/local/lib/python3.10/dist-packages/catarob_interfaces-0.0.0-py3.10.egg-info/dependency_links.txt
-- Installing: /home/mpilovm/ros2_ws_simulink/install/catarob_interfaces/local/lib/python3.10/dist-packages/catarob_interfaces-0.0.0-py3.10.egg-info/PKG-INFO
-- Installing: /home/mpilovm/ros2_ws_simulink/install/catarob_interfaces/local/lib/python3.10/dist-packages/catarob_interfaces-0.0.0-py3.10.egg-info/SOURCES.txt
-- Installing: /home/mpilovm/ros2_ws_simulink/install/catarob_interfaces/local/lib/python3.10/dist-packages/catarob_interfaces-0.0.0-py3.10.egg-info/top_level.txt
-- Up-to-date: /home/mpilovm/ros2_ws_simulink/install/catarob_interfaces/local/lib/python3.10/dist-packages/catarob_interfaces
-- Up-to-date: /home/mpilovm/ros2_ws_simulink/install/catarob_interfaces/local/lib/python3.10/dist-packages/catarob_interfaces/libcatarob_interfaces__rosidl_generator_py.so
-- Up-to-date: /home/mpilovm/ros2_ws_simulink/install/catarob_interfaces/local/lib/python3.10/dist-packages/catarob_interfaces/_catarob_interfaces_s.ep.rosidl_typesupport_fastrtps_c.c
-- Up-to-date: /home/mpilovm/ros2_ws_simulink/install/catarob_interfaces/local/lib/python3.10/dist-packages/catarob_interfaces/catarob_interfaces_s__rosidl_typesupport_fastrtps_c.cpython-310-x86_64-linux-gnu.so
-- Up-to-date: /home/mpilovm/ros2_ws_simulink/install/catarob_interfaces/local/lib/python3.10/dist-packages/catarob_interfaces/srv
-- Up-to-date: /home/mpilovm/ros2_ws_simulink/install/catarob_interfaces/local/lib/python3.10/dist-packages/catarob_interfaces/srv/_toggle_props.py
-- Up-to-date: /home/mpilovm/ros2_ws_simulink/install/catarob_interfaces/local/lib/python3.10/dist-packages/catarob_interfaces/srv/__init__.py
-- Up-to-date: /home/mpilovm/ros2_ws_simulink/install/catarob_interfaces/local/lib/python3.10/dist-packages/catarob_interfaces/srv/_toggle_props_s.c
-- Up-to-date: /home/mpilovm/ros2_ws_simulink/install/catarob_interfaces/local/lib/python3.10/dist-packages/catarob_interfaces/catarob_interfaces_s__rosidl_typesupport_introspection_c.cpython-310-x86_64-linux-gnu.so
-- Up-to-date: /home/mpilovm/ros2_ws_simulink/install/catarob_interfaces/local/lib/python3.10/dist-packages/catarob_interfaces/msg
-- Up-to-date: /home/mpilovm/ros2_ws_simulink/install/catarob_interfaces/local/lib/python3.10/dist-packages/catarob_interfaces/msg/_state_estimate.py
-- Up-to-date: /home/mpilovm/ros2_ws_simulink/install/catarob_interfaces/local/lib/python3.10/dist-packages/catarob_interfaces/msg/_hull_status.py
-- Up-to-date: /home/mpilovm/ros2_ws_simulink/install/catarob_interfaces/local/lib/python3.10/dist-packages/catarob_interfaces/msg/_hull_status_s.c
-- Up-to-date: /home/mpilovm/ros2_ws_simulink/install/catarob_interfaces/local/lib/python3.10/dist-packages/catarob_interfaces/msg/_state_estimate_s.c
-- Up-to-date: /home/mpilovm/ros2_ws_simulink/install/catarob_interfaces/local/lib/python3.10/dist-packages/catarob_interfaces/msg/__init__.py
-- Up-to-date: /home/mpilovm/ros2_ws_simulink/install/catarob_interfaces/local/lib/python3.10/dist-packages/catarob_interfaces/_catarob_interfaces_s.ep.rosidl_typesupport_c.c
-- Up-to-date: /home/mpilovm/ros2_ws_simulink/install/catarob_interfaces/local/lib/python3.10/dist-packages/catarob_interfaces/__init__.py
-- Up-to-date: /home/mpilovm/ros2_ws_simulink/install/catarob_interfaces/local/lib/python3.10/dist-packages/catarob_interfaces/catarob_interfaces_s__rosidl_typesupport_c.cpython-310-x86_64-linux-gnu.so
-- Up-to-date: /home/mpilovm/ros2_ws_simulink/install/catarob_interfaces/local/lib/python3.10/dist-packages/catarob_interfaces/_catarob_interfaces_s.ep.rosidl_typesupport_introspection_c.c
Listing '/home/mpilovm/ros2_ws_simulink/install/catarob_interfaces/local/lib/python3.10/dist-packages/catarob_interfaces'...
Listing '/home/mpilovm/ros2_ws_simulink/install/catarob_interfaces/local/lib/python3.10/dist-packages/catarob_interfaces/msg'...
Listing '/home/mpilovm/ros2_ws_simulink/install/catarob_interfaces/local/lib/python3.10/dist-packages/catarob_interfaces/srv'...
-- Up-to-date: /home/mpilovm/ros2_ws_simulink/install/catarob_interfaces/local/lib/python3.10/dist-packages/catarob_interfaces/catarob_interfaces_s__rosidl_typesupport_fastrtps_c.cpython-310-x86_64-linux-gnu.so
-- Up-to-date: /home/mpilovm/ros2_ws_simulink/install/catarob_interfaces/local/lib/python3.10/dist-packages/catarob_interfaces/catarob_interfaces_s__rosidl_typesupport_introspection_c.cpython-310-x86_64-linux-gnu.so
-- Up-to-date: /home/mpilovm/ros2_ws_simulink/install/catarob_interfaces/local/lib/python3.10/dist-packages/catarob_interfaces/catarob_interfaces_s__rosidl_typesupport_c.cpython-310-x86_64-linux-gnu.so
-- Up-to-date: /home/mpilovm/ros2_ws_simulink/install/catarob_interfaces/lib/libcatarob_interfaces__rosidl_generator_py.so
-- Up-to-date: /home/mpilovm/ros2_ws_simulink/install/catarob_interfaces/share/catarob_interfaces/msg/HullStatus.idl
-- Up-to-date: /home/mpilovm/ros2_ws_simulink/install/catarob_interfaces/share/catarob_interfaces/msg/StateEstimate.idl
-- Up-to-date: /home/mpilovm/ros2_ws_simulink/install/catarob_interfaces/share/catarob_interfaces/srv/ToggleProps.idl
-- Up-to-date: /home/mpilovm/ros2_ws_simulink/install/catarob_interfaces/share/catarob_interfaces/msg/HullStatus.msg
-- Up-to-date: /home/mpilovm/ros2_ws_simulink/install/catarob_interfaces/share/catarob_interfaces/msg/StateEstimate.msg
-- Up-to-date: /home/mpilovm/ros2_ws_simulink/install/catarob_interfaces/share/catarob_interfaces/srv/ToggleProps.srv
-- Up-to-date: /home/mpilovm/ros2_ws_simulink/install/catarob_interfaces/share/catarob_interfaces/srv/ToggleProps_Request.msg
-- Up-to-date: /home/mpilovm/ros2_ws_simulink/install/catarob_interfaces/share/catarob_interfaces/srv/ToggleProps_Response.msg
-- Up-to-date: /home/mpilovm/ros2_ws_simulink/install/catarob_interfaces/share/ament_index/resource_index/package_run_dependencies/catarob_interfaces
-- Up-to-date: /home/mpilovm/ros2_ws_simulink/install/catarob_interfaces/share/ament_index/resource_index/parent_prefix_path/catarob_interfaces
-- Up-to-date: /home/mpilovm/ros2_ws_simulink/install/catarob_interfaces/share/catarob_interfaces/environment/ament_prefix_path.sh
-- Up-to-date: /home/mpilovm/ros2_ws_simulink/install/catarob_interfaces/share/catarob_interfaces/environment/ament_prefix_path.dsv
-- Up-to-date: /home/mpilovm/ros2_ws_simulink/install/catarob_interfaces/share/catarob_interfaces/environment/path.sh
-- Up-to-date: /home/mpilovm/ros2_ws_simulink/install/catarob_interfaces/share/catarob_interfaces/environment/path.dsv
-- Up-to-date: /home/mpilovm/ros2_ws_simulink/install/catarob_interfaces/share/catarob_interfaces/local_setup.bash
-- Up-to-date: /home/mpilovm/ros2_ws_simulink/install/catarob_interfaces/share/catarob_interfaces/local_setup.sh
-- Up-to-date: /home/mpilovm/ros2_ws_simulink/install/catarob_interfaces/share/catarob_interfaces/local_setup.zsh
-- Up-to-date: /home/mpilovm/ros2_ws_simulink/install/catarob_interfaces/share/catarob_interfaces/local_setup.dsv
-- Installing: /home/mpilovm/ros2_ws_simulink/install/catarob_interfaces/share/catarob_interfaces/package.dsv
-- Up-to-date: /home/mpilovm/ros2_ws_simulink/install/catarob_interfaces/share/ament_index/resource_index/packages/catarob_interfaces
-- Up-to-date: /home/mpilovm/ros2_ws_simulink/install/catarob_interfaces/share/catarob_interfaces/cmake/export_catarob_interfaces__rosidl_generator_cExport.cmake
-- Up-to-date: /home/mpilovm/ros2_ws_simulink/install/catarob_interfaces/share/catarob_interfaces/cmake/export_catarob_interfaces__rosidl_generator_cExport-release.cmake
-- Up-to-date: /home/mpilovm/ros2_ws_simulink/install/catarob_interfaces/share/catarob_interfaces/cmake/export_catarob_interfaces__rosidl_typesupport_fastrtps_cExport.cmake
-- Up-to-date: /home/mpilovm/ros2_ws_simulink/install/catarob_interfaces/share/catarob_interfaces/cmake/export_catarob_interfaces__rosidl_typesupport_fastrtps_cExport-release.cmake
-- Up-to-date: /home/mpilovm/ros2_ws_simulink/install/catarob_interfaces/share/catarob_interfaces/cmake/catarob_interfaces__rosidl_typesupport_introspection_cExport.cmake
-- Up-to-date: /home/mpilovm/ros2_ws_simulink/install/catarob_interfaces/share/catarob_interfaces/cmake/catarob_interfaces__rosidl_typesupport_introspection_cExport-release.cmake
-- Up-to-date: /home/mpilovm/ros2_ws_simulink/install/catarob_interfaces/share/catarob_interfaces/cmake/catarob_interfaces__rosidl_typesupport_cExport.cmake
-- Up-to-date: /home/mpilovm/ros2_ws_simulink/install/catarob_interfaces/share/catarob_interfaces/cmake/catarob_interfaces__rosidl_typesupport_cExport-release.cmake
-- Up-to-date: /home/mpilovm/ros2_ws_simulink/install/catarob_interfaces/share/catarob_interfaces/cmake/export_catarob_interfaces__rosidl_generator_cppExport.cmake
-- Up-to-date: /home/mpilovm/ros2_ws_simulink/install/catarob_interfaces/share/catarob_interfaces/cmake/export_catarob_interfaces__rosidl_typesupport_fastrtps_cppExport.cmake
-- Up-to-date: /home/mpilovm/ros2_ws_simulink/install/catarob_interfaces/share/catarob_interfaces/cmake/export_catarob_interfaces__rosidl_typesupport_fastrtps_cppExport-release.cmake
-- Up-to-date: /home/mpilovm/ros2_ws_simulink/install/catarob_interfaces/share/catarob_interfaces/cmake/catarob_interfaces__rosidl_typesupport_introspection_cppExport.cmake
-- Up-to-date: /home/mpilovm/ros2_ws_simulink/install/catarob_interfaces/share/catarob_interfaces/cmake/catarob_interfaces__rosidl_typesupport_introspection_cppExport-release.cmake
-- Up-to-date: /home/mpilovm/ros2_ws_simulink/install/catarob_interfaces/share/catarob_interfaces/cmake/catarob_interfaces__rosidl_typesupport_cppExport.cmake
-- Up-to-date: /home/mpilovm/ros2_ws_simulink/install/catarob_interfaces/share/catarob_interfaces/cmake/catarob_interfaces__rosidl_typesupport_cppExport-release.cmake
-- Up-to-date: /home/mpilovm/ros2_ws_simulink/install/catarob_interfaces/share/catarob_interfaces/cmake/export_catarob_interfaces__rosidl_generator_pyExport.cmake
-- Up-to-date: /home/mpilovm/ros2_ws_simulink/install/catarob_interfaces/share/catarob_interfaces/cmake/export_catarob_interfaces__rosidl_generator_pyExport-release.cmake
-- Up-to-date: /home/mpilovm/ros2_ws_simulink/install/catarob_interfaces/share/catarob_interfaces/cmake/rosidl_cmake-extras.cmake
-- Up-to-date: /home/mpilovm/ros2_ws_simulink/install/catarob_interfaces/share/catarob_interfaces/cmake/ament_cmake_export_dependencies-extras.cmake
-- Up-to-date: /home/mpilovm/ros2_ws_simulink/install/catarob_interfaces/share/catarob_interfaces/cmake/ament_cmake_export_include_directories-extras.cmake
-- Up-to-date: /home/mpilovm/ros2_ws_simulink/install/catarob_interfaces/share/catarob_interfaces/cmake/ament_cmake_export_libraries-extras.cmake
-- Up-to-date: /home/mpilovm/ros2_ws_simulink/install/catarob_interfaces/share/catarob_interfaces/cmake/ament_cmake_export_targets-extras.cmake
-- Up-to-date: /home/mpilovm/ros2_ws_simulink/install/catarob_interfaces/share/catarob_interfaces/cmake/rosidl_cmake_export_typesupport_targets-extras.cmake
-- Up-to-date: /home/mpilovm/ros2_ws_simulink/install/catarob_interfaces/share/catarob_interfaces/cmake/rosidl_cmake_export_typesupport_libraries-extras.cmake
-- Up-to-date: /home/mpilovm/ros2_ws_simulink/install/catarob_interfaces/share/catarob_interfaces/cmake/catarob_interfacesConfig.cmake
-- Up-to-date: /home/mpilovm/ros2_ws_simulink/install/catarob_interfaces/share/catarob_interfaces/cmake/catarob_interfacesConfig-version.cmake
-- Up-to-date: /home/mpilovm/ros2_ws_simulink/install/catarob_interfaces/share/catarob_interfaces/package.xml
