[0.012s] Invoking command in '/home/mpilovm/ros2_ws_simulink/build/catarob_interfaces': CMAKE_PREFIX_PATH=/home/mpilovm/ros2_ws/install/my_robot_controller:/opt/ros/humble /usr/bin/cmake --build /home/mpilovm/ros2_ws_simulink/build/catarob_interfaces -- -j4 -l4
[0.023s] /usr/bin/cmake -S/home/mpilovm/ros2_ws_simulink/src/catarob_interfaces -B/home/mpilovm/ros2_ws_simulink/build/catarob_interfaces --check-build-system CMakeFiles/Makefile.cmake 0
[0.035s] /usr/bin/cmake -E cmake_progress_start /home/mpilovm/ros2_ws_simulink/build/catarob_interfaces/CMakeFiles /home/mpilovm/ros2_ws_simulink/build/catarob_interfaces//CMakeFiles/progress.marks
[0.043s] /usr/bin/gmake  -f CMakeFiles/Makefile2 all
[0.044s] gmake[1]: Entering directory '/home/mpilovm/ros2_ws_simulink/build/catarob_interfaces'
[0.044s] /usr/bin/gmake  -f CMakeFiles/catarob_interfaces__cpp.dir/build.make CMakeFiles/catarob_interfaces__cpp.dir/depend
[0.044s] /usr/bin/gmake  -f CMakeFiles/catarob_interfaces__rosidl_generator_c.dir/build.make CMakeFiles/catarob_interfaces__rosidl_generator_c.dir/depend
[0.045s] /usr/bin/gmake  -f CMakeFiles/ament_cmake_python_copy_catarob_interfaces.dir/build.make CMakeFiles/ament_cmake_python_copy_catarob_interfaces.dir/depend
[0.046s] gmake[2]: Entering directory '/home/mpilovm/ros2_ws_simulink/build/catarob_interfaces'
[0.046s] cd /home/mpilovm/ros2_ws_simulink/build/catarob_interfaces && /usr/bin/cmake -E cmake_depends "Unix Makefiles" /home/mpilovm/ros2_ws_simulink/src/catarob_interfaces /home/mpilovm/ros2_ws_simulink/src/catarob_interfaces /home/mpilovm/ros2_ws_simulink/build/catarob_interfaces /home/mpilovm/ros2_ws_simulink/build/catarob_interfaces /home/mpilovm/ros2_ws_simulink/build/catarob_interfaces/CMakeFiles/catarob_interfaces__cpp.dir/DependInfo.cmake --color=
[0.046s] gmake[2]: Entering directory '/home/mpilovm/ros2_ws_simulink/build/catarob_interfaces'
[0.046s] gmake[2]: Entering directory '/home/mpilovm/ros2_ws_simulink/build/catarob_interfaces'
[0.046s] cd /home/mpilovm/ros2_ws_simulink/build/catarob_interfaces && /usr/bin/cmake -E cmake_depends "Unix Makefiles" /home/mpilovm/ros2_ws_simulink/src/catarob_interfaces /home/mpilovm/ros2_ws_simulink/src/catarob_interfaces /home/mpilovm/ros2_ws_simulink/build/catarob_interfaces /home/mpilovm/ros2_ws_simulink/build/catarob_interfaces /home/mpilovm/ros2_ws_simulink/build/catarob_interfaces/CMakeFiles/catarob_interfaces__rosidl_generator_c.dir/DependInfo.cmake --color=
[0.046s] cd /home/mpilovm/ros2_ws_simulink/build/catarob_interfaces && /usr/bin/cmake -E cmake_depends "Unix Makefiles" /home/mpilovm/ros2_ws_simulink/src/catarob_interfaces /home/mpilovm/ros2_ws_simulink/src/catarob_interfaces /home/mpilovm/ros2_ws_simulink/build/catarob_interfaces /home/mpilovm/ros2_ws_simulink/build/catarob_interfaces /home/mpilovm/ros2_ws_simulink/build/catarob_interfaces/CMakeFiles/ament_cmake_python_copy_catarob_interfaces.dir/DependInfo.cmake --color=
[0.055s] [35m[1mConsolidate compiler generated dependencies of target catarob_interfaces__rosidl_generator_c[0m
[0.056s] gmake[2]: Leaving directory '/home/mpilovm/ros2_ws_simulink/build/catarob_interfaces'
[0.056s] gmake[2]: Leaving directory '/home/mpilovm/ros2_ws_simulink/build/catarob_interfaces'
[0.056s] /usr/bin/gmake  -f CMakeFiles/catarob_interfaces__cpp.dir/build.make CMakeFiles/catarob_interfaces__cpp.dir/build
[0.057s] /usr/bin/gmake  -f CMakeFiles/ament_cmake_python_copy_catarob_interfaces.dir/build.make CMakeFiles/ament_cmake_python_copy_catarob_interfaces.dir/build
[0.057s] gmake[2]: Entering directory '/home/mpilovm/ros2_ws_simulink/build/catarob_interfaces'
[0.057s] /usr/bin/cmake -E copy_directory /home/mpilovm/ros2_ws_simulink/build/catarob_interfaces/rosidl_generator_py/catarob_interfaces /home/mpilovm/ros2_ws_simulink/build/catarob_interfaces/ament_cmake_python/catarob_interfaces/catarob_interfaces
[0.057s] gmake[2]: Leaving directory '/home/mpilovm/ros2_ws_simulink/build/catarob_interfaces'
[0.058s] /usr/bin/gmake  -f CMakeFiles/catarob_interfaces__rosidl_generator_c.dir/build.make CMakeFiles/catarob_interfaces__rosidl_generator_c.dir/build
[0.058s] gmake[2]: Entering directory '/home/mpilovm/ros2_ws_simulink/build/catarob_interfaces'
[0.058s] gmake[2]: Nothing to be done for 'CMakeFiles/catarob_interfaces__cpp.dir/build'.
[0.058s] gmake[2]: Leaving directory '/home/mpilovm/ros2_ws_simulink/build/catarob_interfaces'
[0.059s] gmake[2]: Entering directory '/home/mpilovm/ros2_ws_simulink/build/catarob_interfaces'
[0.059s] gmake[2]: Nothing to be done for 'CMakeFiles/catarob_interfaces__rosidl_generator_c.dir/build'.
[0.060s] gmake[2]: Leaving directory '/home/mpilovm/ros2_ws_simulink/build/catarob_interfaces'
[0.066s] [  2%] Built target catarob_interfaces__cpp
[0.067s] [ 12%] Built target catarob_interfaces__rosidl_generator_c
[0.067s] /usr/bin/gmake  -f CMakeFiles/catarob_interfaces__rosidl_typesupport_cpp.dir/build.make CMakeFiles/catarob_interfaces__rosidl_typesupport_cpp.dir/depend
[0.067s] /usr/bin/gmake  -f CMakeFiles/catarob_interfaces__rosidl_typesupport_fastrtps_cpp.dir/build.make CMakeFiles/catarob_interfaces__rosidl_typesupport_fastrtps_cpp.dir/depend
[0.067s] gmake[2]: Leaving directory '/home/mpilovm/ros2_ws_simulink/build/catarob_interfaces'
[0.068s] /usr/bin/gmake  -f CMakeFiles/catarob_interfaces__rosidl_typesupport_introspection_cpp.dir/build.make CMakeFiles/catarob_interfaces__rosidl_typesupport_introspection_cpp.dir/depend
[0.069s] gmake[2]: Entering directory '/home/mpilovm/ros2_ws_simulink/build/catarob_interfaces'
[0.069s] cd /home/mpilovm/ros2_ws_simulink/build/catarob_interfaces && /usr/bin/cmake -E cmake_depends "Unix Makefiles" /home/mpilovm/ros2_ws_simulink/src/catarob_interfaces /home/mpilovm/ros2_ws_simulink/src/catarob_interfaces /home/mpilovm/ros2_ws_simulink/build/catarob_interfaces /home/mpilovm/ros2_ws_simulink/build/catarob_interfaces /home/mpilovm/ros2_ws_simulink/build/catarob_interfaces/CMakeFiles/catarob_interfaces__rosidl_typesupport_cpp.dir/DependInfo.cmake --color=
[0.069s] gmake[2]: Entering directory '/home/mpilovm/ros2_ws_simulink/build/catarob_interfaces'
[0.069s] cd /home/mpilovm/ros2_ws_simulink/build/catarob_interfaces && /usr/bin/cmake -E cmake_depends "Unix Makefiles" /home/mpilovm/ros2_ws_simulink/src/catarob_interfaces /home/mpilovm/ros2_ws_simulink/src/catarob_interfaces /home/mpilovm/ros2_ws_simulink/build/catarob_interfaces /home/mpilovm/ros2_ws_simulink/build/catarob_interfaces /home/mpilovm/ros2_ws_simulink/build/catarob_interfaces/CMakeFiles/catarob_interfaces__rosidl_typesupport_fastrtps_cpp.dir/DependInfo.cmake --color=
[0.070s] gmake[2]: Entering directory '/home/mpilovm/ros2_ws_simulink/build/catarob_interfaces'
[0.070s] cd /home/mpilovm/ros2_ws_simulink/build/catarob_interfaces && /usr/bin/cmake -E cmake_depends "Unix Makefiles" /home/mpilovm/ros2_ws_simulink/src/catarob_interfaces /home/mpilovm/ros2_ws_simulink/src/catarob_interfaces /home/mpilovm/ros2_ws_simulink/build/catarob_interfaces /home/mpilovm/ros2_ws_simulink/build/catarob_interfaces /home/mpilovm/ros2_ws_simulink/build/catarob_interfaces/CMakeFiles/catarob_interfaces__rosidl_typesupport_introspection_cpp.dir/DependInfo.cmake --color=
[0.076s] [ 12%] Built target ament_cmake_python_copy_catarob_interfaces
[0.077s] /usr/bin/gmake  -f CMakeFiles/catarob_interfaces__rosidl_typesupport_fastrtps_c.dir/build.make CMakeFiles/catarob_interfaces__rosidl_typesupport_fastrtps_c.dir/depend
[0.079s] [35m[1mConsolidate compiler generated dependencies of target catarob_interfaces__rosidl_typesupport_cpp[0m
[0.079s] [35m[1mConsolidate compiler generated dependencies of target catarob_interfaces__rosidl_typesupport_fastrtps_cpp[0m
[0.079s] [35m[1mConsolidate compiler generated dependencies of target catarob_interfaces__rosidl_typesupport_introspection_cpp[0m
[0.079s] gmake[2]: Entering directory '/home/mpilovm/ros2_ws_simulink/build/catarob_interfaces'
[0.079s] cd /home/mpilovm/ros2_ws_simulink/build/catarob_interfaces && /usr/bin/cmake -E cmake_depends "Unix Makefiles" /home/mpilovm/ros2_ws_simulink/src/catarob_interfaces /home/mpilovm/ros2_ws_simulink/src/catarob_interfaces /home/mpilovm/ros2_ws_simulink/build/catarob_interfaces /home/mpilovm/ros2_ws_simulink/build/catarob_interfaces /home/mpilovm/ros2_ws_simulink/build/catarob_interfaces/CMakeFiles/catarob_interfaces__rosidl_typesupport_fastrtps_c.dir/DependInfo.cmake --color=
[0.082s] gmake[2]: Leaving directory '/home/mpilovm/ros2_ws_simulink/build/catarob_interfaces'
[0.082s] gmake[2]: Leaving directory '/home/mpilovm/ros2_ws_simulink/build/catarob_interfaces'
[0.082s] /usr/bin/gmake  -f CMakeFiles/catarob_interfaces__rosidl_typesupport_cpp.dir/build.make CMakeFiles/catarob_interfaces__rosidl_typesupport_cpp.dir/build
[0.082s] gmake[2]: Leaving directory '/home/mpilovm/ros2_ws_simulink/build/catarob_interfaces'
[0.082s] /usr/bin/gmake  -f CMakeFiles/catarob_interfaces__rosidl_typesupport_fastrtps_cpp.dir/build.make CMakeFiles/catarob_interfaces__rosidl_typesupport_fastrtps_cpp.dir/build
[0.085s] gmake[2]: Entering directory '/home/mpilovm/ros2_ws_simulink/build/catarob_interfaces'
[0.085s] gmake[2]: Nothing to be done for 'CMakeFiles/catarob_interfaces__rosidl_typesupport_cpp.dir/build'.
[0.085s] gmake[2]: Leaving directory '/home/mpilovm/ros2_ws_simulink/build/catarob_interfaces'
[0.085s] /usr/bin/gmake  -f CMakeFiles/catarob_interfaces__rosidl_typesupport_introspection_cpp.dir/build.make CMakeFiles/catarob_interfaces__rosidl_typesupport_introspection_cpp.dir/build
[0.086s] gmake[2]: Entering directory '/home/mpilovm/ros2_ws_simulink/build/catarob_interfaces'
[0.086s] gmake[2]: Nothing to be done for 'CMakeFiles/catarob_interfaces__rosidl_typesupport_fastrtps_cpp.dir/build'.
[0.086s] gmake[2]: Leaving directory '/home/mpilovm/ros2_ws_simulink/build/catarob_interfaces'
[0.089s] gmake[2]: Entering directory '/home/mpilovm/ros2_ws_simulink/build/catarob_interfaces'
[0.089s] gmake[2]: Nothing to be done for 'CMakeFiles/catarob_interfaces__rosidl_typesupport_introspection_cpp.dir/build'.
[0.089s] gmake[2]: Leaving directory '/home/mpilovm/ros2_ws_simulink/build/catarob_interfaces'
[0.090s] [35m[1mConsolidate compiler generated dependencies of target catarob_interfaces__rosidl_typesupport_fastrtps_c[0m
[0.094s] [ 23%] Built target catarob_interfaces__rosidl_typesupport_cpp
[0.094s] [ 34%] Built target catarob_interfaces__rosidl_typesupport_fastrtps_cpp
[0.094s] /usr/bin/gmake  -f CMakeFiles/catarob_interfaces__rosidl_typesupport_introspection_c.dir/build.make CMakeFiles/catarob_interfaces__rosidl_typesupport_introspection_c.dir/depend
[0.095s] gmake[2]: Leaving directory '/home/mpilovm/ros2_ws_simulink/build/catarob_interfaces'
[0.095s] /usr/bin/gmake  -f CMakeFiles/catarob_interfaces__rosidl_typesupport_fastrtps_c.dir/build.make CMakeFiles/catarob_interfaces__rosidl_typesupport_fastrtps_c.dir/build
[0.097s] /usr/bin/gmake  -f CMakeFiles/catarob_interfaces__rosidl_typesupport_c.dir/build.make CMakeFiles/catarob_interfaces__rosidl_typesupport_c.dir/depend
[0.097s] gmake[2]: Entering directory '/home/mpilovm/ros2_ws_simulink/build/catarob_interfaces'
[0.097s] cd /home/mpilovm/ros2_ws_simulink/build/catarob_interfaces && /usr/bin/cmake -E cmake_depends "Unix Makefiles" /home/mpilovm/ros2_ws_simulink/src/catarob_interfaces /home/mpilovm/ros2_ws_simulink/src/catarob_interfaces /home/mpilovm/ros2_ws_simulink/build/catarob_interfaces /home/mpilovm/ros2_ws_simulink/build/catarob_interfaces /home/mpilovm/ros2_ws_simulink/build/catarob_interfaces/CMakeFiles/catarob_interfaces__rosidl_typesupport_introspection_c.dir/DependInfo.cmake --color=
[0.098s] [ 44%] Built target catarob_interfaces__rosidl_typesupport_introspection_cpp
[0.098s] gmake[2]: Entering directory '/home/mpilovm/ros2_ws_simulink/build/catarob_interfaces'
[0.098s] cd /home/mpilovm/ros2_ws_simulink/build/catarob_interfaces && /usr/bin/cmake -E cmake_depends "Unix Makefiles" /home/mpilovm/ros2_ws_simulink/src/catarob_interfaces /home/mpilovm/ros2_ws_simulink/src/catarob_interfaces /home/mpilovm/ros2_ws_simulink/build/catarob_interfaces /home/mpilovm/ros2_ws_simulink/build/catarob_interfaces /home/mpilovm/ros2_ws_simulink/build/catarob_interfaces/CMakeFiles/catarob_interfaces__rosidl_typesupport_c.dir/DependInfo.cmake --color=
[0.098s] /usr/bin/gmake  -f CMakeFiles/ament_cmake_python_build_catarob_interfaces_egg.dir/build.make CMakeFiles/ament_cmake_python_build_catarob_interfaces_egg.dir/depend
[0.098s] gmake[2]: Entering directory '/home/mpilovm/ros2_ws_simulink/build/catarob_interfaces'
[0.098s] gmake[2]: Nothing to be done for 'CMakeFiles/catarob_interfaces__rosidl_typesupport_fastrtps_c.dir/build'.
[0.098s] gmake[2]: Leaving directory '/home/mpilovm/ros2_ws_simulink/build/catarob_interfaces'
[0.099s] gmake[2]: Entering directory '/home/mpilovm/ros2_ws_simulink/build/catarob_interfaces'
[0.099s] cd /home/mpilovm/ros2_ws_simulink/build/catarob_interfaces && /usr/bin/cmake -E cmake_depends "Unix Makefiles" /home/mpilovm/ros2_ws_simulink/src/catarob_interfaces /home/mpilovm/ros2_ws_simulink/src/catarob_interfaces /home/mpilovm/ros2_ws_simulink/build/catarob_interfaces /home/mpilovm/ros2_ws_simulink/build/catarob_interfaces /home/mpilovm/ros2_ws_simulink/build/catarob_interfaces/CMakeFiles/ament_cmake_python_build_catarob_interfaces_egg.dir/DependInfo.cmake --color=
[0.107s] [35m[1mConsolidate compiler generated dependencies of target catarob_interfaces__rosidl_typesupport_introspection_c[0m
[0.107s] [35m[1mConsolidate compiler generated dependencies of target catarob_interfaces__rosidl_typesupport_c[0m
[0.107s] [ 55%] Built target catarob_interfaces__rosidl_typesupport_fastrtps_c
[0.107s] gmake[2]: Leaving directory '/home/mpilovm/ros2_ws_simulink/build/catarob_interfaces'
[0.107s] gmake[2]: Leaving directory '/home/mpilovm/ros2_ws_simulink/build/catarob_interfaces'
[0.107s] /usr/bin/gmake  -f CMakeFiles/catarob_interfaces__rosidl_typesupport_introspection_c.dir/build.make CMakeFiles/catarob_interfaces__rosidl_typesupport_introspection_c.dir/build
[0.108s] gmake[2]: Leaving directory '/home/mpilovm/ros2_ws_simulink/build/catarob_interfaces'
[0.108s] /usr/bin/gmake  -f CMakeFiles/catarob_interfaces__rosidl_typesupport_c.dir/build.make CMakeFiles/catarob_interfaces__rosidl_typesupport_c.dir/build
[0.108s] /usr/bin/gmake  -f CMakeFiles/ament_cmake_python_build_catarob_interfaces_egg.dir/build.make CMakeFiles/ament_cmake_python_build_catarob_interfaces_egg.dir/build
[0.109s] gmake[2]: Entering directory '/home/mpilovm/ros2_ws_simulink/build/catarob_interfaces'
[0.109s] gmake[2]: Nothing to be done for 'CMakeFiles/catarob_interfaces__rosidl_typesupport_c.dir/build'.
[0.109s] gmake[2]: Leaving directory '/home/mpilovm/ros2_ws_simulink/build/catarob_interfaces'
[0.109s] gmake[2]: Entering directory '/home/mpilovm/ros2_ws_simulink/build/catarob_interfaces'
[0.109s] gmake[2]: Nothing to be done for 'CMakeFiles/catarob_interfaces__rosidl_typesupport_introspection_c.dir/build'.
[0.110s] gmake[2]: Leaving directory '/home/mpilovm/ros2_ws_simulink/build/catarob_interfaces'
[0.110s] gmake[2]: Entering directory '/home/mpilovm/ros2_ws_simulink/build/catarob_interfaces'
[0.110s] cd /home/mpilovm/ros2_ws_simulink/build/catarob_interfaces/ament_cmake_python/catarob_interfaces && /usr/bin/python3 setup.py egg_info
[0.118s] [ 65%] Built target catarob_interfaces__rosidl_typesupport_c
[0.119s] [ 76%] Built target catarob_interfaces__rosidl_typesupport_introspection_c
[0.119s] /usr/bin/gmake  -f CMakeFiles/catarob_interfaces.dir/build.make CMakeFiles/catarob_interfaces.dir/depend
[0.121s] gmake[2]: Entering directory '/home/mpilovm/ros2_ws_simulink/build/catarob_interfaces'
[0.121s] cd /home/mpilovm/ros2_ws_simulink/build/catarob_interfaces && /usr/bin/cmake -E cmake_depends "Unix Makefiles" /home/mpilovm/ros2_ws_simulink/src/catarob_interfaces /home/mpilovm/ros2_ws_simulink/src/catarob_interfaces /home/mpilovm/ros2_ws_simulink/build/catarob_interfaces /home/mpilovm/ros2_ws_simulink/build/catarob_interfaces /home/mpilovm/ros2_ws_simulink/build/catarob_interfaces/CMakeFiles/catarob_interfaces.dir/DependInfo.cmake --color=
[0.131s] gmake[2]: Leaving directory '/home/mpilovm/ros2_ws_simulink/build/catarob_interfaces'
[0.132s] /usr/bin/gmake  -f CMakeFiles/catarob_interfaces.dir/build.make CMakeFiles/catarob_interfaces.dir/build
[0.133s] gmake[2]: Entering directory '/home/mpilovm/ros2_ws_simulink/build/catarob_interfaces'
[0.133s] gmake[2]: Nothing to be done for 'CMakeFiles/catarob_interfaces.dir/build'.
[0.133s] gmake[2]: Leaving directory '/home/mpilovm/ros2_ws_simulink/build/catarob_interfaces'
[0.142s] [ 76%] Built target catarob_interfaces
[0.144s] /usr/bin/gmake  -f catarob_interfaces__py/CMakeFiles/catarob_interfaces__py.dir/build.make catarob_interfaces__py/CMakeFiles/catarob_interfaces__py.dir/depend
[0.145s] gmake[2]: Entering directory '/home/mpilovm/ros2_ws_simulink/build/catarob_interfaces'
[0.145s] cd /home/mpilovm/ros2_ws_simulink/build/catarob_interfaces && /usr/bin/cmake -E cmake_depends "Unix Makefiles" /home/mpilovm/ros2_ws_simulink/src/catarob_interfaces /home/mpilovm/ros2_ws_simulink/build/catarob_interfaces/catarob_interfaces__py /home/mpilovm/ros2_ws_simulink/build/catarob_interfaces /home/mpilovm/ros2_ws_simulink/build/catarob_interfaces/catarob_interfaces__py /home/mpilovm/ros2_ws_simulink/build/catarob_interfaces/catarob_interfaces__py/CMakeFiles/catarob_interfaces__py.dir/DependInfo.cmake --color=
[0.155s] gmake[2]: Leaving directory '/home/mpilovm/ros2_ws_simulink/build/catarob_interfaces'
[0.155s] /usr/bin/gmake  -f catarob_interfaces__py/CMakeFiles/catarob_interfaces__py.dir/build.make catarob_interfaces__py/CMakeFiles/catarob_interfaces__py.dir/build
[0.156s] gmake[2]: Entering directory '/home/mpilovm/ros2_ws_simulink/build/catarob_interfaces'
[0.156s] gmake[2]: Nothing to be done for 'catarob_interfaces__py/CMakeFiles/catarob_interfaces__py.dir/build'.
[0.156s] gmake[2]: Leaving directory '/home/mpilovm/ros2_ws_simulink/build/catarob_interfaces'
[0.165s] [ 78%] Built target catarob_interfaces__py
[0.167s] /usr/bin/gmake  -f CMakeFiles/catarob_interfaces__rosidl_generator_py.dir/build.make CMakeFiles/catarob_interfaces__rosidl_generator_py.dir/depend
[0.168s] gmake[2]: Entering directory '/home/mpilovm/ros2_ws_simulink/build/catarob_interfaces'
[0.168s] cd /home/mpilovm/ros2_ws_simulink/build/catarob_interfaces && /usr/bin/cmake -E cmake_depends "Unix Makefiles" /home/mpilovm/ros2_ws_simulink/src/catarob_interfaces /home/mpilovm/ros2_ws_simulink/src/catarob_interfaces /home/mpilovm/ros2_ws_simulink/build/catarob_interfaces /home/mpilovm/ros2_ws_simulink/build/catarob_interfaces /home/mpilovm/ros2_ws_simulink/build/catarob_interfaces/CMakeFiles/catarob_interfaces__rosidl_generator_py.dir/DependInfo.cmake --color=
[0.178s] [35m[1mConsolidate compiler generated dependencies of target catarob_interfaces__rosidl_generator_py[0m
[0.182s] gmake[2]: Leaving directory '/home/mpilovm/ros2_ws_simulink/build/catarob_interfaces'
[0.182s] /usr/bin/gmake  -f CMakeFiles/catarob_interfaces__rosidl_generator_py.dir/build.make CMakeFiles/catarob_interfaces__rosidl_generator_py.dir/build
[0.187s] gmake[2]: Entering directory '/home/mpilovm/ros2_ws_simulink/build/catarob_interfaces'
[0.187s] gmake[2]: Nothing to be done for 'CMakeFiles/catarob_interfaces__rosidl_generator_py.dir/build'.
[0.187s] gmake[2]: Leaving directory '/home/mpilovm/ros2_ws_simulink/build/catarob_interfaces'
[0.195s] [ 87%] Built target catarob_interfaces__rosidl_generator_py
[0.196s] /usr/bin/gmake  -f CMakeFiles/catarob_interfaces__rosidl_typesupport_fastrtps_c__pyext.dir/build.make CMakeFiles/catarob_interfaces__rosidl_typesupport_fastrtps_c__pyext.dir/depend
[0.196s] /usr/bin/gmake  -f CMakeFiles/catarob_interfaces__rosidl_typesupport_introspection_c__pyext.dir/build.make CMakeFiles/catarob_interfaces__rosidl_typesupport_introspection_c__pyext.dir/depend
[0.197s] gmake[2]: Entering directory '/home/mpilovm/ros2_ws_simulink/build/catarob_interfaces'
[0.197s] cd /home/mpilovm/ros2_ws_simulink/build/catarob_interfaces && /usr/bin/cmake -E cmake_depends "Unix Makefiles" /home/mpilovm/ros2_ws_simulink/src/catarob_interfaces /home/mpilovm/ros2_ws_simulink/src/catarob_interfaces /home/mpilovm/ros2_ws_simulink/build/catarob_interfaces /home/mpilovm/ros2_ws_simulink/build/catarob_interfaces /home/mpilovm/ros2_ws_simulink/build/catarob_interfaces/CMakeFiles/catarob_interfaces__rosidl_typesupport_fastrtps_c__pyext.dir/DependInfo.cmake --color=
[0.197s] gmake[2]: Entering directory '/home/mpilovm/ros2_ws_simulink/build/catarob_interfaces'
[0.197s] cd /home/mpilovm/ros2_ws_simulink/build/catarob_interfaces && /usr/bin/cmake -E cmake_depends "Unix Makefiles" /home/mpilovm/ros2_ws_simulink/src/catarob_interfaces /home/mpilovm/ros2_ws_simulink/src/catarob_interfaces /home/mpilovm/ros2_ws_simulink/build/catarob_interfaces /home/mpilovm/ros2_ws_simulink/build/catarob_interfaces /home/mpilovm/ros2_ws_simulink/build/catarob_interfaces/CMakeFiles/catarob_interfaces__rosidl_typesupport_introspection_c__pyext.dir/DependInfo.cmake --color=
[0.198s] /usr/bin/gmake  -f CMakeFiles/catarob_interfaces__rosidl_typesupport_c__pyext.dir/build.make CMakeFiles/catarob_interfaces__rosidl_typesupport_c__pyext.dir/depend
[0.201s] gmake[2]: Entering directory '/home/mpilovm/ros2_ws_simulink/build/catarob_interfaces'
[0.201s] cd /home/mpilovm/ros2_ws_simulink/build/catarob_interfaces && /usr/bin/cmake -E cmake_depends "Unix Makefiles" /home/mpilovm/ros2_ws_simulink/src/catarob_interfaces /home/mpilovm/ros2_ws_simulink/src/catarob_interfaces /home/mpilovm/ros2_ws_simulink/build/catarob_interfaces /home/mpilovm/ros2_ws_simulink/build/catarob_interfaces /home/mpilovm/ros2_ws_simulink/build/catarob_interfaces/CMakeFiles/catarob_interfaces__rosidl_typesupport_c__pyext.dir/DependInfo.cmake --color=
[0.207s] [35m[1mConsolidate compiler generated dependencies of target catarob_interfaces__rosidl_typesupport_fastrtps_c__pyext[0m
[0.207s] [35m[1mConsolidate compiler generated dependencies of target catarob_interfaces__rosidl_typesupport_introspection_c__pyext[0m
[0.208s] [35m[1mConsolidate compiler generated dependencies of target catarob_interfaces__rosidl_typesupport_c__pyext[0m
[0.208s] gmake[2]: Leaving directory '/home/mpilovm/ros2_ws_simulink/build/catarob_interfaces'
[0.209s] /usr/bin/gmake  -f CMakeFiles/catarob_interfaces__rosidl_typesupport_fastrtps_c__pyext.dir/build.make CMakeFiles/catarob_interfaces__rosidl_typesupport_fastrtps_c__pyext.dir/build
[0.209s] gmake[2]: Leaving directory '/home/mpilovm/ros2_ws_simulink/build/catarob_interfaces'
[0.209s] /usr/bin/gmake  -f CMakeFiles/catarob_interfaces__rosidl_typesupport_introspection_c__pyext.dir/build.make CMakeFiles/catarob_interfaces__rosidl_typesupport_introspection_c__pyext.dir/build
[0.211s] gmake[2]: Leaving directory '/home/mpilovm/ros2_ws_simulink/build/catarob_interfaces'
[0.211s] /usr/bin/gmake  -f CMakeFiles/catarob_interfaces__rosidl_typesupport_c__pyext.dir/build.make CMakeFiles/catarob_interfaces__rosidl_typesupport_c__pyext.dir/build
[0.211s] gmake[2]: Entering directory '/home/mpilovm/ros2_ws_simulink/build/catarob_interfaces'
[0.212s] gmake[2]: Nothing to be done for 'CMakeFiles/catarob_interfaces__rosidl_typesupport_introspection_c__pyext.dir/build'.
[0.212s] gmake[2]: Entering directory '/home/mpilovm/ros2_ws_simulink/build/catarob_interfaces'
[0.212s] gmake[2]: Nothing to be done for 'CMakeFiles/catarob_interfaces__rosidl_typesupport_fastrtps_c__pyext.dir/build'.
[0.212s] gmake[2]: Leaving directory '/home/mpilovm/ros2_ws_simulink/build/catarob_interfaces'
[0.212s] gmake[2]: Leaving directory '/home/mpilovm/ros2_ws_simulink/build/catarob_interfaces'
[0.214s] gmake[2]: Entering directory '/home/mpilovm/ros2_ws_simulink/build/catarob_interfaces'
[0.214s] gmake[2]: Nothing to be done for 'CMakeFiles/catarob_interfaces__rosidl_typesupport_c__pyext.dir/build'.
[0.214s] gmake[2]: Leaving directory '/home/mpilovm/ros2_ws_simulink/build/catarob_interfaces'
[0.222s] [ 91%] Built target catarob_interfaces__rosidl_typesupport_fastrtps_c__pyext
[0.222s] [ 95%] Built target catarob_interfaces__rosidl_typesupport_introspection_c__pyext
[0.222s] [100%] Built target catarob_interfaces__rosidl_typesupport_c__pyext
[0.359s] running egg_info
[0.360s] writing catarob_interfaces.egg-info/PKG-INFO
[0.360s] writing dependency_links to catarob_interfaces.egg-info/dependency_links.txt
[0.361s] writing top-level names to catarob_interfaces.egg-info/top_level.txt
[0.363s] reading manifest file 'catarob_interfaces.egg-info/SOURCES.txt'
[0.364s] writing manifest file 'catarob_interfaces.egg-info/SOURCES.txt'
[0.382s] gmake[2]: Leaving directory '/home/mpilovm/ros2_ws_simulink/build/catarob_interfaces'
[0.390s] [100%] Built target ament_cmake_python_build_catarob_interfaces_egg
[0.391s] gmake[1]: Leaving directory '/home/mpilovm/ros2_ws_simulink/build/catarob_interfaces'
[0.391s] /usr/bin/cmake -E cmake_progress_start /home/mpilovm/ros2_ws_simulink/build/catarob_interfaces/CMakeFiles 0
[0.402s] Invoked command in '/home/mpilovm/ros2_ws_simulink/build/catarob_interfaces' returned '0': CMAKE_PREFIX_PATH=/home/mpilovm/ros2_ws/install/my_robot_controller:/opt/ros/humble /usr/bin/cmake --build /home/mpilovm/ros2_ws_simulink/build/catarob_interfaces -- -j4 -l4
[0.508s] Invoking command in '/home/mpilovm/ros2_ws_simulink/build/catarob_interfaces': CMAKE_PREFIX_PATH=/home/mpilovm/ros2_ws/install/my_robot_controller:/opt/ros/humble /usr/bin/cmake --install /home/mpilovm/ros2_ws_simulink/build/catarob_interfaces
[0.516s] -- Install configuration: "Release"
[0.516s] -- Up-to-date: /home/mpilovm/ros2_ws_simulink/install/catarob_interfaces/share/ament_index/resource_index/rosidl_interfaces/catarob_interfaces
[0.516s] -- Up-to-date: /home/mpilovm/ros2_ws_simulink/install/catarob_interfaces/include/catarob_interfaces/catarob_interfaces
[0.516s] -- Up-to-date: /home/mpilovm/ros2_ws_simulink/install/catarob_interfaces/include/catarob_interfaces/catarob_interfaces/srv
[0.516s] -- Up-to-date: /home/mpilovm/ros2_ws_simulink/install/catarob_interfaces/include/catarob_interfaces/catarob_interfaces/srv/detail
[0.517s] -- Up-to-date: /home/mpilovm/ros2_ws_simulink/install/catarob_interfaces/include/catarob_interfaces/catarob_interfaces/srv/detail/toggle_props__functions.h
[0.517s] -- Up-to-date: /home/mpilovm/ros2_ws_simulink/install/catarob_interfaces/include/catarob_interfaces/catarob_interfaces/srv/detail/toggle_props__functions.c
[0.517s] -- Up-to-date: /home/mpilovm/ros2_ws_simulink/install/catarob_interfaces/include/catarob_interfaces/catarob_interfaces/srv/detail/toggle_props__struct.h
[0.517s] -- Up-to-date: /home/mpilovm/ros2_ws_simulink/install/catarob_interfaces/include/catarob_interfaces/catarob_interfaces/srv/detail/toggle_props__type_support.h
[0.517s] -- Up-to-date: /home/mpilovm/ros2_ws_simulink/install/catarob_interfaces/include/catarob_interfaces/catarob_interfaces/srv/toggle_props.h
[0.517s] -- Up-to-date: /home/mpilovm/ros2_ws_simulink/install/catarob_interfaces/include/catarob_interfaces/catarob_interfaces/msg
[0.517s] -- Up-to-date: /home/mpilovm/ros2_ws_simulink/install/catarob_interfaces/include/catarob_interfaces/catarob_interfaces/msg/detail
[0.517s] -- Up-to-date: /home/mpilovm/ros2_ws_simulink/install/catarob_interfaces/include/catarob_interfaces/catarob_interfaces/msg/detail/hull_status__functions.c
[0.517s] -- Up-to-date: /home/mpilovm/ros2_ws_simulink/install/catarob_interfaces/include/catarob_interfaces/catarob_interfaces/msg/detail/state_estimate__functions.h
[0.517s] -- Up-to-date: /home/mpilovm/ros2_ws_simulink/install/catarob_interfaces/include/catarob_interfaces/catarob_interfaces/msg/detail/state_estimate__type_support.h
[0.518s] -- Up-to-date: /home/mpilovm/ros2_ws_simulink/install/catarob_interfaces/include/catarob_interfaces/catarob_interfaces/msg/detail/state_estimate__functions.c
[0.518s] -- Up-to-date: /home/mpilovm/ros2_ws_simulink/install/catarob_interfaces/include/catarob_interfaces/catarob_interfaces/msg/detail/state_estimate__struct.h
[0.518s] -- Up-to-date: /home/mpilovm/ros2_ws_simulink/install/catarob_interfaces/include/catarob_interfaces/catarob_interfaces/msg/detail/hull_status__functions.h
[0.518s] -- Up-to-date: /home/mpilovm/ros2_ws_simulink/install/catarob_interfaces/include/catarob_interfaces/catarob_interfaces/msg/detail/hull_status__struct.h
[0.518s] -- Up-to-date: /home/mpilovm/ros2_ws_simulink/install/catarob_interfaces/include/catarob_interfaces/catarob_interfaces/msg/detail/hull_status__type_support.h
[0.518s] -- Up-to-date: /home/mpilovm/ros2_ws_simulink/install/catarob_interfaces/include/catarob_interfaces/catarob_interfaces/msg/hull_status.h
[0.518s] -- Up-to-date: /home/mpilovm/ros2_ws_simulink/install/catarob_interfaces/include/catarob_interfaces/catarob_interfaces/msg/rosidl_generator_c__visibility_control.h
[0.518s] -- Up-to-date: /home/mpilovm/ros2_ws_simulink/install/catarob_interfaces/include/catarob_interfaces/catarob_interfaces/msg/state_estimate.h
[0.519s] -- Up-to-date: /home/mpilovm/ros2_ws_simulink/install/catarob_interfaces/share/catarob_interfaces/environment/library_path.sh
[0.519s] -- Up-to-date: /home/mpilovm/ros2_ws_simulink/install/catarob_interfaces/share/catarob_interfaces/environment/library_path.dsv
[0.519s] -- Up-to-date: /home/mpilovm/ros2_ws_simulink/install/catarob_interfaces/lib/libcatarob_interfaces__rosidl_generator_c.so
[0.519s] -- Up-to-date: /home/mpilovm/ros2_ws_simulink/install/catarob_interfaces/include/catarob_interfaces/catarob_interfaces
[0.519s] -- Up-to-date: /home/mpilovm/ros2_ws_simulink/install/catarob_interfaces/include/catarob_interfaces/catarob_interfaces/srv
[0.519s] -- Up-to-date: /home/mpilovm/ros2_ws_simulink/install/catarob_interfaces/include/catarob_interfaces/catarob_interfaces/srv/detail
[0.519s] -- Up-to-date: /home/mpilovm/ros2_ws_simulink/install/catarob_interfaces/include/catarob_interfaces/catarob_interfaces/srv/detail/toggle_props__rosidl_typesupport_fastrtps_c.h
[0.519s] -- Up-to-date: /home/mpilovm/ros2_ws_simulink/install/catarob_interfaces/include/catarob_interfaces/catarob_interfaces/msg
[0.519s] -- Up-to-date: /home/mpilovm/ros2_ws_simulink/install/catarob_interfaces/include/catarob_interfaces/catarob_interfaces/msg/detail
[0.519s] -- Up-to-date: /home/mpilovm/ros2_ws_simulink/install/catarob_interfaces/include/catarob_interfaces/catarob_interfaces/msg/detail/state_estimate__rosidl_typesupport_fastrtps_c.h
[0.519s] -- Up-to-date: /home/mpilovm/ros2_ws_simulink/install/catarob_interfaces/include/catarob_interfaces/catarob_interfaces/msg/detail/hull_status__rosidl_typesupport_fastrtps_c.h
[0.520s] -- Up-to-date: /home/mpilovm/ros2_ws_simulink/install/catarob_interfaces/include/catarob_interfaces/catarob_interfaces/msg/rosidl_typesupport_fastrtps_c__visibility_control.h
[0.520s] -- Up-to-date: /home/mpilovm/ros2_ws_simulink/install/catarob_interfaces/lib/libcatarob_interfaces__rosidl_typesupport_fastrtps_c.so
[0.520s] -- Up-to-date: /home/mpilovm/ros2_ws_simulink/install/catarob_interfaces/include/catarob_interfaces/catarob_interfaces
[0.520s] -- Up-to-date: /home/mpilovm/ros2_ws_simulink/install/catarob_interfaces/include/catarob_interfaces/catarob_interfaces/srv
[0.520s] -- Up-to-date: /home/mpilovm/ros2_ws_simulink/install/catarob_interfaces/include/catarob_interfaces/catarob_interfaces/srv/detail
[0.520s] -- Up-to-date: /home/mpilovm/ros2_ws_simulink/install/catarob_interfaces/include/catarob_interfaces/catarob_interfaces/srv/detail/toggle_props__rosidl_typesupport_introspection_c.h
[0.520s] -- Up-to-date: /home/mpilovm/ros2_ws_simulink/install/catarob_interfaces/include/catarob_interfaces/catarob_interfaces/srv/detail/toggle_props__type_support.c
[0.520s] -- Up-to-date: /home/mpilovm/ros2_ws_simulink/install/catarob_interfaces/include/catarob_interfaces/catarob_interfaces/msg
[0.520s] -- Up-to-date: /home/mpilovm/ros2_ws_simulink/install/catarob_interfaces/include/catarob_interfaces/catarob_interfaces/msg/rosidl_typesupport_introspection_c__visibility_control.h
[0.520s] -- Up-to-date: /home/mpilovm/ros2_ws_simulink/install/catarob_interfaces/include/catarob_interfaces/catarob_interfaces/msg/detail
[0.521s] -- Up-to-date: /home/mpilovm/ros2_ws_simulink/install/catarob_interfaces/include/catarob_interfaces/catarob_interfaces/msg/detail/state_estimate__rosidl_typesupport_introspection_c.h
[0.521s] -- Up-to-date: /home/mpilovm/ros2_ws_simulink/install/catarob_interfaces/include/catarob_interfaces/catarob_interfaces/msg/detail/hull_status__type_support.c
[0.521s] -- Up-to-date: /home/mpilovm/ros2_ws_simulink/install/catarob_interfaces/include/catarob_interfaces/catarob_interfaces/msg/detail/state_estimate__type_support.c
[0.521s] -- Up-to-date: /home/mpilovm/ros2_ws_simulink/install/catarob_interfaces/include/catarob_interfaces/catarob_interfaces/msg/detail/hull_status__rosidl_typesupport_introspection_c.h
[0.521s] -- Up-to-date: /home/mpilovm/ros2_ws_simulink/install/catarob_interfaces/lib/libcatarob_interfaces__rosidl_typesupport_introspection_c.so
[0.521s] -- Up-to-date: /home/mpilovm/ros2_ws_simulink/install/catarob_interfaces/lib/libcatarob_interfaces__rosidl_typesupport_c.so
[0.521s] -- Up-to-date: /home/mpilovm/ros2_ws_simulink/install/catarob_interfaces/include/catarob_interfaces/catarob_interfaces
[0.521s] -- Up-to-date: /home/mpilovm/ros2_ws_simulink/install/catarob_interfaces/include/catarob_interfaces/catarob_interfaces/srv
[0.521s] -- Up-to-date: /home/mpilovm/ros2_ws_simulink/install/catarob_interfaces/include/catarob_interfaces/catarob_interfaces/srv/detail
[0.521s] -- Up-to-date: /home/mpilovm/ros2_ws_simulink/install/catarob_interfaces/include/catarob_interfaces/catarob_interfaces/srv/detail/toggle_props__traits.hpp
[0.521s] -- Up-to-date: /home/mpilovm/ros2_ws_simulink/install/catarob_interfaces/include/catarob_interfaces/catarob_interfaces/srv/detail/toggle_props__struct.hpp
[0.521s] -- Up-to-date: /home/mpilovm/ros2_ws_simulink/install/catarob_interfaces/include/catarob_interfaces/catarob_interfaces/srv/detail/toggle_props__builder.hpp
[0.522s] -- Up-to-date: /home/mpilovm/ros2_ws_simulink/install/catarob_interfaces/include/catarob_interfaces/catarob_interfaces/srv/toggle_props.hpp
[0.522s] -- Up-to-date: /home/mpilovm/ros2_ws_simulink/install/catarob_interfaces/include/catarob_interfaces/catarob_interfaces/msg
[0.522s] -- Up-to-date: /home/mpilovm/ros2_ws_simulink/install/catarob_interfaces/include/catarob_interfaces/catarob_interfaces/msg/detail
[0.522s] -- Up-to-date: /home/mpilovm/ros2_ws_simulink/install/catarob_interfaces/include/catarob_interfaces/catarob_interfaces/msg/detail/state_estimate__struct.hpp
[0.522s] -- Up-to-date: /home/mpilovm/ros2_ws_simulink/install/catarob_interfaces/include/catarob_interfaces/catarob_interfaces/msg/detail/state_estimate__builder.hpp
[0.522s] -- Up-to-date: /home/mpilovm/ros2_ws_simulink/install/catarob_interfaces/include/catarob_interfaces/catarob_interfaces/msg/detail/hull_status__builder.hpp
[0.522s] -- Up-to-date: /home/mpilovm/ros2_ws_simulink/install/catarob_interfaces/include/catarob_interfaces/catarob_interfaces/msg/detail/hull_status__struct.hpp
[0.522s] -- Up-to-date: /home/mpilovm/ros2_ws_simulink/install/catarob_interfaces/include/catarob_interfaces/catarob_interfaces/msg/detail/hull_status__traits.hpp
[0.522s] -- Up-to-date: /home/mpilovm/ros2_ws_simulink/install/catarob_interfaces/include/catarob_interfaces/catarob_interfaces/msg/detail/state_estimate__traits.hpp
[0.522s] -- Up-to-date: /home/mpilovm/ros2_ws_simulink/install/catarob_interfaces/include/catarob_interfaces/catarob_interfaces/msg/hull_status.hpp
[0.522s] -- Up-to-date: /home/mpilovm/ros2_ws_simulink/install/catarob_interfaces/include/catarob_interfaces/catarob_interfaces/msg/state_estimate.hpp
[0.522s] -- Up-to-date: /home/mpilovm/ros2_ws_simulink/install/catarob_interfaces/include/catarob_interfaces/catarob_interfaces
[0.522s] -- Up-to-date: /home/mpilovm/ros2_ws_simulink/install/catarob_interfaces/include/catarob_interfaces/catarob_interfaces/srv
[0.522s] -- Up-to-date: /home/mpilovm/ros2_ws_simulink/install/catarob_interfaces/include/catarob_interfaces/catarob_interfaces/srv/detail
[0.522s] -- Up-to-date: /home/mpilovm/ros2_ws_simulink/install/catarob_interfaces/include/catarob_interfaces/catarob_interfaces/srv/detail/toggle_props__rosidl_typesupport_fastrtps_cpp.hpp
[0.522s] -- Up-to-date: /home/mpilovm/ros2_ws_simulink/install/catarob_interfaces/include/catarob_interfaces/catarob_interfaces/srv/detail/dds_fastrtps
[0.522s] -- Up-to-date: /home/mpilovm/ros2_ws_simulink/install/catarob_interfaces/include/catarob_interfaces/catarob_interfaces/msg
[0.522s] -- Up-to-date: /home/mpilovm/ros2_ws_simulink/install/catarob_interfaces/include/catarob_interfaces/catarob_interfaces/msg/detail
[0.523s] -- Up-to-date: /home/mpilovm/ros2_ws_simulink/install/catarob_interfaces/include/catarob_interfaces/catarob_interfaces/msg/detail/dds_fastrtps
[0.523s] -- Up-to-date: /home/mpilovm/ros2_ws_simulink/install/catarob_interfaces/include/catarob_interfaces/catarob_interfaces/msg/detail/state_estimate__rosidl_typesupport_fastrtps_cpp.hpp
[0.523s] -- Up-to-date: /home/mpilovm/ros2_ws_simulink/install/catarob_interfaces/include/catarob_interfaces/catarob_interfaces/msg/detail/hull_status__rosidl_typesupport_fastrtps_cpp.hpp
[0.523s] -- Up-to-date: /home/mpilovm/ros2_ws_simulink/install/catarob_interfaces/include/catarob_interfaces/catarob_interfaces/msg/rosidl_typesupport_fastrtps_cpp__visibility_control.h
[0.523s] -- Up-to-date: /home/mpilovm/ros2_ws_simulink/install/catarob_interfaces/lib/libcatarob_interfaces__rosidl_typesupport_fastrtps_cpp.so
[0.523s] -- Up-to-date: /home/mpilovm/ros2_ws_simulink/install/catarob_interfaces/include/catarob_interfaces/catarob_interfaces
[0.523s] -- Up-to-date: /home/mpilovm/ros2_ws_simulink/install/catarob_interfaces/include/catarob_interfaces/catarob_interfaces/srv
[0.523s] -- Up-to-date: /home/mpilovm/ros2_ws_simulink/install/catarob_interfaces/include/catarob_interfaces/catarob_interfaces/srv/detail
[0.523s] -- Up-to-date: /home/mpilovm/ros2_ws_simulink/install/catarob_interfaces/include/catarob_interfaces/catarob_interfaces/srv/detail/toggle_props__rosidl_typesupport_introspection_cpp.hpp
[0.523s] -- Up-to-date: /home/mpilovm/ros2_ws_simulink/install/catarob_interfaces/include/catarob_interfaces/catarob_interfaces/srv/detail/toggle_props__type_support.cpp
[0.523s] -- Up-to-date: /home/mpilovm/ros2_ws_simulink/install/catarob_interfaces/include/catarob_interfaces/catarob_interfaces/msg
[0.523s] -- Up-to-date: /home/mpilovm/ros2_ws_simulink/install/catarob_interfaces/include/catarob_interfaces/catarob_interfaces/msg/detail
[0.523s] -- Up-to-date: /home/mpilovm/ros2_ws_simulink/install/catarob_interfaces/include/catarob_interfaces/catarob_interfaces/msg/detail/state_estimate__type_support.cpp
[0.523s] -- Up-to-date: /home/mpilovm/ros2_ws_simulink/install/catarob_interfaces/include/catarob_interfaces/catarob_interfaces/msg/detail/state_estimate__rosidl_typesupport_introspection_cpp.hpp
[0.523s] -- Up-to-date: /home/mpilovm/ros2_ws_simulink/install/catarob_interfaces/include/catarob_interfaces/catarob_interfaces/msg/detail/hull_status__type_support.cpp
[0.524s] -- Up-to-date: /home/mpilovm/ros2_ws_simulink/install/catarob_interfaces/include/catarob_interfaces/catarob_interfaces/msg/detail/hull_status__rosidl_typesupport_introspection_cpp.hpp
[0.524s] -- Up-to-date: /home/mpilovm/ros2_ws_simulink/install/catarob_interfaces/lib/libcatarob_interfaces__rosidl_typesupport_introspection_cpp.so
[0.524s] -- Up-to-date: /home/mpilovm/ros2_ws_simulink/install/catarob_interfaces/lib/libcatarob_interfaces__rosidl_typesupport_cpp.so
[0.524s] -- Up-to-date: /home/mpilovm/ros2_ws_simulink/install/catarob_interfaces/share/catarob_interfaces/environment/pythonpath.sh
[0.524s] -- Up-to-date: /home/mpilovm/ros2_ws_simulink/install/catarob_interfaces/share/catarob_interfaces/environment/pythonpath.dsv
[0.524s] -- Up-to-date: /home/mpilovm/ros2_ws_simulink/install/catarob_interfaces/local/lib/python3.10/dist-packages/catarob_interfaces-0.0.0-py3.10.egg-info
[0.524s] -- Installing: /home/mpilovm/ros2_ws_simulink/install/catarob_interfaces/local/lib/python3.10/dist-packages/catarob_interfaces-0.0.0-py3.10.egg-info/dependency_links.txt
[0.524s] -- Installing: /home/mpilovm/ros2_ws_simulink/install/catarob_interfaces/local/lib/python3.10/dist-packages/catarob_interfaces-0.0.0-py3.10.egg-info/PKG-INFO
[0.524s] -- Installing: /home/mpilovm/ros2_ws_simulink/install/catarob_interfaces/local/lib/python3.10/dist-packages/catarob_interfaces-0.0.0-py3.10.egg-info/SOURCES.txt
[0.524s] -- Installing: /home/mpilovm/ros2_ws_simulink/install/catarob_interfaces/local/lib/python3.10/dist-packages/catarob_interfaces-0.0.0-py3.10.egg-info/top_level.txt
[0.524s] -- Up-to-date: /home/mpilovm/ros2_ws_simulink/install/catarob_interfaces/local/lib/python3.10/dist-packages/catarob_interfaces
[0.524s] -- Up-to-date: /home/mpilovm/ros2_ws_simulink/install/catarob_interfaces/local/lib/python3.10/dist-packages/catarob_interfaces/libcatarob_interfaces__rosidl_generator_py.so
[0.524s] -- Up-to-date: /home/mpilovm/ros2_ws_simulink/install/catarob_interfaces/local/lib/python3.10/dist-packages/catarob_interfaces/_catarob_interfaces_s.ep.rosidl_typesupport_fastrtps_c.c
[0.524s] -- Up-to-date: /home/mpilovm/ros2_ws_simulink/install/catarob_interfaces/local/lib/python3.10/dist-packages/catarob_interfaces/catarob_interfaces_s__rosidl_typesupport_fastrtps_c.cpython-310-x86_64-linux-gnu.so
[0.524s] -- Up-to-date: /home/mpilovm/ros2_ws_simulink/install/catarob_interfaces/local/lib/python3.10/dist-packages/catarob_interfaces/srv
[0.525s] -- Up-to-date: /home/mpilovm/ros2_ws_simulink/install/catarob_interfaces/local/lib/python3.10/dist-packages/catarob_interfaces/srv/_toggle_props.py
[0.525s] -- Up-to-date: /home/mpilovm/ros2_ws_simulink/install/catarob_interfaces/local/lib/python3.10/dist-packages/catarob_interfaces/srv/__init__.py
[0.525s] -- Up-to-date: /home/mpilovm/ros2_ws_simulink/install/catarob_interfaces/local/lib/python3.10/dist-packages/catarob_interfaces/srv/_toggle_props_s.c
[0.525s] -- Up-to-date: /home/mpilovm/ros2_ws_simulink/install/catarob_interfaces/local/lib/python3.10/dist-packages/catarob_interfaces/catarob_interfaces_s__rosidl_typesupport_introspection_c.cpython-310-x86_64-linux-gnu.so
[0.525s] -- Up-to-date: /home/mpilovm/ros2_ws_simulink/install/catarob_interfaces/local/lib/python3.10/dist-packages/catarob_interfaces/msg
[0.525s] -- Up-to-date: /home/mpilovm/ros2_ws_simulink/install/catarob_interfaces/local/lib/python3.10/dist-packages/catarob_interfaces/msg/_state_estimate.py
[0.525s] -- Up-to-date: /home/mpilovm/ros2_ws_simulink/install/catarob_interfaces/local/lib/python3.10/dist-packages/catarob_interfaces/msg/_hull_status.py
[0.525s] -- Up-to-date: /home/mpilovm/ros2_ws_simulink/install/catarob_interfaces/local/lib/python3.10/dist-packages/catarob_interfaces/msg/_hull_status_s.c
[0.525s] -- Up-to-date: /home/mpilovm/ros2_ws_simulink/install/catarob_interfaces/local/lib/python3.10/dist-packages/catarob_interfaces/msg/_state_estimate_s.c
[0.525s] -- Up-to-date: /home/mpilovm/ros2_ws_simulink/install/catarob_interfaces/local/lib/python3.10/dist-packages/catarob_interfaces/msg/__init__.py
[0.525s] -- Up-to-date: /home/mpilovm/ros2_ws_simulink/install/catarob_interfaces/local/lib/python3.10/dist-packages/catarob_interfaces/_catarob_interfaces_s.ep.rosidl_typesupport_c.c
[0.525s] -- Up-to-date: /home/mpilovm/ros2_ws_simulink/install/catarob_interfaces/local/lib/python3.10/dist-packages/catarob_interfaces/__init__.py
[0.525s] -- Up-to-date: /home/mpilovm/ros2_ws_simulink/install/catarob_interfaces/local/lib/python3.10/dist-packages/catarob_interfaces/catarob_interfaces_s__rosidl_typesupport_c.cpython-310-x86_64-linux-gnu.so
[0.525s] -- Up-to-date: /home/mpilovm/ros2_ws_simulink/install/catarob_interfaces/local/lib/python3.10/dist-packages/catarob_interfaces/_catarob_interfaces_s.ep.rosidl_typesupport_introspection_c.c
[0.554s] Listing '/home/mpilovm/ros2_ws_simulink/install/catarob_interfaces/local/lib/python3.10/dist-packages/catarob_interfaces'...
[0.554s] Listing '/home/mpilovm/ros2_ws_simulink/install/catarob_interfaces/local/lib/python3.10/dist-packages/catarob_interfaces/msg'...
[0.554s] Listing '/home/mpilovm/ros2_ws_simulink/install/catarob_interfaces/local/lib/python3.10/dist-packages/catarob_interfaces/srv'...
[0.559s] -- Up-to-date: /home/mpilovm/ros2_ws_simulink/install/catarob_interfaces/local/lib/python3.10/dist-packages/catarob_interfaces/catarob_interfaces_s__rosidl_typesupport_fastrtps_c.cpython-310-x86_64-linux-gnu.so
[0.559s] -- Up-to-date: /home/mpilovm/ros2_ws_simulink/install/catarob_interfaces/local/lib/python3.10/dist-packages/catarob_interfaces/catarob_interfaces_s__rosidl_typesupport_introspection_c.cpython-310-x86_64-linux-gnu.so
[0.559s] -- Up-to-date: /home/mpilovm/ros2_ws_simulink/install/catarob_interfaces/local/lib/python3.10/dist-packages/catarob_interfaces/catarob_interfaces_s__rosidl_typesupport_c.cpython-310-x86_64-linux-gnu.so
[0.559s] -- Up-to-date: /home/mpilovm/ros2_ws_simulink/install/catarob_interfaces/lib/libcatarob_interfaces__rosidl_generator_py.so
[0.559s] -- Up-to-date: /home/mpilovm/ros2_ws_simulink/install/catarob_interfaces/share/catarob_interfaces/msg/HullStatus.idl
[0.560s] -- Up-to-date: /home/mpilovm/ros2_ws_simulink/install/catarob_interfaces/share/catarob_interfaces/msg/StateEstimate.idl
[0.560s] -- Up-to-date: /home/mpilovm/ros2_ws_simulink/install/catarob_interfaces/share/catarob_interfaces/srv/ToggleProps.idl
[0.560s] -- Up-to-date: /home/mpilovm/ros2_ws_simulink/install/catarob_interfaces/share/catarob_interfaces/msg/HullStatus.msg
[0.560s] -- Up-to-date: /home/mpilovm/ros2_ws_simulink/install/catarob_interfaces/share/catarob_interfaces/msg/StateEstimate.msg
[0.560s] -- Up-to-date: /home/mpilovm/ros2_ws_simulink/install/catarob_interfaces/share/catarob_interfaces/srv/ToggleProps.srv
[0.560s] -- Up-to-date: /home/mpilovm/ros2_ws_simulink/install/catarob_interfaces/share/catarob_interfaces/srv/ToggleProps_Request.msg
[0.560s] -- Up-to-date: /home/mpilovm/ros2_ws_simulink/install/catarob_interfaces/share/catarob_interfaces/srv/ToggleProps_Response.msg
[0.560s] -- Up-to-date: /home/mpilovm/ros2_ws_simulink/install/catarob_interfaces/share/ament_index/resource_index/package_run_dependencies/catarob_interfaces
[0.560s] -- Up-to-date: /home/mpilovm/ros2_ws_simulink/install/catarob_interfaces/share/ament_index/resource_index/parent_prefix_path/catarob_interfaces
[0.560s] -- Up-to-date: /home/mpilovm/ros2_ws_simulink/install/catarob_interfaces/share/catarob_interfaces/environment/ament_prefix_path.sh
[0.560s] -- Up-to-date: /home/mpilovm/ros2_ws_simulink/install/catarob_interfaces/share/catarob_interfaces/environment/ament_prefix_path.dsv
[0.561s] -- Up-to-date: /home/mpilovm/ros2_ws_simulink/install/catarob_interfaces/share/catarob_interfaces/environment/path.sh
[0.561s] -- Up-to-date: /home/mpilovm/ros2_ws_simulink/install/catarob_interfaces/share/catarob_interfaces/environment/path.dsv
[0.561s] -- Up-to-date: /home/mpilovm/ros2_ws_simulink/install/catarob_interfaces/share/catarob_interfaces/local_setup.bash
[0.561s] -- Up-to-date: /home/mpilovm/ros2_ws_simulink/install/catarob_interfaces/share/catarob_interfaces/local_setup.sh
[0.561s] -- Up-to-date: /home/mpilovm/ros2_ws_simulink/install/catarob_interfaces/share/catarob_interfaces/local_setup.zsh
[0.561s] -- Up-to-date: /home/mpilovm/ros2_ws_simulink/install/catarob_interfaces/share/catarob_interfaces/local_setup.dsv
[0.561s] -- Installing: /home/mpilovm/ros2_ws_simulink/install/catarob_interfaces/share/catarob_interfaces/package.dsv
[0.561s] -- Up-to-date: /home/mpilovm/ros2_ws_simulink/install/catarob_interfaces/share/ament_index/resource_index/packages/catarob_interfaces
[0.561s] -- Up-to-date: /home/mpilovm/ros2_ws_simulink/install/catarob_interfaces/share/catarob_interfaces/cmake/export_catarob_interfaces__rosidl_generator_cExport.cmake
[0.561s] -- Up-to-date: /home/mpilovm/ros2_ws_simulink/install/catarob_interfaces/share/catarob_interfaces/cmake/export_catarob_interfaces__rosidl_generator_cExport-release.cmake
[0.561s] -- Up-to-date: /home/mpilovm/ros2_ws_simulink/install/catarob_interfaces/share/catarob_interfaces/cmake/export_catarob_interfaces__rosidl_typesupport_fastrtps_cExport.cmake
[0.561s] -- Up-to-date: /home/mpilovm/ros2_ws_simulink/install/catarob_interfaces/share/catarob_interfaces/cmake/export_catarob_interfaces__rosidl_typesupport_fastrtps_cExport-release.cmake
[0.561s] -- Up-to-date: /home/mpilovm/ros2_ws_simulink/install/catarob_interfaces/share/catarob_interfaces/cmake/catarob_interfaces__rosidl_typesupport_introspection_cExport.cmake
[0.562s] -- Up-to-date: /home/mpilovm/ros2_ws_simulink/install/catarob_interfaces/share/catarob_interfaces/cmake/catarob_interfaces__rosidl_typesupport_introspection_cExport-release.cmake
[0.562s] -- Up-to-date: /home/mpilovm/ros2_ws_simulink/install/catarob_interfaces/share/catarob_interfaces/cmake/catarob_interfaces__rosidl_typesupport_cExport.cmake
[0.562s] -- Up-to-date: /home/mpilovm/ros2_ws_simulink/install/catarob_interfaces/share/catarob_interfaces/cmake/catarob_interfaces__rosidl_typesupport_cExport-release.cmake
[0.562s] -- Up-to-date: /home/mpilovm/ros2_ws_simulink/install/catarob_interfaces/share/catarob_interfaces/cmake/export_catarob_interfaces__rosidl_generator_cppExport.cmake
[0.562s] -- Up-to-date: /home/mpilovm/ros2_ws_simulink/install/catarob_interfaces/share/catarob_interfaces/cmake/export_catarob_interfaces__rosidl_typesupport_fastrtps_cppExport.cmake
[0.562s] -- Up-to-date: /home/mpilovm/ros2_ws_simulink/install/catarob_interfaces/share/catarob_interfaces/cmake/export_catarob_interfaces__rosidl_typesupport_fastrtps_cppExport-release.cmake
[0.562s] -- Up-to-date: /home/mpilovm/ros2_ws_simulink/install/catarob_interfaces/share/catarob_interfaces/cmake/catarob_interfaces__rosidl_typesupport_introspection_cppExport.cmake
[0.562s] -- Up-to-date: /home/mpilovm/ros2_ws_simulink/install/catarob_interfaces/share/catarob_interfaces/cmake/catarob_interfaces__rosidl_typesupport_introspection_cppExport-release.cmake
[0.562s] -- Up-to-date: /home/mpilovm/ros2_ws_simulink/install/catarob_interfaces/share/catarob_interfaces/cmake/catarob_interfaces__rosidl_typesupport_cppExport.cmake
[0.562s] -- Up-to-date: /home/mpilovm/ros2_ws_simulink/install/catarob_interfaces/share/catarob_interfaces/cmake/catarob_interfaces__rosidl_typesupport_cppExport-release.cmake
[0.562s] -- Up-to-date: /home/mpilovm/ros2_ws_simulink/install/catarob_interfaces/share/catarob_interfaces/cmake/export_catarob_interfaces__rosidl_generator_pyExport.cmake
[0.562s] -- Up-to-date: /home/mpilovm/ros2_ws_simulink/install/catarob_interfaces/share/catarob_interfaces/cmake/export_catarob_interfaces__rosidl_generator_pyExport-release.cmake
[0.562s] -- Up-to-date: /home/mpilovm/ros2_ws_simulink/install/catarob_interfaces/share/catarob_interfaces/cmake/rosidl_cmake-extras.cmake
[0.563s] -- Up-to-date: /home/mpilovm/ros2_ws_simulink/install/catarob_interfaces/share/catarob_interfaces/cmake/ament_cmake_export_dependencies-extras.cmake
[0.563s] -- Up-to-date: /home/mpilovm/ros2_ws_simulink/install/catarob_interfaces/share/catarob_interfaces/cmake/ament_cmake_export_include_directories-extras.cmake
[0.563s] -- Up-to-date: /home/mpilovm/ros2_ws_simulink/install/catarob_interfaces/share/catarob_interfaces/cmake/ament_cmake_export_libraries-extras.cmake
[0.563s] -- Up-to-date: /home/mpilovm/ros2_ws_simulink/install/catarob_interfaces/share/catarob_interfaces/cmake/ament_cmake_export_targets-extras.cmake
[0.563s] -- Up-to-date: /home/mpilovm/ros2_ws_simulink/install/catarob_interfaces/share/catarob_interfaces/cmake/rosidl_cmake_export_typesupport_targets-extras.cmake
[0.563s] -- Up-to-date: /home/mpilovm/ros2_ws_simulink/install/catarob_interfaces/share/catarob_interfaces/cmake/rosidl_cmake_export_typesupport_libraries-extras.cmake
[0.563s] -- Up-to-date: /home/mpilovm/ros2_ws_simulink/install/catarob_interfaces/share/catarob_interfaces/cmake/catarob_interfacesConfig.cmake
[0.563s] -- Up-to-date: /home/mpilovm/ros2_ws_simulink/install/catarob_interfaces/share/catarob_interfaces/cmake/catarob_interfacesConfig-version.cmake
[0.563s] -- Up-to-date: /home/mpilovm/ros2_ws_simulink/install/catarob_interfaces/share/catarob_interfaces/package.xml
[0.565s] Invoked command in '/home/mpilovm/ros2_ws_simulink/build/catarob_interfaces' returned '0': CMAKE_PREFIX_PATH=/home/mpilovm/ros2_ws/install/my_robot_controller:/opt/ros/humble /usr/bin/cmake --install /home/mpilovm/ros2_ws_simulink/build/catarob_interfaces
