[0.611s] [34mcolcon[0m [1;30mDEBUG[0m [32mCommand line arguments: ['C:\\Users\\mpilo\\AppData\\Roaming\\MathWorks\\MATLAB\\R2023b\\ros2\\win64\\venv\\Scripts\\colcon', 'build', '--merge-install', '--base-paths', 'C:\\Users\\mpilo\\Documents\\Work\\Research Project\\Repo\\EEE4022S-Project-2024-NXSMPI001\\Simulink\\src', '--cmake-args', '-DALIAS_ROS2_TF2=1', '-G', 'Ninja'][0m
[0.611s] [34mcolcon[0m [1;30mDEBUG[0m [32mParsed command line arguments: Namespace(log_base=None, log_level=None, verb_name='build', build_base='build', install_base='install', merge_install=True, symlink_install=False, test_result_base=None, continue_on_error=False, executor='parallel', parallel_workers=16, event_handlers=None, ignore_user_meta=False, metas=['./colcon.meta'], base_paths=['C:\\Users\\mpilo\\Documents\\Work\\Research Project\\Repo\\EEE4022S-Project-2024-NXSMPI001\\Simulink\\src'], packages_ignore=None, packages_ignore_regex=None, paths=None, packages_up_to=None, packages_up_to_regex=None, packages_above=None, packages_above_and_dependencies=None, packages_above_depth=None, packages_select_by_dep=None, packages_skip_by_dep=None, packages_skip_up_to=None, packages_select_build_failed=False, packages_skip_build_finished=False, packages_select_test_failures=False, packages_skip_test_passed=False, packages_select=None, packages_skip=None, packages_select_regex=None, packages_skip_regex=None, packages_start=None, packages_end=None, cmake_args=['-DALIAS_ROS2_TF2=1', '-G', 'Ninja'], cmake_target=None, cmake_target_skip_unavailable=False, cmake_clean_cache=False, cmake_clean_first=False, cmake_force_configure=False, ament_cmake_args=None, catkin_cmake_args=None, catkin_skip_building_tests=False, verb_parser=<colcon_defaults.argument_parser.defaults.DefaultArgumentsDecorator object at 0x000002BD7677A200>, verb_extension=<colcon_core.verb.build.BuildVerb object at 0x000002BD7673BF70>, main=<bound method BuildVerb.main of <colcon_core.verb.build.BuildVerb object at 0x000002BD7673BF70>>)[0m
[0.716s] [34mcolcon.colcon_core.package_discovery[0m [1;30mLevel 1[0m discover_packages(colcon_meta) check parameters
[0.716s] [34mcolcon.colcon_core.package_discovery[0m [1;30mLevel 1[0m discover_packages(recursive) check parameters
[0.716s] [34mcolcon.colcon_core.package_discovery[0m [1;30mLevel 1[0m discover_packages(ignore) check parameters
[0.716s] [34mcolcon.colcon_core.package_discovery[0m [1;30mLevel 1[0m discover_packages(path) check parameters
[0.716s] [34mcolcon.colcon_core.package_discovery[0m [1;30mLevel 1[0m discover_packages(recursive) discover
[0.717s] [34mcolcon.colcon_core.package_discovery[0m [1;30mINFO[0m Crawling recursively for packages in 'C:\Users\mpilo\Documents\Work\Research Project\Repo\EEE4022S-Project-2024-NXSMPI001\Simulink\src'
[0.717s] [34mcolcon.colcon_core.package_identification[0m [1;30mLevel 1[0m _identify(C:\Users\mpilo\Documents\Work\Research Project\Repo\EEE4022S-Project-2024-NXSMPI001\Simulink\src) by extensions ['ignore', 'ignore_ament_install']
[0.717s] [34mcolcon.colcon_core.package_identification[0m [1;30mLevel 1[0m _identify(C:\Users\mpilo\Documents\Work\Research Project\Repo\EEE4022S-Project-2024-NXSMPI001\Simulink\src) by extension 'ignore'
[0.717s] [34mcolcon.colcon_core.package_identification[0m [1;30mLevel 1[0m _identify(C:\Users\mpilo\Documents\Work\Research Project\Repo\EEE4022S-Project-2024-NXSMPI001\Simulink\src) by extension 'ignore_ament_install'
[0.717s] [34mcolcon.colcon_core.package_identification[0m [1;30mLevel 1[0m _identify(C:\Users\mpilo\Documents\Work\Research Project\Repo\EEE4022S-Project-2024-NXSMPI001\Simulink\src) by extensions ['colcon_pkg']
[0.717s] [34mcolcon.colcon_core.package_identification[0m [1;30mLevel 1[0m _identify(C:\Users\mpilo\Documents\Work\Research Project\Repo\EEE4022S-Project-2024-NXSMPI001\Simulink\src) by extension 'colcon_pkg'
[0.717s] [34mcolcon.colcon_core.package_identification[0m [1;30mLevel 1[0m _identify(C:\Users\mpilo\Documents\Work\Research Project\Repo\EEE4022S-Project-2024-NXSMPI001\Simulink\src) by extensions ['colcon_meta']
[0.718s] [34mcolcon.colcon_core.package_identification[0m [1;30mLevel 1[0m _identify(C:\Users\mpilo\Documents\Work\Research Project\Repo\EEE4022S-Project-2024-NXSMPI001\Simulink\src) by extension 'colcon_meta'
[0.718s] [34mcolcon.colcon_core.package_identification[0m [1;30mLevel 1[0m _identify(C:\Users\mpilo\Documents\Work\Research Project\Repo\EEE4022S-Project-2024-NXSMPI001\Simulink\src) by extensions ['ros']
[0.718s] [34mcolcon.colcon_core.package_identification[0m [1;30mLevel 1[0m _identify(C:\Users\mpilo\Documents\Work\Research Project\Repo\EEE4022S-Project-2024-NXSMPI001\Simulink\src) by extension 'ros'
[0.739s] [34mcolcon.colcon_core.package_identification[0m [1;30mLevel 1[0m _identify(C:\Users\mpilo\Documents\Work\Research Project\Repo\EEE4022S-Project-2024-NXSMPI001\Simulink\src) by extensions ['cmake', 'python']
[0.739s] [34mcolcon.colcon_core.package_identification[0m [1;30mLevel 1[0m _identify(C:\Users\mpilo\Documents\Work\Research Project\Repo\EEE4022S-Project-2024-NXSMPI001\Simulink\src) by extension 'cmake'
[0.740s] [34mcolcon.colcon_core.package_identification[0m [1;30mLevel 1[0m _identify(C:\Users\mpilo\Documents\Work\Research Project\Repo\EEE4022S-Project-2024-NXSMPI001\Simulink\src) by extension 'python'
[0.740s] [34mcolcon.colcon_core.package_identification[0m [1;30mLevel 1[0m _identify(C:\Users\mpilo\Documents\Work\Research Project\Repo\EEE4022S-Project-2024-NXSMPI001\Simulink\src) by extensions ['python_setup_py']
[0.740s] [34mcolcon.colcon_core.package_identification[0m [1;30mLevel 1[0m _identify(C:\Users\mpilo\Documents\Work\Research Project\Repo\EEE4022S-Project-2024-NXSMPI001\Simulink\src) by extension 'python_setup_py'
[0.740s] [34mcolcon.colcon_core.package_identification[0m [1;30mLevel 1[0m _identify(C:\Users\mpilo\Documents\Work\Research Project\Repo\EEE4022S-Project-2024-NXSMPI001\Simulink\src\catarob_interfaces) by extensions ['ignore', 'ignore_ament_install']
[0.740s] [34mcolcon.colcon_core.package_identification[0m [1;30mLevel 1[0m _identify(C:\Users\mpilo\Documents\Work\Research Project\Repo\EEE4022S-Project-2024-NXSMPI001\Simulink\src\catarob_interfaces) by extension 'ignore'
[0.740s] [34mcolcon.colcon_core.package_identification[0m [1;30mLevel 1[0m _identify(C:\Users\mpilo\Documents\Work\Research Project\Repo\EEE4022S-Project-2024-NXSMPI001\Simulink\src\catarob_interfaces) by extension 'ignore_ament_install'
[0.740s] [34mcolcon.colcon_core.package_identification[0m [1;30mLevel 1[0m _identify(C:\Users\mpilo\Documents\Work\Research Project\Repo\EEE4022S-Project-2024-NXSMPI001\Simulink\src\catarob_interfaces) by extensions ['colcon_pkg']
[0.740s] [34mcolcon.colcon_core.package_identification[0m [1;30mLevel 1[0m _identify(C:\Users\mpilo\Documents\Work\Research Project\Repo\EEE4022S-Project-2024-NXSMPI001\Simulink\src\catarob_interfaces) by extension 'colcon_pkg'
[0.741s] [34mcolcon.colcon_core.package_identification[0m [1;30mLevel 1[0m _identify(C:\Users\mpilo\Documents\Work\Research Project\Repo\EEE4022S-Project-2024-NXSMPI001\Simulink\src\catarob_interfaces) by extensions ['colcon_meta']
[0.741s] [34mcolcon.colcon_core.package_identification[0m [1;30mLevel 1[0m _identify(C:\Users\mpilo\Documents\Work\Research Project\Repo\EEE4022S-Project-2024-NXSMPI001\Simulink\src\catarob_interfaces) by extension 'colcon_meta'
[0.741s] [34mcolcon.colcon_core.package_identification[0m [1;30mLevel 1[0m _identify(C:\Users\mpilo\Documents\Work\Research Project\Repo\EEE4022S-Project-2024-NXSMPI001\Simulink\src\catarob_interfaces) by extensions ['ros']
[0.741s] [34mcolcon.colcon_core.package_identification[0m [1;30mLevel 1[0m _identify(C:\Users\mpilo\Documents\Work\Research Project\Repo\EEE4022S-Project-2024-NXSMPI001\Simulink\src\catarob_interfaces) by extension 'ros'
[0.744s] [34mcolcon.colcon_core.package_identification[0m [1;30mDEBUG[0m [32mPackage 'C:\Users\mpilo\Documents\Work\Research Project\Repo\EEE4022S-Project-2024-NXSMPI001\Simulink\src\catarob_interfaces' with type 'ros.ament_cmake' and name 'catarob_interfaces'[0m
[0.745s] [34mcolcon.colcon_core.package_identification[0m [1;30mLevel 1[0m _identify(C:\Users\mpilo\Documents\Work\Research Project\Repo\EEE4022S-Project-2024-NXSMPI001\Simulink\src\nmpcrect) by extensions ['ignore', 'ignore_ament_install']
[0.745s] [34mcolcon.colcon_core.package_identification[0m [1;30mLevel 1[0m _identify(C:\Users\mpilo\Documents\Work\Research Project\Repo\EEE4022S-Project-2024-NXSMPI001\Simulink\src\nmpcrect) by extension 'ignore'
[0.745s] [34mcolcon.colcon_core.package_identification[0m [1;30mLevel 1[0m _identify(C:\Users\mpilo\Documents\Work\Research Project\Repo\EEE4022S-Project-2024-NXSMPI001\Simulink\src\nmpcrect) by extension 'ignore_ament_install'
[0.745s] [34mcolcon.colcon_core.package_identification[0m [1;30mLevel 1[0m _identify(C:\Users\mpilo\Documents\Work\Research Project\Repo\EEE4022S-Project-2024-NXSMPI001\Simulink\src\nmpcrect) by extensions ['colcon_pkg']
[0.745s] [34mcolcon.colcon_core.package_identification[0m [1;30mLevel 1[0m _identify(C:\Users\mpilo\Documents\Work\Research Project\Repo\EEE4022S-Project-2024-NXSMPI001\Simulink\src\nmpcrect) by extension 'colcon_pkg'
[0.745s] [34mcolcon.colcon_core.package_identification[0m [1;30mLevel 1[0m _identify(C:\Users\mpilo\Documents\Work\Research Project\Repo\EEE4022S-Project-2024-NXSMPI001\Simulink\src\nmpcrect) by extensions ['colcon_meta']
[0.745s] [34mcolcon.colcon_core.package_identification[0m [1;30mLevel 1[0m _identify(C:\Users\mpilo\Documents\Work\Research Project\Repo\EEE4022S-Project-2024-NXSMPI001\Simulink\src\nmpcrect) by extension 'colcon_meta'
[0.745s] [34mcolcon.colcon_core.package_identification[0m [1;30mLevel 1[0m _identify(C:\Users\mpilo\Documents\Work\Research Project\Repo\EEE4022S-Project-2024-NXSMPI001\Simulink\src\nmpcrect) by extensions ['ros']
[0.745s] [34mcolcon.colcon_core.package_identification[0m [1;30mLevel 1[0m _identify(C:\Users\mpilo\Documents\Work\Research Project\Repo\EEE4022S-Project-2024-NXSMPI001\Simulink\src\nmpcrect) by extension 'ros'
[0.746s] [34mcolcon.colcon_core.package_identification[0m [1;30mDEBUG[0m [32mPackage 'C:\Users\mpilo\Documents\Work\Research Project\Repo\EEE4022S-Project-2024-NXSMPI001\Simulink\src\nmpcrect' with type 'ros.ament_cmake' and name 'nmpcrect'[0m
[0.747s] [34mcolcon.colcon_core.package_identification[0m [1;30mLevel 1[0m _identify(C:\Users\mpilo\Documents\Work\Research Project\Repo\EEE4022S-Project-2024-NXSMPI001\Simulink\src\nmpcsine) by extensions ['ignore', 'ignore_ament_install']
[0.747s] [34mcolcon.colcon_core.package_identification[0m [1;30mLevel 1[0m _identify(C:\Users\mpilo\Documents\Work\Research Project\Repo\EEE4022S-Project-2024-NXSMPI001\Simulink\src\nmpcsine) by extension 'ignore'
[0.747s] [34mcolcon.colcon_core.package_identification[0m [1;30mLevel 1[0m _identify(C:\Users\mpilo\Documents\Work\Research Project\Repo\EEE4022S-Project-2024-NXSMPI001\Simulink\src\nmpcsine) by extension 'ignore_ament_install'
[0.747s] [34mcolcon.colcon_core.package_identification[0m [1;30mLevel 1[0m _identify(C:\Users\mpilo\Documents\Work\Research Project\Repo\EEE4022S-Project-2024-NXSMPI001\Simulink\src\nmpcsine) by extensions ['colcon_pkg']
[0.747s] [34mcolcon.colcon_core.package_identification[0m [1;30mLevel 1[0m _identify(C:\Users\mpilo\Documents\Work\Research Project\Repo\EEE4022S-Project-2024-NXSMPI001\Simulink\src\nmpcsine) by extension 'colcon_pkg'
[0.747s] [34mcolcon.colcon_core.package_identification[0m [1;30mLevel 1[0m _identify(C:\Users\mpilo\Documents\Work\Research Project\Repo\EEE4022S-Project-2024-NXSMPI001\Simulink\src\nmpcsine) by extensions ['colcon_meta']
[0.747s] [34mcolcon.colcon_core.package_identification[0m [1;30mLevel 1[0m _identify(C:\Users\mpilo\Documents\Work\Research Project\Repo\EEE4022S-Project-2024-NXSMPI001\Simulink\src\nmpcsine) by extension 'colcon_meta'
[0.747s] [34mcolcon.colcon_core.package_identification[0m [1;30mLevel 1[0m _identify(C:\Users\mpilo\Documents\Work\Research Project\Repo\EEE4022S-Project-2024-NXSMPI001\Simulink\src\nmpcsine) by extensions ['ros']
[0.747s] [34mcolcon.colcon_core.package_identification[0m [1;30mLevel 1[0m _identify(C:\Users\mpilo\Documents\Work\Research Project\Repo\EEE4022S-Project-2024-NXSMPI001\Simulink\src\nmpcsine) by extension 'ros'
[0.748s] [34mcolcon.colcon_core.package_identification[0m [1;30mDEBUG[0m [32mPackage 'C:\Users\mpilo\Documents\Work\Research Project\Repo\EEE4022S-Project-2024-NXSMPI001\Simulink\src\nmpcsine' with type 'ros.ament_cmake' and name 'nmpcsine'[0m
[0.749s] [34mcolcon.colcon_core.package_discovery[0m [1;30mLevel 1[0m discover_packages(recursive) using defaults
[0.799s] [34mcolcon.colcon_core.verb[0m [1;30mLevel 5[0m set package 'catarob_interfaces' build argument 'cmake_args' from command line to '['-DALIAS_ROS2_TF2=1', '-G', 'Ninja']'
[0.800s] [34mcolcon.colcon_core.verb[0m [1;30mLevel 5[0m set package 'catarob_interfaces' build argument 'cmake_target' from command line to 'None'
[0.800s] [34mcolcon.colcon_core.verb[0m [1;30mLevel 5[0m set package 'catarob_interfaces' build argument 'cmake_target_skip_unavailable' from command line to 'False'
[0.800s] [34mcolcon.colcon_core.verb[0m [1;30mLevel 5[0m set package 'catarob_interfaces' build argument 'cmake_clean_cache' from command line to 'False'
[0.800s] [34mcolcon.colcon_core.verb[0m [1;30mLevel 5[0m set package 'catarob_interfaces' build argument 'cmake_clean_first' from command line to 'False'
[0.800s] [34mcolcon.colcon_core.verb[0m [1;30mLevel 5[0m set package 'catarob_interfaces' build argument 'cmake_force_configure' from command line to 'False'
[0.800s] [34mcolcon.colcon_core.verb[0m [1;30mLevel 5[0m set package 'catarob_interfaces' build argument 'ament_cmake_args' from command line to 'None'
[0.800s] [34mcolcon.colcon_core.verb[0m [1;30mLevel 5[0m set package 'catarob_interfaces' build argument 'catkin_cmake_args' from command line to 'None'
[0.800s] [34mcolcon.colcon_core.verb[0m [1;30mLevel 5[0m set package 'catarob_interfaces' build argument 'catkin_skip_building_tests' from command line to 'False'
[0.800s] [34mcolcon.colcon_core.verb[0m [1;30mDEBUG[0m [32mBuilding package 'catarob_interfaces' with the following arguments: {'ament_cmake_args': None, 'build_base': 'C:\\Users\\mpilo\\Documents\\Work\\Research Project\\Repo\\EEE4022S-Project-2024-NXSMPI001\\Simulink\\build\\catarob_interfaces', 'catkin_cmake_args': None, 'catkin_skip_building_tests': False, 'cmake_args': ['-DALIAS_ROS2_TF2=1', '-G', 'Ninja'], 'cmake_clean_cache': False, 'cmake_clean_first': False, 'cmake_force_configure': False, 'cmake_target': None, 'cmake_target_skip_unavailable': False, 'install_base': 'C:\\Users\\mpilo\\Documents\\Work\\Research Project\\Repo\\EEE4022S-Project-2024-NXSMPI001\\Simulink\\install', 'merge_install': True, 'path': 'C:\\Users\\mpilo\\Documents\\Work\\Research Project\\Repo\\EEE4022S-Project-2024-NXSMPI001\\Simulink\\src\\catarob_interfaces', 'symlink_install': False, 'test_result_base': None}[0m
[0.808s] [34mcolcon.colcon_core.verb[0m [1;30mLevel 5[0m set package 'nmpcrect' build argument 'cmake_args' from command line to '['-DALIAS_ROS2_TF2=1', '-G', 'Ninja']'
[0.808s] [34mcolcon.colcon_core.verb[0m [1;30mLevel 5[0m set package 'nmpcrect' build argument 'cmake_target' from command line to 'None'
[0.808s] [34mcolcon.colcon_core.verb[0m [1;30mLevel 5[0m set package 'nmpcrect' build argument 'cmake_target_skip_unavailable' from command line to 'False'
[0.808s] [34mcolcon.colcon_core.verb[0m [1;30mLevel 5[0m set package 'nmpcrect' build argument 'cmake_clean_cache' from command line to 'False'
[0.808s] [34mcolcon.colcon_core.verb[0m [1;30mLevel 5[0m set package 'nmpcrect' build argument 'cmake_clean_first' from command line to 'False'
[0.808s] [34mcolcon.colcon_core.verb[0m [1;30mLevel 5[0m set package 'nmpcrect' build argument 'cmake_force_configure' from command line to 'False'
[0.809s] [34mcolcon.colcon_core.verb[0m [1;30mLevel 5[0m set package 'nmpcrect' build argument 'ament_cmake_args' from command line to 'None'
[0.809s] [34mcolcon.colcon_core.verb[0m [1;30mLevel 5[0m set package 'nmpcrect' build argument 'catkin_cmake_args' from command line to 'None'
[0.809s] [34mcolcon.colcon_core.verb[0m [1;30mLevel 5[0m set package 'nmpcrect' build argument 'catkin_skip_building_tests' from command line to 'False'
[0.809s] [34mcolcon.colcon_core.verb[0m [1;30mDEBUG[0m [32mBuilding package 'nmpcrect' with the following arguments: {'ament_cmake_args': None, 'build_base': 'C:\\Users\\mpilo\\Documents\\Work\\Research Project\\Repo\\EEE4022S-Project-2024-NXSMPI001\\Simulink\\build\\nmpcrect', 'catkin_cmake_args': None, 'catkin_skip_building_tests': False, 'cmake_args': ['-DALIAS_ROS2_TF2=1', '-G', 'Ninja'], 'cmake_clean_cache': False, 'cmake_clean_first': False, 'cmake_force_configure': False, 'cmake_target': None, 'cmake_target_skip_unavailable': False, 'install_base': 'C:\\Users\\mpilo\\Documents\\Work\\Research Project\\Repo\\EEE4022S-Project-2024-NXSMPI001\\Simulink\\install', 'merge_install': True, 'path': 'C:\\Users\\mpilo\\Documents\\Work\\Research Project\\Repo\\EEE4022S-Project-2024-NXSMPI001\\Simulink\\src\\nmpcrect', 'symlink_install': False, 'test_result_base': None}[0m
[0.817s] [34mcolcon.colcon_core.verb[0m [1;30mLevel 5[0m set package 'nmpcsine' build argument 'cmake_args' from command line to '['-DALIAS_ROS2_TF2=1', '-G', 'Ninja']'
[0.817s] [34mcolcon.colcon_core.verb[0m [1;30mLevel 5[0m set package 'nmpcsine' build argument 'cmake_target' from command line to 'None'
[0.817s] [34mcolcon.colcon_core.verb[0m [1;30mLevel 5[0m set package 'nmpcsine' build argument 'cmake_target_skip_unavailable' from command line to 'False'
[0.817s] [34mcolcon.colcon_core.verb[0m [1;30mLevel 5[0m set package 'nmpcsine' build argument 'cmake_clean_cache' from command line to 'False'
[0.817s] [34mcolcon.colcon_core.verb[0m [1;30mLevel 5[0m set package 'nmpcsine' build argument 'cmake_clean_first' from command line to 'False'
[0.817s] [34mcolcon.colcon_core.verb[0m [1;30mLevel 5[0m set package 'nmpcsine' build argument 'cmake_force_configure' from command line to 'False'
[0.817s] [34mcolcon.colcon_core.verb[0m [1;30mLevel 5[0m set package 'nmpcsine' build argument 'ament_cmake_args' from command line to 'None'
[0.817s] [34mcolcon.colcon_core.verb[0m [1;30mLevel 5[0m set package 'nmpcsine' build argument 'catkin_cmake_args' from command line to 'None'
[0.817s] [34mcolcon.colcon_core.verb[0m [1;30mLevel 5[0m set package 'nmpcsine' build argument 'catkin_skip_building_tests' from command line to 'False'
[0.817s] [34mcolcon.colcon_core.verb[0m [1;30mDEBUG[0m [32mBuilding package 'nmpcsine' with the following arguments: {'ament_cmake_args': None, 'build_base': 'C:\\Users\\mpilo\\Documents\\Work\\Research Project\\Repo\\EEE4022S-Project-2024-NXSMPI001\\Simulink\\build\\nmpcsine', 'catkin_cmake_args': None, 'catkin_skip_building_tests': False, 'cmake_args': ['-DALIAS_ROS2_TF2=1', '-G', 'Ninja'], 'cmake_clean_cache': False, 'cmake_clean_first': False, 'cmake_force_configure': False, 'cmake_target': None, 'cmake_target_skip_unavailable': False, 'install_base': 'C:\\Users\\mpilo\\Documents\\Work\\Research Project\\Repo\\EEE4022S-Project-2024-NXSMPI001\\Simulink\\install', 'merge_install': True, 'path': 'C:\\Users\\mpilo\\Documents\\Work\\Research Project\\Repo\\EEE4022S-Project-2024-NXSMPI001\\Simulink\\src\\nmpcsine', 'symlink_install': False, 'test_result_base': None}[0m
[0.819s] [34mcolcon.colcon_core.executor[0m [1;30mINFO[0m Executing jobs using 'parallel' executor
[0.848s] [34mcolcon.colcon_parallel_executor.executor.parallel[0m [1;30mDEBUG[0m [32mrun_until_complete[0m
[0.848s] [34mcolcon.colcon_ros.task.ament_cmake.build[0m [1;30mINFO[0m Building ROS package in 'C:\Users\mpilo\Documents\Work\Research Project\Repo\EEE4022S-Project-2024-NXSMPI001\Simulink\src\catarob_interfaces' with build type 'ament_cmake'
[0.848s] [34mcolcon.colcon_cmake.task.cmake.build[0m [1;30mINFO[0m Building CMake package in 'C:\Users\mpilo\Documents\Work\Research Project\Repo\EEE4022S-Project-2024-NXSMPI001\Simulink\src\catarob_interfaces'
[0.854s] [34mcolcon.colcon_core.plugin_system[0m [1;30mINFO[0m Skipping extension 'colcon_core.shell.sh': Not used on Windows systems
[0.854s] [34mcolcon.colcon_core.shell[0m [1;30mINFO[0m Skip shell extension 'powershell' for command environment: Not usable outside of PowerShell
[0.939s] [34mcolcon.colcon_core.event_handler.log_command[0m [1;30mDEBUG[0m [32mInvoking command in 'C:\Users\mpilo\Documents\Work\Research Project\Repo\EEE4022S-Project-2024-NXSMPI001\Simulink\build\catarob_interfaces': VIRTUAL_ENV_PROMPT=(venv) C:\Program Files\MATLAB\R2024b\bin\win64\cmake\bin\cmake.EXE --build C:\Users\mpilo\Documents\Work\Research Project\Repo\EEE4022S-Project-2024-NXSMPI001\Simulink\build\catarob_interfaces -- -j16 -l16[0m
[2.812s] [34mcolcon.colcon_core.event_handler.log_command[0m [1;30mDEBUG[0m [32mInvoked command in 'C:\Users\mpilo\Documents\Work\Research Project\Repo\EEE4022S-Project-2024-NXSMPI001\Simulink\build\catarob_interfaces' returned '0': VIRTUAL_ENV_PROMPT=(venv) C:\Program Files\MATLAB\R2024b\bin\win64\cmake\bin\cmake.EXE --build C:\Users\mpilo\Documents\Work\Research Project\Repo\EEE4022S-Project-2024-NXSMPI001\Simulink\build\catarob_interfaces -- -j16 -l16[0m
[2.880s] [34mcolcon.colcon_core.event_handler.log_command[0m [1;30mDEBUG[0m [32mInvoking command in 'C:\Users\mpilo\Documents\Work\Research Project\Repo\EEE4022S-Project-2024-NXSMPI001\Simulink\build\catarob_interfaces': VIRTUAL_ENV_PROMPT=(venv) C:\Program Files\MATLAB\R2024b\bin\win64\cmake\bin\cmake.EXE --install C:\Users\mpilo\Documents\Work\Research Project\Repo\EEE4022S-Project-2024-NXSMPI001\Simulink\build\catarob_interfaces[0m
[3.289s] [34mcolcon.colcon_core.environment[0m [1;30mLevel 1[0m create_environment_scripts_only(catarob_interfaces)
[3.291s] [34mcolcon.colcon_core.event_handler.log_command[0m [1;30mDEBUG[0m [32mInvoked command in 'C:\Users\mpilo\Documents\Work\Research Project\Repo\EEE4022S-Project-2024-NXSMPI001\Simulink\build\catarob_interfaces' returned '0': VIRTUAL_ENV_PROMPT=(venv) C:\Program Files\MATLAB\R2024b\bin\win64\cmake\bin\cmake.EXE --install C:\Users\mpilo\Documents\Work\Research Project\Repo\EEE4022S-Project-2024-NXSMPI001\Simulink\build\catarob_interfaces[0m
[3.304s] [34mcolcon.colcon_core.environment[0m [1;30mLevel 1[0m checking 'C:\Users\mpilo\Documents\Work\Research Project\Repo\EEE4022S-Project-2024-NXSMPI001\Simulink\install' for CMake module files
[3.308s] [34mcolcon.colcon_core.environment[0m [1;30mLevel 1[0m checking 'C:\Users\mpilo\Documents\Work\Research Project\Repo\EEE4022S-Project-2024-NXSMPI001\Simulink\install' for CMake config files
[3.310s] [34mcolcon.colcon_core.shell[0m [1;30mLevel 1[0m create_environment_hook('catarob_interfaces', 'cmake_prefix_path')
[3.315s] [34mcolcon.colcon_core.shell[0m [1;30mINFO[0m Creating environment hook 'C:\Users\mpilo\Documents\Work\Research Project\Repo\EEE4022S-Project-2024-NXSMPI001\Simulink\install\share\catarob_interfaces\hook\cmake_prefix_path.ps1'
[3.316s] [34mcolcon.colcon_core.shell[0m [1;30mINFO[0m Creating environment hook 'C:\Users\mpilo\Documents\Work\Research Project\Repo\EEE4022S-Project-2024-NXSMPI001\Simulink\install\share\catarob_interfaces\hook\cmake_prefix_path.bat'
[3.317s] [34mcolcon.colcon_core.shell[0m [1;30mINFO[0m Creating environment descriptor 'C:\Users\mpilo\Documents\Work\Research Project\Repo\EEE4022S-Project-2024-NXSMPI001\Simulink\install\share\catarob_interfaces\hook\cmake_prefix_path.dsv'
[3.317s] [34mcolcon.colcon_core.environment[0m [1;30mLevel 1[0m checking 'C:\Users\mpilo\Documents\Work\Research Project\Repo\EEE4022S-Project-2024-NXSMPI001\Simulink\install\bin'
[3.318s] [34mcolcon.colcon_core.shell[0m [1;30mLevel 1[0m create_environment_hook('catarob_interfaces', 'path_dll')
[3.322s] [34mcolcon.colcon_core.shell[0m [1;30mINFO[0m Creating environment hook 'C:\Users\mpilo\Documents\Work\Research Project\Repo\EEE4022S-Project-2024-NXSMPI001\Simulink\install\share\catarob_interfaces\hook\path_dll.ps1'
[3.323s] [34mcolcon.colcon_core.shell[0m [1;30mINFO[0m Creating environment hook 'C:\Users\mpilo\Documents\Work\Research Project\Repo\EEE4022S-Project-2024-NXSMPI001\Simulink\install\share\catarob_interfaces\hook\path_dll.bat'
[3.323s] [34mcolcon.colcon_core.shell[0m [1;30mINFO[0m Creating environment descriptor 'C:\Users\mpilo\Documents\Work\Research Project\Repo\EEE4022S-Project-2024-NXSMPI001\Simulink\install\share\catarob_interfaces\hook\path_dll.dsv'
[3.324s] [34mcolcon.colcon_core.environment[0m [1;30mLevel 1[0m checking 'C:\Users\mpilo\Documents\Work\Research Project\Repo\EEE4022S-Project-2024-NXSMPI001\Simulink\install\bin'
[3.324s] [34mcolcon.colcon_core.shell[0m [1;30mLevel 1[0m create_environment_hook('catarob_interfaces', 'path')
[3.328s] [34mcolcon.colcon_core.shell[0m [1;30mINFO[0m Creating environment hook 'C:\Users\mpilo\Documents\Work\Research Project\Repo\EEE4022S-Project-2024-NXSMPI001\Simulink\install\share\catarob_interfaces\hook\path.ps1'
[3.329s] [34mcolcon.colcon_core.shell[0m [1;30mINFO[0m Creating environment hook 'C:\Users\mpilo\Documents\Work\Research Project\Repo\EEE4022S-Project-2024-NXSMPI001\Simulink\install\share\catarob_interfaces\hook\path.bat'
[3.330s] [34mcolcon.colcon_core.shell[0m [1;30mINFO[0m Creating environment descriptor 'C:\Users\mpilo\Documents\Work\Research Project\Repo\EEE4022S-Project-2024-NXSMPI001\Simulink\install\share\catarob_interfaces\hook\path.dsv'
[3.331s] [34mcolcon.colcon_core.environment[0m [1;30mLevel 1[0m checking 'C:\Users\mpilo\Documents\Work\Research Project\Repo\EEE4022S-Project-2024-NXSMPI001\Simulink\install\lib\pkgconfig\catarob_interfaces.pc'
[3.331s] [34mcolcon.colcon_core.environment[0m [1;30mLevel 1[0m checking 'C:\Users\mpilo\Documents\Work\Research Project\Repo\EEE4022S-Project-2024-NXSMPI001\Simulink\install\Lib\site-packages'
[3.331s] [34mcolcon.colcon_core.environment[0m [1;30mLevel 1[0m checking 'C:\Users\mpilo\Documents\Work\Research Project\Repo\EEE4022S-Project-2024-NXSMPI001\Simulink\install\Scripts'
[3.336s] [34mcolcon.colcon_core.shell[0m [1;30mINFO[0m Creating package script 'C:\Users\mpilo\Documents\Work\Research Project\Repo\EEE4022S-Project-2024-NXSMPI001\Simulink\install\share\catarob_interfaces\package.ps1'
[3.337s] [34mcolcon.colcon_core.shell[0m [1;30mINFO[0m Creating package script 'C:\Users\mpilo\Documents\Work\Research Project\Repo\EEE4022S-Project-2024-NXSMPI001\Simulink\install\share\catarob_interfaces\package.bat'
[3.338s] [34mcolcon.colcon_core.shell[0m [1;30mINFO[0m Creating package descriptor 'C:\Users\mpilo\Documents\Work\Research Project\Repo\EEE4022S-Project-2024-NXSMPI001\Simulink\install\share\catarob_interfaces\package.dsv'
[3.339s] [34mcolcon.colcon_core.environment[0m [1;30mLevel 1[0m create_file_with_runtime_dependencies(C:\Users\mpilo\Documents\Work\Research Project\Repo\EEE4022S-Project-2024-NXSMPI001\Simulink\install\share\colcon-core\packages\catarob_interfaces)
[3.395s] [34mcolcon.colcon_core.environment[0m [1;30mLevel 1[0m create_environment_scripts_only(catarob_interfaces)
[3.402s] [34mcolcon.colcon_core.environment[0m [1;30mLevel 1[0m checking 'C:\Users\mpilo\Documents\Work\Research Project\Repo\EEE4022S-Project-2024-NXSMPI001\Simulink\install' for CMake module files
[3.406s] [34mcolcon.colcon_core.environment[0m [1;30mLevel 1[0m checking 'C:\Users\mpilo\Documents\Work\Research Project\Repo\EEE4022S-Project-2024-NXSMPI001\Simulink\install' for CMake config files
[3.408s] [34mcolcon.colcon_core.shell[0m [1;30mLevel 1[0m create_environment_hook('catarob_interfaces', 'cmake_prefix_path')
[3.413s] [34mcolcon.colcon_core.shell[0m [1;30mINFO[0m Creating environment hook 'C:\Users\mpilo\Documents\Work\Research Project\Repo\EEE4022S-Project-2024-NXSMPI001\Simulink\install\share\catarob_interfaces\hook\cmake_prefix_path.ps1'
[3.413s] [34mcolcon.colcon_core.shell[0m [1;30mINFO[0m Creating environment hook 'C:\Users\mpilo\Documents\Work\Research Project\Repo\EEE4022S-Project-2024-NXSMPI001\Simulink\install\share\catarob_interfaces\hook\cmake_prefix_path.bat'
[3.414s] [34mcolcon.colcon_core.shell[0m [1;30mINFO[0m Creating environment descriptor 'C:\Users\mpilo\Documents\Work\Research Project\Repo\EEE4022S-Project-2024-NXSMPI001\Simulink\install\share\catarob_interfaces\hook\cmake_prefix_path.dsv'
[3.415s] [34mcolcon.colcon_core.environment[0m [1;30mLevel 1[0m checking 'C:\Users\mpilo\Documents\Work\Research Project\Repo\EEE4022S-Project-2024-NXSMPI001\Simulink\install\bin'
[3.415s] [34mcolcon.colcon_core.shell[0m [1;30mLevel 1[0m create_environment_hook('catarob_interfaces', 'path_dll')
[3.419s] [34mcolcon.colcon_core.shell[0m [1;30mINFO[0m Creating environment hook 'C:\Users\mpilo\Documents\Work\Research Project\Repo\EEE4022S-Project-2024-NXSMPI001\Simulink\install\share\catarob_interfaces\hook\path_dll.ps1'
[3.420s] [34mcolcon.colcon_core.shell[0m [1;30mINFO[0m Creating environment hook 'C:\Users\mpilo\Documents\Work\Research Project\Repo\EEE4022S-Project-2024-NXSMPI001\Simulink\install\share\catarob_interfaces\hook\path_dll.bat'
[3.421s] [34mcolcon.colcon_core.shell[0m [1;30mINFO[0m Creating environment descriptor 'C:\Users\mpilo\Documents\Work\Research Project\Repo\EEE4022S-Project-2024-NXSMPI001\Simulink\install\share\catarob_interfaces\hook\path_dll.dsv'
[3.421s] [34mcolcon.colcon_core.environment[0m [1;30mLevel 1[0m checking 'C:\Users\mpilo\Documents\Work\Research Project\Repo\EEE4022S-Project-2024-NXSMPI001\Simulink\install\bin'
[3.422s] [34mcolcon.colcon_core.shell[0m [1;30mLevel 1[0m create_environment_hook('catarob_interfaces', 'path')
[3.426s] [34mcolcon.colcon_core.shell[0m [1;30mINFO[0m Creating environment hook 'C:\Users\mpilo\Documents\Work\Research Project\Repo\EEE4022S-Project-2024-NXSMPI001\Simulink\install\share\catarob_interfaces\hook\path.ps1'
[3.427s] [34mcolcon.colcon_core.shell[0m [1;30mINFO[0m Creating environment hook 'C:\Users\mpilo\Documents\Work\Research Project\Repo\EEE4022S-Project-2024-NXSMPI001\Simulink\install\share\catarob_interfaces\hook\path.bat'
[3.428s] [34mcolcon.colcon_core.shell[0m [1;30mINFO[0m Creating environment descriptor 'C:\Users\mpilo\Documents\Work\Research Project\Repo\EEE4022S-Project-2024-NXSMPI001\Simulink\install\share\catarob_interfaces\hook\path.dsv'
[3.428s] [34mcolcon.colcon_core.environment[0m [1;30mLevel 1[0m checking 'C:\Users\mpilo\Documents\Work\Research Project\Repo\EEE4022S-Project-2024-NXSMPI001\Simulink\install\lib\pkgconfig\catarob_interfaces.pc'
[3.428s] [34mcolcon.colcon_core.environment[0m [1;30mLevel 1[0m checking 'C:\Users\mpilo\Documents\Work\Research Project\Repo\EEE4022S-Project-2024-NXSMPI001\Simulink\install\Lib\site-packages'
[3.429s] [34mcolcon.colcon_core.environment[0m [1;30mLevel 1[0m checking 'C:\Users\mpilo\Documents\Work\Research Project\Repo\EEE4022S-Project-2024-NXSMPI001\Simulink\install\Scripts'
[3.433s] [34mcolcon.colcon_core.shell[0m [1;30mINFO[0m Creating package script 'C:\Users\mpilo\Documents\Work\Research Project\Repo\EEE4022S-Project-2024-NXSMPI001\Simulink\install\share\catarob_interfaces\package.ps1'
[3.434s] [34mcolcon.colcon_core.shell[0m [1;30mINFO[0m Creating package script 'C:\Users\mpilo\Documents\Work\Research Project\Repo\EEE4022S-Project-2024-NXSMPI001\Simulink\install\share\catarob_interfaces\package.bat'
[3.435s] [34mcolcon.colcon_core.shell[0m [1;30mINFO[0m Creating package descriptor 'C:\Users\mpilo\Documents\Work\Research Project\Repo\EEE4022S-Project-2024-NXSMPI001\Simulink\install\share\catarob_interfaces\package.dsv'
[3.435s] [34mcolcon.colcon_core.environment[0m [1;30mLevel 1[0m create_file_with_runtime_dependencies(C:\Users\mpilo\Documents\Work\Research Project\Repo\EEE4022S-Project-2024-NXSMPI001\Simulink\install\share\colcon-core\packages\catarob_interfaces)
[3.436s] [34mcolcon.colcon_ros.task.ament_cmake.build[0m [1;30mINFO[0m Building ROS package in 'C:\Users\mpilo\Documents\Work\Research Project\Repo\EEE4022S-Project-2024-NXSMPI001\Simulink\src\nmpcrect' with build type 'ament_cmake'
[3.436s] [34mcolcon.colcon_cmake.task.cmake.build[0m [1;30mINFO[0m Building CMake package in 'C:\Users\mpilo\Documents\Work\Research Project\Repo\EEE4022S-Project-2024-NXSMPI001\Simulink\src\nmpcrect'
[3.440s] [34mcolcon.colcon_core.shell[0m [1;30mINFO[0m Skip shell extension 'powershell' for command environment: Not usable outside of PowerShell
[3.493s] [34mcolcon.colcon_ros.task.ament_cmake.build[0m [1;30mINFO[0m Building ROS package in 'C:\Users\mpilo\Documents\Work\Research Project\Repo\EEE4022S-Project-2024-NXSMPI001\Simulink\src\nmpcsine' with build type 'ament_cmake'
[3.493s] [34mcolcon.colcon_cmake.task.cmake.build[0m [1;30mINFO[0m Building CMake package in 'C:\Users\mpilo\Documents\Work\Research Project\Repo\EEE4022S-Project-2024-NXSMPI001\Simulink\src\nmpcsine'
[3.498s] [34mcolcon.colcon_core.shell[0m [1;30mINFO[0m Skip shell extension 'powershell' for command environment: Not usable outside of PowerShell
[3.618s] [34mcolcon.colcon_core.event_handler.log_command[0m [1;30mDEBUG[0m [32mInvoking command in 'C:\Users\mpilo\Documents\Work\Research Project\Repo\EEE4022S-Project-2024-NXSMPI001\Simulink\build\nmpcrect': AMENT_PREFIX_PATH=C:\Users\mpilo\Documents\Work\Research Project\Repo\EEE4022S-Project-2024-NXSMPI001\Simulink\install;%AMENT_PREFIX_PATH% CMAKE_PREFIX_PATH=C:\Users\mpilo\Documents\Work\Research Project\Repo\EEE4022S-Project-2024-NXSMPI001\Simulink\install;C:\Program Files\MATLAB\R2024b\sys\ros2\win64\ros2; Path=C:\Users\mpilo\Documents\Work\Research Project\Repo\EEE4022S-Project-2024-NXSMPI001\Simulink\install\bin;C:\Program Files\MATLAB\R2024b\bin\win64\cmake\bin;C:\Program Files\MATLAB\R2024b\sys\ros2\win64\ros2\Scripts;C:\Program Files\MATLAB\R2024b\sys\ros2\win64\ros2\bin;C:\Program Files\Microsoft Visual Studio\2022\Enterprise\VC\Tools\MSVC\14.39.33519\bin\HostX86\x64;C:\Program Files\Microsoft Visual Studio\2022\Enterprise\VC\Tools\MSVC\14.39.33519\bin\HostX86\x86;C:\Program Files\Microsoft Visual Studio\2022\Enterprise\Common7\IDE\VC\VCPackages;C:\Program Files\Microsoft Visual Studio\2022\Enterprise\Common7\IDE\CommonExtensions\Microsoft\TestWindow;C:\Program Files\Microsoft Visual Studio\2022\Enterprise\Common7\IDE\CommonExtensions\Microsoft\TeamFoundation\Team Explorer;C:\Program Files\Microsoft Visual Studio\2022\Enterprise\MSBuild\Current\bin\Roslyn;C:\Program Files\Microsoft Visual Studio\2022\Enterprise\Team Tools\DiagnosticsHub\Collector;C:\Program Files\Microsoft Visual Studio\2022\Enterprise\Common7\IDE\Extensions\Microsoft\CodeCoverage.Console;C:\Program Files (x86)\Windows Kits\10\bin\10.0.22621.0\\x86;C:\Program Files (x86)\Windows Kits\10\bin\\x86;C:\Program Files\Microsoft Visual Studio\2022\Enterprise\\MSBuild\Current\Bin\amd64;C:\Windows\Microsoft.NET\Framework\v4.0.30319;C:\Program Files\Microsoft Visual Studio\2022\Enterprise\Common7\IDE\;C:\Program Files\Microsoft Visual Studio\2022\Enterprise\Common7\Tools\;C:\Users\mpilo\AppData\Roaming\MathWorks\MATLAB\R2023b\ros2\win64\venv\Scripts;C:\Program Files\MATLAB\R2024b\bin\win64;C:\Program Files\MATLAB\R2024b\toolbox\shared\coder\ninja\win64;C:\Program Files (x86)\VMware\VMware Player\bin\;C:\Program Files\Microsoft MPI\Bin\;C:\Program Files\NVIDIA GPU Computing Toolkit\CUDA\v12.4\bin;C:\Program Files\NVIDIA GPU Computing Toolkit\CUDA\v12.4\libnvvp;C:\Program Files\Oculus\Support\oculus-runtime;C:\Windows\system32;C:\Windows;C:\Windows\System32\Wbem;C:\Windows\System32\WindowsPowerShell\v1.0\;C:\Windows\System32\OpenSSH\;C:\Program Files (x86)\NVIDIA Corporation\PhysX\Common;C:\Program Files\NVIDIA Corporation\NVIDIA NvDLISR;C:\Program Files\dotnet\;C:\Program Files\MATLAB\R2024b\bin;C:\Program Files\Git\cmd;C:\Users\mpilo\AppData\Local\Programs\Python\Python311\;C:\Users\mpilo\AppData\Local\Programs\Python\Python311\Scripts\;C:\MinGW\bin;C:\Program Files\Microsoft SQL Server\150\Tools\Binn\;C:\Program Files (x86)\Windows Kits\10\Windows Performance Toolkit\;C:\Program Files\NVIDIA Corporation\Nsight Compute 2024.1.0\;C:\Users\mpilo\AppData\Local\Microsoft\WindowsApps;C:\Program Files\JetBrains\CLion 2021.3.4\bin;C:\Users\mpilo\AppData\Local\Programs\Julia-1.8.5\bin;C:\Users\mpilo\AppData\Local\GitHubDesktop\bin;C:\texlive\2024\bin\windows;C:\iverilog\bin;C:\iverilog\gtkwave\bin;C:\Users\mpilo\AppData\Local\Programs\Microsoft VS Code\bin;C:\Program Files\Microsoft Visual Studio\2022\Enterprise\Common7\IDE\CommonExtensions\Microsoft\CMake\CMake\bin;C:\Program Files\Microsoft Visual Studio\2022\Enterprise\Common7\IDE\CommonExtensions\Microsoft\CMake\Ninja;C:\Program Files\Microsoft Visual Studio\2022\Enterprise\Common7\IDE\VC\Linux\bin\ConnectionManagerExe;C:\Program Files\Microsoft Visual Studio\2022\Enterprise\VC\vcpkg VIRTUAL_ENV_PROMPT=(venv) C:\Program Files\MATLAB\R2024b\bin\win64\cmake\bin\cmake.EXE C:\Users\mpilo\Documents\Work\Research Project\Repo\EEE4022S-Project-2024-NXSMPI001\Simulink\src\nmpcrect -DALIAS_ROS2_TF2=1 -G Ninja -DCMAKE_INSTALL_PREFIX=C:\Users\mpilo\Documents\Work\Research Project\Repo\EEE4022S-Project-2024-NXSMPI001\Simulink\install[0m
[3.661s] [34mcolcon.colcon_core.event_handler.log_command[0m [1;30mDEBUG[0m [32mInvoking command in 'C:\Users\mpilo\Documents\Work\Research Project\Repo\EEE4022S-Project-2024-NXSMPI001\Simulink\build\nmpcsine': AMENT_PREFIX_PATH=C:\Users\mpilo\Documents\Work\Research Project\Repo\EEE4022S-Project-2024-NXSMPI001\Simulink\install;%AMENT_PREFIX_PATH% CMAKE_PREFIX_PATH=C:\Users\mpilo\Documents\Work\Research Project\Repo\EEE4022S-Project-2024-NXSMPI001\Simulink\install;C:\Program Files\MATLAB\R2024b\sys\ros2\win64\ros2; Path=C:\Users\mpilo\Documents\Work\Research Project\Repo\EEE4022S-Project-2024-NXSMPI001\Simulink\install\bin;C:\Program Files\MATLAB\R2024b\bin\win64\cmake\bin;C:\Program Files\MATLAB\R2024b\sys\ros2\win64\ros2\Scripts;C:\Program Files\MATLAB\R2024b\sys\ros2\win64\ros2\bin;C:\Program Files\Microsoft Visual Studio\2022\Enterprise\VC\Tools\MSVC\14.39.33519\bin\HostX86\x64;C:\Program Files\Microsoft Visual Studio\2022\Enterprise\VC\Tools\MSVC\14.39.33519\bin\HostX86\x86;C:\Program Files\Microsoft Visual Studio\2022\Enterprise\Common7\IDE\VC\VCPackages;C:\Program Files\Microsoft Visual Studio\2022\Enterprise\Common7\IDE\CommonExtensions\Microsoft\TestWindow;C:\Program Files\Microsoft Visual Studio\2022\Enterprise\Common7\IDE\CommonExtensions\Microsoft\TeamFoundation\Team Explorer;C:\Program Files\Microsoft Visual Studio\2022\Enterprise\MSBuild\Current\bin\Roslyn;C:\Program Files\Microsoft Visual Studio\2022\Enterprise\Team Tools\DiagnosticsHub\Collector;C:\Program Files\Microsoft Visual Studio\2022\Enterprise\Common7\IDE\Extensions\Microsoft\CodeCoverage.Console;C:\Program Files (x86)\Windows Kits\10\bin\10.0.22621.0\\x86;C:\Program Files (x86)\Windows Kits\10\bin\\x86;C:\Program Files\Microsoft Visual Studio\2022\Enterprise\\MSBuild\Current\Bin\amd64;C:\Windows\Microsoft.NET\Framework\v4.0.30319;C:\Program Files\Microsoft Visual Studio\2022\Enterprise\Common7\IDE\;C:\Program Files\Microsoft Visual Studio\2022\Enterprise\Common7\Tools\;C:\Users\mpilo\AppData\Roaming\MathWorks\MATLAB\R2023b\ros2\win64\venv\Scripts;C:\Program Files\MATLAB\R2024b\bin\win64;C:\Program Files\MATLAB\R2024b\toolbox\shared\coder\ninja\win64;C:\Program Files (x86)\VMware\VMware Player\bin\;C:\Program Files\Microsoft MPI\Bin\;C:\Program Files\NVIDIA GPU Computing Toolkit\CUDA\v12.4\bin;C:\Program Files\NVIDIA GPU Computing Toolkit\CUDA\v12.4\libnvvp;C:\Program Files\Oculus\Support\oculus-runtime;C:\Windows\system32;C:\Windows;C:\Windows\System32\Wbem;C:\Windows\System32\WindowsPowerShell\v1.0\;C:\Windows\System32\OpenSSH\;C:\Program Files (x86)\NVIDIA Corporation\PhysX\Common;C:\Program Files\NVIDIA Corporation\NVIDIA NvDLISR;C:\Program Files\dotnet\;C:\Program Files\MATLAB\R2024b\bin;C:\Program Files\Git\cmd;C:\Users\mpilo\AppData\Local\Programs\Python\Python311\;C:\Users\mpilo\AppData\Local\Programs\Python\Python311\Scripts\;C:\MinGW\bin;C:\Program Files\Microsoft SQL Server\150\Tools\Binn\;C:\Program Files (x86)\Windows Kits\10\Windows Performance Toolkit\;C:\Program Files\NVIDIA Corporation\Nsight Compute 2024.1.0\;C:\Users\mpilo\AppData\Local\Microsoft\WindowsApps;C:\Program Files\JetBrains\CLion 2021.3.4\bin;C:\Users\mpilo\AppData\Local\Programs\Julia-1.8.5\bin;C:\Users\mpilo\AppData\Local\GitHubDesktop\bin;C:\texlive\2024\bin\windows;C:\iverilog\bin;C:\iverilog\gtkwave\bin;C:\Users\mpilo\AppData\Local\Programs\Microsoft VS Code\bin;C:\Program Files\Microsoft Visual Studio\2022\Enterprise\Common7\IDE\CommonExtensions\Microsoft\CMake\CMake\bin;C:\Program Files\Microsoft Visual Studio\2022\Enterprise\Common7\IDE\CommonExtensions\Microsoft\CMake\Ninja;C:\Program Files\Microsoft Visual Studio\2022\Enterprise\Common7\IDE\VC\Linux\bin\ConnectionManagerExe;C:\Program Files\Microsoft Visual Studio\2022\Enterprise\VC\vcpkg VIRTUAL_ENV_PROMPT=(venv) C:\Program Files\MATLAB\R2024b\bin\win64\cmake\bin\cmake.EXE --build C:\Users\mpilo\Documents\Work\Research Project\Repo\EEE4022S-Project-2024-NXSMPI001\Simulink\build\nmpcsine -- -j16 -l16[0m
[3.714s] [34mcolcon.colcon_core.event_handler.log_command[0m [1;30mDEBUG[0m [32mInvoked command in 'C:\Users\mpilo\Documents\Work\Research Project\Repo\EEE4022S-Project-2024-NXSMPI001\Simulink\build\nmpcsine' returned '0': AMENT_PREFIX_PATH=C:\Users\mpilo\Documents\Work\Research Project\Repo\EEE4022S-Project-2024-NXSMPI001\Simulink\install;%AMENT_PREFIX_PATH% CMAKE_PREFIX_PATH=C:\Users\mpilo\Documents\Work\Research Project\Repo\EEE4022S-Project-2024-NXSMPI001\Simulink\install;C:\Program Files\MATLAB\R2024b\sys\ros2\win64\ros2; Path=C:\Users\mpilo\Documents\Work\Research Project\Repo\EEE4022S-Project-2024-NXSMPI001\Simulink\install\bin;C:\Program Files\MATLAB\R2024b\bin\win64\cmake\bin;C:\Program Files\MATLAB\R2024b\sys\ros2\win64\ros2\Scripts;C:\Program Files\MATLAB\R2024b\sys\ros2\win64\ros2\bin;C:\Program Files\Microsoft Visual Studio\2022\Enterprise\VC\Tools\MSVC\14.39.33519\bin\HostX86\x64;C:\Program Files\Microsoft Visual Studio\2022\Enterprise\VC\Tools\MSVC\14.39.33519\bin\HostX86\x86;C:\Program Files\Microsoft Visual Studio\2022\Enterprise\Common7\IDE\VC\VCPackages;C:\Program Files\Microsoft Visual Studio\2022\Enterprise\Common7\IDE\CommonExtensions\Microsoft\TestWindow;C:\Program Files\Microsoft Visual Studio\2022\Enterprise\Common7\IDE\CommonExtensions\Microsoft\TeamFoundation\Team Explorer;C:\Program Files\Microsoft Visual Studio\2022\Enterprise\MSBuild\Current\bin\Roslyn;C:\Program Files\Microsoft Visual Studio\2022\Enterprise\Team Tools\DiagnosticsHub\Collector;C:\Program Files\Microsoft Visual Studio\2022\Enterprise\Common7\IDE\Extensions\Microsoft\CodeCoverage.Console;C:\Program Files (x86)\Windows Kits\10\bin\10.0.22621.0\\x86;C:\Program Files (x86)\Windows Kits\10\bin\\x86;C:\Program Files\Microsoft Visual Studio\2022\Enterprise\\MSBuild\Current\Bin\amd64;C:\Windows\Microsoft.NET\Framework\v4.0.30319;C:\Program Files\Microsoft Visual Studio\2022\Enterprise\Common7\IDE\;C:\Program Files\Microsoft Visual Studio\2022\Enterprise\Common7\Tools\;C:\Users\mpilo\AppData\Roaming\MathWorks\MATLAB\R2023b\ros2\win64\venv\Scripts;C:\Program Files\MATLAB\R2024b\bin\win64;C:\Program Files\MATLAB\R2024b\toolbox\shared\coder\ninja\win64;C:\Program Files (x86)\VMware\VMware Player\bin\;C:\Program Files\Microsoft MPI\Bin\;C:\Program Files\NVIDIA GPU Computing Toolkit\CUDA\v12.4\bin;C:\Program Files\NVIDIA GPU Computing Toolkit\CUDA\v12.4\libnvvp;C:\Program Files\Oculus\Support\oculus-runtime;C:\Windows\system32;C:\Windows;C:\Windows\System32\Wbem;C:\Windows\System32\WindowsPowerShell\v1.0\;C:\Windows\System32\OpenSSH\;C:\Program Files (x86)\NVIDIA Corporation\PhysX\Common;C:\Program Files\NVIDIA Corporation\NVIDIA NvDLISR;C:\Program Files\dotnet\;C:\Program Files\MATLAB\R2024b\bin;C:\Program Files\Git\cmd;C:\Users\mpilo\AppData\Local\Programs\Python\Python311\;C:\Users\mpilo\AppData\Local\Programs\Python\Python311\Scripts\;C:\MinGW\bin;C:\Program Files\Microsoft SQL Server\150\Tools\Binn\;C:\Program Files (x86)\Windows Kits\10\Windows Performance Toolkit\;C:\Program Files\NVIDIA Corporation\Nsight Compute 2024.1.0\;C:\Users\mpilo\AppData\Local\Microsoft\WindowsApps;C:\Program Files\JetBrains\CLion 2021.3.4\bin;C:\Users\mpilo\AppData\Local\Programs\Julia-1.8.5\bin;C:\Users\mpilo\AppData\Local\GitHubDesktop\bin;C:\texlive\2024\bin\windows;C:\iverilog\bin;C:\iverilog\gtkwave\bin;C:\Users\mpilo\AppData\Local\Programs\Microsoft VS Code\bin;C:\Program Files\Microsoft Visual Studio\2022\Enterprise\Common7\IDE\CommonExtensions\Microsoft\CMake\CMake\bin;C:\Program Files\Microsoft Visual Studio\2022\Enterprise\Common7\IDE\CommonExtensions\Microsoft\CMake\Ninja;C:\Program Files\Microsoft Visual Studio\2022\Enterprise\Common7\IDE\VC\Linux\bin\ConnectionManagerExe;C:\Program Files\Microsoft Visual Studio\2022\Enterprise\VC\vcpkg VIRTUAL_ENV_PROMPT=(venv) C:\Program Files\MATLAB\R2024b\bin\win64\cmake\bin\cmake.EXE --build C:\Users\mpilo\Documents\Work\Research Project\Repo\EEE4022S-Project-2024-NXSMPI001\Simulink\build\nmpcsine -- -j16 -l16[0m
[3.772s] [34mcolcon.colcon_core.event_handler.log_command[0m [1;30mDEBUG[0m [32mInvoking command in 'C:\Users\mpilo\Documents\Work\Research Project\Repo\EEE4022S-Project-2024-NXSMPI001\Simulink\build\nmpcsine': AMENT_PREFIX_PATH=C:\Users\mpilo\Documents\Work\Research Project\Repo\EEE4022S-Project-2024-NXSMPI001\Simulink\install;%AMENT_PREFIX_PATH% CMAKE_PREFIX_PATH=C:\Users\mpilo\Documents\Work\Research Project\Repo\EEE4022S-Project-2024-NXSMPI001\Simulink\install;C:\Program Files\MATLAB\R2024b\sys\ros2\win64\ros2; Path=C:\Users\mpilo\Documents\Work\Research Project\Repo\EEE4022S-Project-2024-NXSMPI001\Simulink\install\bin;C:\Program Files\MATLAB\R2024b\bin\win64\cmake\bin;C:\Program Files\MATLAB\R2024b\sys\ros2\win64\ros2\Scripts;C:\Program Files\MATLAB\R2024b\sys\ros2\win64\ros2\bin;C:\Program Files\Microsoft Visual Studio\2022\Enterprise\VC\Tools\MSVC\14.39.33519\bin\HostX86\x64;C:\Program Files\Microsoft Visual Studio\2022\Enterprise\VC\Tools\MSVC\14.39.33519\bin\HostX86\x86;C:\Program Files\Microsoft Visual Studio\2022\Enterprise\Common7\IDE\VC\VCPackages;C:\Program Files\Microsoft Visual Studio\2022\Enterprise\Common7\IDE\CommonExtensions\Microsoft\TestWindow;C:\Program Files\Microsoft Visual Studio\2022\Enterprise\Common7\IDE\CommonExtensions\Microsoft\TeamFoundation\Team Explorer;C:\Program Files\Microsoft Visual Studio\2022\Enterprise\MSBuild\Current\bin\Roslyn;C:\Program Files\Microsoft Visual Studio\2022\Enterprise\Team Tools\DiagnosticsHub\Collector;C:\Program Files\Microsoft Visual Studio\2022\Enterprise\Common7\IDE\Extensions\Microsoft\CodeCoverage.Console;C:\Program Files (x86)\Windows Kits\10\bin\10.0.22621.0\\x86;C:\Program Files (x86)\Windows Kits\10\bin\\x86;C:\Program Files\Microsoft Visual Studio\2022\Enterprise\\MSBuild\Current\Bin\amd64;C:\Windows\Microsoft.NET\Framework\v4.0.30319;C:\Program Files\Microsoft Visual Studio\2022\Enterprise\Common7\IDE\;C:\Program Files\Microsoft Visual Studio\2022\Enterprise\Common7\Tools\;C:\Users\mpilo\AppData\Roaming\MathWorks\MATLAB\R2023b\ros2\win64\venv\Scripts;C:\Program Files\MATLAB\R2024b\bin\win64;C:\Program Files\MATLAB\R2024b\toolbox\shared\coder\ninja\win64;C:\Program Files (x86)\VMware\VMware Player\bin\;C:\Program Files\Microsoft MPI\Bin\;C:\Program Files\NVIDIA GPU Computing Toolkit\CUDA\v12.4\bin;C:\Program Files\NVIDIA GPU Computing Toolkit\CUDA\v12.4\libnvvp;C:\Program Files\Oculus\Support\oculus-runtime;C:\Windows\system32;C:\Windows;C:\Windows\System32\Wbem;C:\Windows\System32\WindowsPowerShell\v1.0\;C:\Windows\System32\OpenSSH\;C:\Program Files (x86)\NVIDIA Corporation\PhysX\Common;C:\Program Files\NVIDIA Corporation\NVIDIA NvDLISR;C:\Program Files\dotnet\;C:\Program Files\MATLAB\R2024b\bin;C:\Program Files\Git\cmd;C:\Users\mpilo\AppData\Local\Programs\Python\Python311\;C:\Users\mpilo\AppData\Local\Programs\Python\Python311\Scripts\;C:\MinGW\bin;C:\Program Files\Microsoft SQL Server\150\Tools\Binn\;C:\Program Files (x86)\Windows Kits\10\Windows Performance Toolkit\;C:\Program Files\NVIDIA Corporation\Nsight Compute 2024.1.0\;C:\Users\mpilo\AppData\Local\Microsoft\WindowsApps;C:\Program Files\JetBrains\CLion 2021.3.4\bin;C:\Users\mpilo\AppData\Local\Programs\Julia-1.8.5\bin;C:\Users\mpilo\AppData\Local\GitHubDesktop\bin;C:\texlive\2024\bin\windows;C:\iverilog\bin;C:\iverilog\gtkwave\bin;C:\Users\mpilo\AppData\Local\Programs\Microsoft VS Code\bin;C:\Program Files\Microsoft Visual Studio\2022\Enterprise\Common7\IDE\CommonExtensions\Microsoft\CMake\CMake\bin;C:\Program Files\Microsoft Visual Studio\2022\Enterprise\Common7\IDE\CommonExtensions\Microsoft\CMake\Ninja;C:\Program Files\Microsoft Visual Studio\2022\Enterprise\Common7\IDE\VC\Linux\bin\ConnectionManagerExe;C:\Program Files\Microsoft Visual Studio\2022\Enterprise\VC\vcpkg VIRTUAL_ENV_PROMPT=(venv) C:\Program Files\MATLAB\R2024b\bin\win64\cmake\bin\cmake.EXE --install C:\Users\mpilo\Documents\Work\Research Project\Repo\EEE4022S-Project-2024-NXSMPI001\Simulink\build\nmpcsine[0m
[3.840s] [34mcolcon.colcon_core.environment[0m [1;30mLevel 1[0m create_environment_scripts_only(nmpcsine)
[3.848s] [34mcolcon.colcon_core.environment[0m [1;30mLevel 1[0m checking 'C:\Users\mpilo\Documents\Work\Research Project\Repo\EEE4022S-Project-2024-NXSMPI001\Simulink\install' for CMake module files
[3.848s] [34mcolcon.colcon_core.event_handler.log_command[0m [1;30mDEBUG[0m [32mInvoked command in 'C:\Users\mpilo\Documents\Work\Research Project\Repo\EEE4022S-Project-2024-NXSMPI001\Simulink\build\nmpcsine' returned '0': AMENT_PREFIX_PATH=C:\Users\mpilo\Documents\Work\Research Project\Repo\EEE4022S-Project-2024-NXSMPI001\Simulink\install;%AMENT_PREFIX_PATH% CMAKE_PREFIX_PATH=C:\Users\mpilo\Documents\Work\Research Project\Repo\EEE4022S-Project-2024-NXSMPI001\Simulink\install;C:\Program Files\MATLAB\R2024b\sys\ros2\win64\ros2; Path=C:\Users\mpilo\Documents\Work\Research Project\Repo\EEE4022S-Project-2024-NXSMPI001\Simulink\install\bin;C:\Program Files\MATLAB\R2024b\bin\win64\cmake\bin;C:\Program Files\MATLAB\R2024b\sys\ros2\win64\ros2\Scripts;C:\Program Files\MATLAB\R2024b\sys\ros2\win64\ros2\bin;C:\Program Files\Microsoft Visual Studio\2022\Enterprise\VC\Tools\MSVC\14.39.33519\bin\HostX86\x64;C:\Program Files\Microsoft Visual Studio\2022\Enterprise\VC\Tools\MSVC\14.39.33519\bin\HostX86\x86;C:\Program Files\Microsoft Visual Studio\2022\Enterprise\Common7\IDE\VC\VCPackages;C:\Program Files\Microsoft Visual Studio\2022\Enterprise\Common7\IDE\CommonExtensions\Microsoft\TestWindow;C:\Program Files\Microsoft Visual Studio\2022\Enterprise\Common7\IDE\CommonExtensions\Microsoft\TeamFoundation\Team Explorer;C:\Program Files\Microsoft Visual Studio\2022\Enterprise\MSBuild\Current\bin\Roslyn;C:\Program Files\Microsoft Visual Studio\2022\Enterprise\Team Tools\DiagnosticsHub\Collector;C:\Program Files\Microsoft Visual Studio\2022\Enterprise\Common7\IDE\Extensions\Microsoft\CodeCoverage.Console;C:\Program Files (x86)\Windows Kits\10\bin\10.0.22621.0\\x86;C:\Program Files (x86)\Windows Kits\10\bin\\x86;C:\Program Files\Microsoft Visual Studio\2022\Enterprise\\MSBuild\Current\Bin\amd64;C:\Windows\Microsoft.NET\Framework\v4.0.30319;C:\Program Files\Microsoft Visual Studio\2022\Enterprise\Common7\IDE\;C:\Program Files\Microsoft Visual Studio\2022\Enterprise\Common7\Tools\;C:\Users\mpilo\AppData\Roaming\MathWorks\MATLAB\R2023b\ros2\win64\venv\Scripts;C:\Program Files\MATLAB\R2024b\bin\win64;C:\Program Files\MATLAB\R2024b\toolbox\shared\coder\ninja\win64;C:\Program Files (x86)\VMware\VMware Player\bin\;C:\Program Files\Microsoft MPI\Bin\;C:\Program Files\NVIDIA GPU Computing Toolkit\CUDA\v12.4\bin;C:\Program Files\NVIDIA GPU Computing Toolkit\CUDA\v12.4\libnvvp;C:\Program Files\Oculus\Support\oculus-runtime;C:\Windows\system32;C:\Windows;C:\Windows\System32\Wbem;C:\Windows\System32\WindowsPowerShell\v1.0\;C:\Windows\System32\OpenSSH\;C:\Program Files (x86)\NVIDIA Corporation\PhysX\Common;C:\Program Files\NVIDIA Corporation\NVIDIA NvDLISR;C:\Program Files\dotnet\;C:\Program Files\MATLAB\R2024b\bin;C:\Program Files\Git\cmd;C:\Users\mpilo\AppData\Local\Programs\Python\Python311\;C:\Users\mpilo\AppData\Local\Programs\Python\Python311\Scripts\;C:\MinGW\bin;C:\Program Files\Microsoft SQL Server\150\Tools\Binn\;C:\Program Files (x86)\Windows Kits\10\Windows Performance Toolkit\;C:\Program Files\NVIDIA Corporation\Nsight Compute 2024.1.0\;C:\Users\mpilo\AppData\Local\Microsoft\WindowsApps;C:\Program Files\JetBrains\CLion 2021.3.4\bin;C:\Users\mpilo\AppData\Local\Programs\Julia-1.8.5\bin;C:\Users\mpilo\AppData\Local\GitHubDesktop\bin;C:\texlive\2024\bin\windows;C:\iverilog\bin;C:\iverilog\gtkwave\bin;C:\Users\mpilo\AppData\Local\Programs\Microsoft VS Code\bin;C:\Program Files\Microsoft Visual Studio\2022\Enterprise\Common7\IDE\CommonExtensions\Microsoft\CMake\CMake\bin;C:\Program Files\Microsoft Visual Studio\2022\Enterprise\Common7\IDE\CommonExtensions\Microsoft\CMake\Ninja;C:\Program Files\Microsoft Visual Studio\2022\Enterprise\Common7\IDE\VC\Linux\bin\ConnectionManagerExe;C:\Program Files\Microsoft Visual Studio\2022\Enterprise\VC\vcpkg VIRTUAL_ENV_PROMPT=(venv) C:\Program Files\MATLAB\R2024b\bin\win64\cmake\bin\cmake.EXE --install C:\Users\mpilo\Documents\Work\Research Project\Repo\EEE4022S-Project-2024-NXSMPI001\Simulink\build\nmpcsine[0m
[3.850s] [34mcolcon.colcon_core.environment[0m [1;30mLevel 1[0m checking 'C:\Users\mpilo\Documents\Work\Research Project\Repo\EEE4022S-Project-2024-NXSMPI001\Simulink\install' for CMake config files
[3.853s] [34mcolcon.colcon_core.shell[0m [1;30mLevel 1[0m create_environment_hook('nmpcsine', 'cmake_prefix_path')
[3.858s] [34mcolcon.colcon_core.shell[0m [1;30mINFO[0m Creating environment hook 'C:\Users\mpilo\Documents\Work\Research Project\Repo\EEE4022S-Project-2024-NXSMPI001\Simulink\install\share\nmpcsine\hook\cmake_prefix_path.ps1'
[3.859s] [34mcolcon.colcon_core.shell[0m [1;30mINFO[0m Creating environment hook 'C:\Users\mpilo\Documents\Work\Research Project\Repo\EEE4022S-Project-2024-NXSMPI001\Simulink\install\share\nmpcsine\hook\cmake_prefix_path.bat'
[3.859s] [34mcolcon.colcon_core.shell[0m [1;30mINFO[0m Creating environment descriptor 'C:\Users\mpilo\Documents\Work\Research Project\Repo\EEE4022S-Project-2024-NXSMPI001\Simulink\install\share\nmpcsine\hook\cmake_prefix_path.dsv'
[3.860s] [34mcolcon.colcon_core.environment[0m [1;30mLevel 1[0m checking 'C:\Users\mpilo\Documents\Work\Research Project\Repo\EEE4022S-Project-2024-NXSMPI001\Simulink\install\bin'
[3.860s] [34mcolcon.colcon_core.shell[0m [1;30mLevel 1[0m create_environment_hook('nmpcsine', 'path_dll')
[3.865s] [34mcolcon.colcon_core.shell[0m [1;30mINFO[0m Creating environment hook 'C:\Users\mpilo\Documents\Work\Research Project\Repo\EEE4022S-Project-2024-NXSMPI001\Simulink\install\share\nmpcsine\hook\path_dll.ps1'
[3.866s] [34mcolcon.colcon_core.shell[0m [1;30mINFO[0m Creating environment hook 'C:\Users\mpilo\Documents\Work\Research Project\Repo\EEE4022S-Project-2024-NXSMPI001\Simulink\install\share\nmpcsine\hook\path_dll.bat'
[3.867s] [34mcolcon.colcon_core.shell[0m [1;30mINFO[0m Creating environment descriptor 'C:\Users\mpilo\Documents\Work\Research Project\Repo\EEE4022S-Project-2024-NXSMPI001\Simulink\install\share\nmpcsine\hook\path_dll.dsv'
[3.867s] [34mcolcon.colcon_core.environment[0m [1;30mLevel 1[0m checking 'C:\Users\mpilo\Documents\Work\Research Project\Repo\EEE4022S-Project-2024-NXSMPI001\Simulink\install\bin'
[3.868s] [34mcolcon.colcon_core.shell[0m [1;30mLevel 1[0m create_environment_hook('nmpcsine', 'path')
[3.872s] [34mcolcon.colcon_core.shell[0m [1;30mINFO[0m Creating environment hook 'C:\Users\mpilo\Documents\Work\Research Project\Repo\EEE4022S-Project-2024-NXSMPI001\Simulink\install\share\nmpcsine\hook\path.ps1'
[3.873s] [34mcolcon.colcon_core.shell[0m [1;30mINFO[0m Creating environment hook 'C:\Users\mpilo\Documents\Work\Research Project\Repo\EEE4022S-Project-2024-NXSMPI001\Simulink\install\share\nmpcsine\hook\path.bat'
[3.874s] [34mcolcon.colcon_core.shell[0m [1;30mINFO[0m Creating environment descriptor 'C:\Users\mpilo\Documents\Work\Research Project\Repo\EEE4022S-Project-2024-NXSMPI001\Simulink\install\share\nmpcsine\hook\path.dsv'
[3.875s] [34mcolcon.colcon_core.environment[0m [1;30mLevel 1[0m checking 'C:\Users\mpilo\Documents\Work\Research Project\Repo\EEE4022S-Project-2024-NXSMPI001\Simulink\install\lib\pkgconfig\nmpcsine.pc'
[3.875s] [34mcolcon.colcon_core.environment[0m [1;30mLevel 1[0m checking 'C:\Users\mpilo\Documents\Work\Research Project\Repo\EEE4022S-Project-2024-NXSMPI001\Simulink\install\Lib\site-packages'
[3.875s] [34mcolcon.colcon_core.environment[0m [1;30mLevel 1[0m checking 'C:\Users\mpilo\Documents\Work\Research Project\Repo\EEE4022S-Project-2024-NXSMPI001\Simulink\install\Scripts'
[3.880s] [34mcolcon.colcon_core.shell[0m [1;30mINFO[0m Creating package script 'C:\Users\mpilo\Documents\Work\Research Project\Repo\EEE4022S-Project-2024-NXSMPI001\Simulink\install\share\nmpcsine\package.ps1'
[3.881s] [34mcolcon.colcon_core.shell[0m [1;30mINFO[0m Creating package script 'C:\Users\mpilo\Documents\Work\Research Project\Repo\EEE4022S-Project-2024-NXSMPI001\Simulink\install\share\nmpcsine\package.bat'
[3.882s] [34mcolcon.colcon_core.shell[0m [1;30mINFO[0m Creating package descriptor 'C:\Users\mpilo\Documents\Work\Research Project\Repo\EEE4022S-Project-2024-NXSMPI001\Simulink\install\share\nmpcsine\package.dsv'
[3.883s] [34mcolcon.colcon_core.environment[0m [1;30mLevel 1[0m create_file_with_runtime_dependencies(C:\Users\mpilo\Documents\Work\Research Project\Repo\EEE4022S-Project-2024-NXSMPI001\Simulink\install\share\colcon-core\packages\nmpcsine)
[3.952s] [34mcolcon.colcon_core.environment[0m [1;30mLevel 1[0m create_environment_scripts_only(nmpcsine)
[3.960s] [34mcolcon.colcon_core.environment[0m [1;30mLevel 1[0m checking 'C:\Users\mpilo\Documents\Work\Research Project\Repo\EEE4022S-Project-2024-NXSMPI001\Simulink\install' for CMake module files
[3.962s] [34mcolcon.colcon_core.environment[0m [1;30mLevel 1[0m checking 'C:\Users\mpilo\Documents\Work\Research Project\Repo\EEE4022S-Project-2024-NXSMPI001\Simulink\install' for CMake config files
[3.965s] [34mcolcon.colcon_core.shell[0m [1;30mLevel 1[0m create_environment_hook('nmpcsine', 'cmake_prefix_path')
[3.969s] [34mcolcon.colcon_core.shell[0m [1;30mINFO[0m Creating environment hook 'C:\Users\mpilo\Documents\Work\Research Project\Repo\EEE4022S-Project-2024-NXSMPI001\Simulink\install\share\nmpcsine\hook\cmake_prefix_path.ps1'
[3.970s] [34mcolcon.colcon_core.shell[0m [1;30mINFO[0m Creating environment hook 'C:\Users\mpilo\Documents\Work\Research Project\Repo\EEE4022S-Project-2024-NXSMPI001\Simulink\install\share\nmpcsine\hook\cmake_prefix_path.bat'
[3.971s] [34mcolcon.colcon_core.shell[0m [1;30mINFO[0m Creating environment descriptor 'C:\Users\mpilo\Documents\Work\Research Project\Repo\EEE4022S-Project-2024-NXSMPI001\Simulink\install\share\nmpcsine\hook\cmake_prefix_path.dsv'
[3.972s] [34mcolcon.colcon_core.environment[0m [1;30mLevel 1[0m checking 'C:\Users\mpilo\Documents\Work\Research Project\Repo\EEE4022S-Project-2024-NXSMPI001\Simulink\install\bin'
[3.972s] [34mcolcon.colcon_core.shell[0m [1;30mLevel 1[0m create_environment_hook('nmpcsine', 'path_dll')
[3.976s] [34mcolcon.colcon_core.shell[0m [1;30mINFO[0m Creating environment hook 'C:\Users\mpilo\Documents\Work\Research Project\Repo\EEE4022S-Project-2024-NXSMPI001\Simulink\install\share\nmpcsine\hook\path_dll.ps1'
[3.977s] [34mcolcon.colcon_core.shell[0m [1;30mINFO[0m Creating environment hook 'C:\Users\mpilo\Documents\Work\Research Project\Repo\EEE4022S-Project-2024-NXSMPI001\Simulink\install\share\nmpcsine\hook\path_dll.bat'
[3.978s] [34mcolcon.colcon_core.shell[0m [1;30mINFO[0m Creating environment descriptor 'C:\Users\mpilo\Documents\Work\Research Project\Repo\EEE4022S-Project-2024-NXSMPI001\Simulink\install\share\nmpcsine\hook\path_dll.dsv'
[3.979s] [34mcolcon.colcon_core.environment[0m [1;30mLevel 1[0m checking 'C:\Users\mpilo\Documents\Work\Research Project\Repo\EEE4022S-Project-2024-NXSMPI001\Simulink\install\bin'
[3.979s] [34mcolcon.colcon_core.shell[0m [1;30mLevel 1[0m create_environment_hook('nmpcsine', 'path')
[3.984s] [34mcolcon.colcon_core.shell[0m [1;30mINFO[0m Creating environment hook 'C:\Users\mpilo\Documents\Work\Research Project\Repo\EEE4022S-Project-2024-NXSMPI001\Simulink\install\share\nmpcsine\hook\path.ps1'
[3.984s] [34mcolcon.colcon_core.shell[0m [1;30mINFO[0m Creating environment hook 'C:\Users\mpilo\Documents\Work\Research Project\Repo\EEE4022S-Project-2024-NXSMPI001\Simulink\install\share\nmpcsine\hook\path.bat'
[3.985s] [34mcolcon.colcon_core.shell[0m [1;30mINFO[0m Creating environment descriptor 'C:\Users\mpilo\Documents\Work\Research Project\Repo\EEE4022S-Project-2024-NXSMPI001\Simulink\install\share\nmpcsine\hook\path.dsv'
[3.986s] [34mcolcon.colcon_core.environment[0m [1;30mLevel 1[0m checking 'C:\Users\mpilo\Documents\Work\Research Project\Repo\EEE4022S-Project-2024-NXSMPI001\Simulink\install\lib\pkgconfig\nmpcsine.pc'
[3.986s] [34mcolcon.colcon_core.environment[0m [1;30mLevel 1[0m checking 'C:\Users\mpilo\Documents\Work\Research Project\Repo\EEE4022S-Project-2024-NXSMPI001\Simulink\install\Lib\site-packages'
[3.986s] [34mcolcon.colcon_core.environment[0m [1;30mLevel 1[0m checking 'C:\Users\mpilo\Documents\Work\Research Project\Repo\EEE4022S-Project-2024-NXSMPI001\Simulink\install\Scripts'
[3.991s] [34mcolcon.colcon_core.shell[0m [1;30mINFO[0m Creating package script 'C:\Users\mpilo\Documents\Work\Research Project\Repo\EEE4022S-Project-2024-NXSMPI001\Simulink\install\share\nmpcsine\package.ps1'
[3.992s] [34mcolcon.colcon_core.shell[0m [1;30mINFO[0m Creating package script 'C:\Users\mpilo\Documents\Work\Research Project\Repo\EEE4022S-Project-2024-NXSMPI001\Simulink\install\share\nmpcsine\package.bat'
[3.992s] [34mcolcon.colcon_core.shell[0m [1;30mINFO[0m Creating package descriptor 'C:\Users\mpilo\Documents\Work\Research Project\Repo\EEE4022S-Project-2024-NXSMPI001\Simulink\install\share\nmpcsine\package.dsv'
[3.993s] [34mcolcon.colcon_core.environment[0m [1;30mLevel 1[0m create_file_with_runtime_dependencies(C:\Users\mpilo\Documents\Work\Research Project\Repo\EEE4022S-Project-2024-NXSMPI001\Simulink\install\share\colcon-core\packages\nmpcsine)
[9.703s] [34mcolcon.colcon_core.event_handler.log_command[0m [1;30mDEBUG[0m [32mInvoked command in 'C:\Users\mpilo\Documents\Work\Research Project\Repo\EEE4022S-Project-2024-NXSMPI001\Simulink\build\nmpcrect' returned '0': AMENT_PREFIX_PATH=C:\Users\mpilo\Documents\Work\Research Project\Repo\EEE4022S-Project-2024-NXSMPI001\Simulink\install;%AMENT_PREFIX_PATH% CMAKE_PREFIX_PATH=C:\Users\mpilo\Documents\Work\Research Project\Repo\EEE4022S-Project-2024-NXSMPI001\Simulink\install;C:\Program Files\MATLAB\R2024b\sys\ros2\win64\ros2; Path=C:\Users\mpilo\Documents\Work\Research Project\Repo\EEE4022S-Project-2024-NXSMPI001\Simulink\install\bin;C:\Program Files\MATLAB\R2024b\bin\win64\cmake\bin;C:\Program Files\MATLAB\R2024b\sys\ros2\win64\ros2\Scripts;C:\Program Files\MATLAB\R2024b\sys\ros2\win64\ros2\bin;C:\Program Files\Microsoft Visual Studio\2022\Enterprise\VC\Tools\MSVC\14.39.33519\bin\HostX86\x64;C:\Program Files\Microsoft Visual Studio\2022\Enterprise\VC\Tools\MSVC\14.39.33519\bin\HostX86\x86;C:\Program Files\Microsoft Visual Studio\2022\Enterprise\Common7\IDE\VC\VCPackages;C:\Program Files\Microsoft Visual Studio\2022\Enterprise\Common7\IDE\CommonExtensions\Microsoft\TestWindow;C:\Program Files\Microsoft Visual Studio\2022\Enterprise\Common7\IDE\CommonExtensions\Microsoft\TeamFoundation\Team Explorer;C:\Program Files\Microsoft Visual Studio\2022\Enterprise\MSBuild\Current\bin\Roslyn;C:\Program Files\Microsoft Visual Studio\2022\Enterprise\Team Tools\DiagnosticsHub\Collector;C:\Program Files\Microsoft Visual Studio\2022\Enterprise\Common7\IDE\Extensions\Microsoft\CodeCoverage.Console;C:\Program Files (x86)\Windows Kits\10\bin\10.0.22621.0\\x86;C:\Program Files (x86)\Windows Kits\10\bin\\x86;C:\Program Files\Microsoft Visual Studio\2022\Enterprise\\MSBuild\Current\Bin\amd64;C:\Windows\Microsoft.NET\Framework\v4.0.30319;C:\Program Files\Microsoft Visual Studio\2022\Enterprise\Common7\IDE\;C:\Program Files\Microsoft Visual Studio\2022\Enterprise\Common7\Tools\;C:\Users\mpilo\AppData\Roaming\MathWorks\MATLAB\R2023b\ros2\win64\venv\Scripts;C:\Program Files\MATLAB\R2024b\bin\win64;C:\Program Files\MATLAB\R2024b\toolbox\shared\coder\ninja\win64;C:\Program Files (x86)\VMware\VMware Player\bin\;C:\Program Files\Microsoft MPI\Bin\;C:\Program Files\NVIDIA GPU Computing Toolkit\CUDA\v12.4\bin;C:\Program Files\NVIDIA GPU Computing Toolkit\CUDA\v12.4\libnvvp;C:\Program Files\Oculus\Support\oculus-runtime;C:\Windows\system32;C:\Windows;C:\Windows\System32\Wbem;C:\Windows\System32\WindowsPowerShell\v1.0\;C:\Windows\System32\OpenSSH\;C:\Program Files (x86)\NVIDIA Corporation\PhysX\Common;C:\Program Files\NVIDIA Corporation\NVIDIA NvDLISR;C:\Program Files\dotnet\;C:\Program Files\MATLAB\R2024b\bin;C:\Program Files\Git\cmd;C:\Users\mpilo\AppData\Local\Programs\Python\Python311\;C:\Users\mpilo\AppData\Local\Programs\Python\Python311\Scripts\;C:\MinGW\bin;C:\Program Files\Microsoft SQL Server\150\Tools\Binn\;C:\Program Files (x86)\Windows Kits\10\Windows Performance Toolkit\;C:\Program Files\NVIDIA Corporation\Nsight Compute 2024.1.0\;C:\Users\mpilo\AppData\Local\Microsoft\WindowsApps;C:\Program Files\JetBrains\CLion 2021.3.4\bin;C:\Users\mpilo\AppData\Local\Programs\Julia-1.8.5\bin;C:\Users\mpilo\AppData\Local\GitHubDesktop\bin;C:\texlive\2024\bin\windows;C:\iverilog\bin;C:\iverilog\gtkwave\bin;C:\Users\mpilo\AppData\Local\Programs\Microsoft VS Code\bin;C:\Program Files\Microsoft Visual Studio\2022\Enterprise\Common7\IDE\CommonExtensions\Microsoft\CMake\CMake\bin;C:\Program Files\Microsoft Visual Studio\2022\Enterprise\Common7\IDE\CommonExtensions\Microsoft\CMake\Ninja;C:\Program Files\Microsoft Visual Studio\2022\Enterprise\Common7\IDE\VC\Linux\bin\ConnectionManagerExe;C:\Program Files\Microsoft Visual Studio\2022\Enterprise\VC\vcpkg VIRTUAL_ENV_PROMPT=(venv) C:\Program Files\MATLAB\R2024b\bin\win64\cmake\bin\cmake.EXE C:\Users\mpilo\Documents\Work\Research Project\Repo\EEE4022S-Project-2024-NXSMPI001\Simulink\src\nmpcrect -DALIAS_ROS2_TF2=1 -G Ninja -DCMAKE_INSTALL_PREFIX=C:\Users\mpilo\Documents\Work\Research Project\Repo\EEE4022S-Project-2024-NXSMPI001\Simulink\install[0m
[9.704s] [34mcolcon.colcon_core.event_handler.log_command[0m [1;30mDEBUG[0m [32mInvoking command in 'C:\Users\mpilo\Documents\Work\Research Project\Repo\EEE4022S-Project-2024-NXSMPI001\Simulink\build\nmpcrect': AMENT_PREFIX_PATH=C:\Users\mpilo\Documents\Work\Research Project\Repo\EEE4022S-Project-2024-NXSMPI001\Simulink\install;%AMENT_PREFIX_PATH% CMAKE_PREFIX_PATH=C:\Users\mpilo\Documents\Work\Research Project\Repo\EEE4022S-Project-2024-NXSMPI001\Simulink\install;C:\Program Files\MATLAB\R2024b\sys\ros2\win64\ros2; Path=C:\Users\mpilo\Documents\Work\Research Project\Repo\EEE4022S-Project-2024-NXSMPI001\Simulink\install\bin;C:\Program Files\MATLAB\R2024b\bin\win64\cmake\bin;C:\Program Files\MATLAB\R2024b\sys\ros2\win64\ros2\Scripts;C:\Program Files\MATLAB\R2024b\sys\ros2\win64\ros2\bin;C:\Program Files\Microsoft Visual Studio\2022\Enterprise\VC\Tools\MSVC\14.39.33519\bin\HostX86\x64;C:\Program Files\Microsoft Visual Studio\2022\Enterprise\VC\Tools\MSVC\14.39.33519\bin\HostX86\x86;C:\Program Files\Microsoft Visual Studio\2022\Enterprise\Common7\IDE\VC\VCPackages;C:\Program Files\Microsoft Visual Studio\2022\Enterprise\Common7\IDE\CommonExtensions\Microsoft\TestWindow;C:\Program Files\Microsoft Visual Studio\2022\Enterprise\Common7\IDE\CommonExtensions\Microsoft\TeamFoundation\Team Explorer;C:\Program Files\Microsoft Visual Studio\2022\Enterprise\MSBuild\Current\bin\Roslyn;C:\Program Files\Microsoft Visual Studio\2022\Enterprise\Team Tools\DiagnosticsHub\Collector;C:\Program Files\Microsoft Visual Studio\2022\Enterprise\Common7\IDE\Extensions\Microsoft\CodeCoverage.Console;C:\Program Files (x86)\Windows Kits\10\bin\10.0.22621.0\\x86;C:\Program Files (x86)\Windows Kits\10\bin\\x86;C:\Program Files\Microsoft Visual Studio\2022\Enterprise\\MSBuild\Current\Bin\amd64;C:\Windows\Microsoft.NET\Framework\v4.0.30319;C:\Program Files\Microsoft Visual Studio\2022\Enterprise\Common7\IDE\;C:\Program Files\Microsoft Visual Studio\2022\Enterprise\Common7\Tools\;C:\Users\mpilo\AppData\Roaming\MathWorks\MATLAB\R2023b\ros2\win64\venv\Scripts;C:\Program Files\MATLAB\R2024b\bin\win64;C:\Program Files\MATLAB\R2024b\toolbox\shared\coder\ninja\win64;C:\Program Files (x86)\VMware\VMware Player\bin\;C:\Program Files\Microsoft MPI\Bin\;C:\Program Files\NVIDIA GPU Computing Toolkit\CUDA\v12.4\bin;C:\Program Files\NVIDIA GPU Computing Toolkit\CUDA\v12.4\libnvvp;C:\Program Files\Oculus\Support\oculus-runtime;C:\Windows\system32;C:\Windows;C:\Windows\System32\Wbem;C:\Windows\System32\WindowsPowerShell\v1.0\;C:\Windows\System32\OpenSSH\;C:\Program Files (x86)\NVIDIA Corporation\PhysX\Common;C:\Program Files\NVIDIA Corporation\NVIDIA NvDLISR;C:\Program Files\dotnet\;C:\Program Files\MATLAB\R2024b\bin;C:\Program Files\Git\cmd;C:\Users\mpilo\AppData\Local\Programs\Python\Python311\;C:\Users\mpilo\AppData\Local\Programs\Python\Python311\Scripts\;C:\MinGW\bin;C:\Program Files\Microsoft SQL Server\150\Tools\Binn\;C:\Program Files (x86)\Windows Kits\10\Windows Performance Toolkit\;C:\Program Files\NVIDIA Corporation\Nsight Compute 2024.1.0\;C:\Users\mpilo\AppData\Local\Microsoft\WindowsApps;C:\Program Files\JetBrains\CLion 2021.3.4\bin;C:\Users\mpilo\AppData\Local\Programs\Julia-1.8.5\bin;C:\Users\mpilo\AppData\Local\GitHubDesktop\bin;C:\texlive\2024\bin\windows;C:\iverilog\bin;C:\iverilog\gtkwave\bin;C:\Users\mpilo\AppData\Local\Programs\Microsoft VS Code\bin;C:\Program Files\Microsoft Visual Studio\2022\Enterprise\Common7\IDE\CommonExtensions\Microsoft\CMake\CMake\bin;C:\Program Files\Microsoft Visual Studio\2022\Enterprise\Common7\IDE\CommonExtensions\Microsoft\CMake\Ninja;C:\Program Files\Microsoft Visual Studio\2022\Enterprise\Common7\IDE\VC\Linux\bin\ConnectionManagerExe;C:\Program Files\Microsoft Visual Studio\2022\Enterprise\VC\vcpkg VIRTUAL_ENV_PROMPT=(venv) C:\Program Files\MATLAB\R2024b\bin\win64\cmake\bin\cmake.EXE --build C:\Users\mpilo\Documents\Work\Research Project\Repo\EEE4022S-Project-2024-NXSMPI001\Simulink\build\nmpcrect -- -j16 -l16[0m
[19.193s] [34mcolcon.colcon_core.event_handler.log_command[0m [1;30mDEBUG[0m [32mInvoked command in 'C:\Users\mpilo\Documents\Work\Research Project\Repo\EEE4022S-Project-2024-NXSMPI001\Simulink\build\nmpcrect' returned '0': AMENT_PREFIX_PATH=C:\Users\mpilo\Documents\Work\Research Project\Repo\EEE4022S-Project-2024-NXSMPI001\Simulink\install;%AMENT_PREFIX_PATH% CMAKE_PREFIX_PATH=C:\Users\mpilo\Documents\Work\Research Project\Repo\EEE4022S-Project-2024-NXSMPI001\Simulink\install;C:\Program Files\MATLAB\R2024b\sys\ros2\win64\ros2; Path=C:\Users\mpilo\Documents\Work\Research Project\Repo\EEE4022S-Project-2024-NXSMPI001\Simulink\install\bin;C:\Program Files\MATLAB\R2024b\bin\win64\cmake\bin;C:\Program Files\MATLAB\R2024b\sys\ros2\win64\ros2\Scripts;C:\Program Files\MATLAB\R2024b\sys\ros2\win64\ros2\bin;C:\Program Files\Microsoft Visual Studio\2022\Enterprise\VC\Tools\MSVC\14.39.33519\bin\HostX86\x64;C:\Program Files\Microsoft Visual Studio\2022\Enterprise\VC\Tools\MSVC\14.39.33519\bin\HostX86\x86;C:\Program Files\Microsoft Visual Studio\2022\Enterprise\Common7\IDE\VC\VCPackages;C:\Program Files\Microsoft Visual Studio\2022\Enterprise\Common7\IDE\CommonExtensions\Microsoft\TestWindow;C:\Program Files\Microsoft Visual Studio\2022\Enterprise\Common7\IDE\CommonExtensions\Microsoft\TeamFoundation\Team Explorer;C:\Program Files\Microsoft Visual Studio\2022\Enterprise\MSBuild\Current\bin\Roslyn;C:\Program Files\Microsoft Visual Studio\2022\Enterprise\Team Tools\DiagnosticsHub\Collector;C:\Program Files\Microsoft Visual Studio\2022\Enterprise\Common7\IDE\Extensions\Microsoft\CodeCoverage.Console;C:\Program Files (x86)\Windows Kits\10\bin\10.0.22621.0\\x86;C:\Program Files (x86)\Windows Kits\10\bin\\x86;C:\Program Files\Microsoft Visual Studio\2022\Enterprise\\MSBuild\Current\Bin\amd64;C:\Windows\Microsoft.NET\Framework\v4.0.30319;C:\Program Files\Microsoft Visual Studio\2022\Enterprise\Common7\IDE\;C:\Program Files\Microsoft Visual Studio\2022\Enterprise\Common7\Tools\;C:\Users\mpilo\AppData\Roaming\MathWorks\MATLAB\R2023b\ros2\win64\venv\Scripts;C:\Program Files\MATLAB\R2024b\bin\win64;C:\Program Files\MATLAB\R2024b\toolbox\shared\coder\ninja\win64;C:\Program Files (x86)\VMware\VMware Player\bin\;C:\Program Files\Microsoft MPI\Bin\;C:\Program Files\NVIDIA GPU Computing Toolkit\CUDA\v12.4\bin;C:\Program Files\NVIDIA GPU Computing Toolkit\CUDA\v12.4\libnvvp;C:\Program Files\Oculus\Support\oculus-runtime;C:\Windows\system32;C:\Windows;C:\Windows\System32\Wbem;C:\Windows\System32\WindowsPowerShell\v1.0\;C:\Windows\System32\OpenSSH\;C:\Program Files (x86)\NVIDIA Corporation\PhysX\Common;C:\Program Files\NVIDIA Corporation\NVIDIA NvDLISR;C:\Program Files\dotnet\;C:\Program Files\MATLAB\R2024b\bin;C:\Program Files\Git\cmd;C:\Users\mpilo\AppData\Local\Programs\Python\Python311\;C:\Users\mpilo\AppData\Local\Programs\Python\Python311\Scripts\;C:\MinGW\bin;C:\Program Files\Microsoft SQL Server\150\Tools\Binn\;C:\Program Files (x86)\Windows Kits\10\Windows Performance Toolkit\;C:\Program Files\NVIDIA Corporation\Nsight Compute 2024.1.0\;C:\Users\mpilo\AppData\Local\Microsoft\WindowsApps;C:\Program Files\JetBrains\CLion 2021.3.4\bin;C:\Users\mpilo\AppData\Local\Programs\Julia-1.8.5\bin;C:\Users\mpilo\AppData\Local\GitHubDesktop\bin;C:\texlive\2024\bin\windows;C:\iverilog\bin;C:\iverilog\gtkwave\bin;C:\Users\mpilo\AppData\Local\Programs\Microsoft VS Code\bin;C:\Program Files\Microsoft Visual Studio\2022\Enterprise\Common7\IDE\CommonExtensions\Microsoft\CMake\CMake\bin;C:\Program Files\Microsoft Visual Studio\2022\Enterprise\Common7\IDE\CommonExtensions\Microsoft\CMake\Ninja;C:\Program Files\Microsoft Visual Studio\2022\Enterprise\Common7\IDE\VC\Linux\bin\ConnectionManagerExe;C:\Program Files\Microsoft Visual Studio\2022\Enterprise\VC\vcpkg VIRTUAL_ENV_PROMPT=(venv) C:\Program Files\MATLAB\R2024b\bin\win64\cmake\bin\cmake.EXE --build C:\Users\mpilo\Documents\Work\Research Project\Repo\EEE4022S-Project-2024-NXSMPI001\Simulink\build\nmpcrect -- -j16 -l16[0m
[19.260s] [34mcolcon.colcon_core.event_handler.log_command[0m [1;30mDEBUG[0m [32mInvoking command in 'C:\Users\mpilo\Documents\Work\Research Project\Repo\EEE4022S-Project-2024-NXSMPI001\Simulink\build\nmpcrect': AMENT_PREFIX_PATH=C:\Users\mpilo\Documents\Work\Research Project\Repo\EEE4022S-Project-2024-NXSMPI001\Simulink\install;%AMENT_PREFIX_PATH% CMAKE_PREFIX_PATH=C:\Users\mpilo\Documents\Work\Research Project\Repo\EEE4022S-Project-2024-NXSMPI001\Simulink\install;C:\Program Files\MATLAB\R2024b\sys\ros2\win64\ros2; Path=C:\Users\mpilo\Documents\Work\Research Project\Repo\EEE4022S-Project-2024-NXSMPI001\Simulink\install\bin;C:\Program Files\MATLAB\R2024b\bin\win64\cmake\bin;C:\Program Files\MATLAB\R2024b\sys\ros2\win64\ros2\Scripts;C:\Program Files\MATLAB\R2024b\sys\ros2\win64\ros2\bin;C:\Program Files\Microsoft Visual Studio\2022\Enterprise\VC\Tools\MSVC\14.39.33519\bin\HostX86\x64;C:\Program Files\Microsoft Visual Studio\2022\Enterprise\VC\Tools\MSVC\14.39.33519\bin\HostX86\x86;C:\Program Files\Microsoft Visual Studio\2022\Enterprise\Common7\IDE\VC\VCPackages;C:\Program Files\Microsoft Visual Studio\2022\Enterprise\Common7\IDE\CommonExtensions\Microsoft\TestWindow;C:\Program Files\Microsoft Visual Studio\2022\Enterprise\Common7\IDE\CommonExtensions\Microsoft\TeamFoundation\Team Explorer;C:\Program Files\Microsoft Visual Studio\2022\Enterprise\MSBuild\Current\bin\Roslyn;C:\Program Files\Microsoft Visual Studio\2022\Enterprise\Team Tools\DiagnosticsHub\Collector;C:\Program Files\Microsoft Visual Studio\2022\Enterprise\Common7\IDE\Extensions\Microsoft\CodeCoverage.Console;C:\Program Files (x86)\Windows Kits\10\bin\10.0.22621.0\\x86;C:\Program Files (x86)\Windows Kits\10\bin\\x86;C:\Program Files\Microsoft Visual Studio\2022\Enterprise\\MSBuild\Current\Bin\amd64;C:\Windows\Microsoft.NET\Framework\v4.0.30319;C:\Program Files\Microsoft Visual Studio\2022\Enterprise\Common7\IDE\;C:\Program Files\Microsoft Visual Studio\2022\Enterprise\Common7\Tools\;C:\Users\mpilo\AppData\Roaming\MathWorks\MATLAB\R2023b\ros2\win64\venv\Scripts;C:\Program Files\MATLAB\R2024b\bin\win64;C:\Program Files\MATLAB\R2024b\toolbox\shared\coder\ninja\win64;C:\Program Files (x86)\VMware\VMware Player\bin\;C:\Program Files\Microsoft MPI\Bin\;C:\Program Files\NVIDIA GPU Computing Toolkit\CUDA\v12.4\bin;C:\Program Files\NVIDIA GPU Computing Toolkit\CUDA\v12.4\libnvvp;C:\Program Files\Oculus\Support\oculus-runtime;C:\Windows\system32;C:\Windows;C:\Windows\System32\Wbem;C:\Windows\System32\WindowsPowerShell\v1.0\;C:\Windows\System32\OpenSSH\;C:\Program Files (x86)\NVIDIA Corporation\PhysX\Common;C:\Program Files\NVIDIA Corporation\NVIDIA NvDLISR;C:\Program Files\dotnet\;C:\Program Files\MATLAB\R2024b\bin;C:\Program Files\Git\cmd;C:\Users\mpilo\AppData\Local\Programs\Python\Python311\;C:\Users\mpilo\AppData\Local\Programs\Python\Python311\Scripts\;C:\MinGW\bin;C:\Program Files\Microsoft SQL Server\150\Tools\Binn\;C:\Program Files (x86)\Windows Kits\10\Windows Performance Toolkit\;C:\Program Files\NVIDIA Corporation\Nsight Compute 2024.1.0\;C:\Users\mpilo\AppData\Local\Microsoft\WindowsApps;C:\Program Files\JetBrains\CLion 2021.3.4\bin;C:\Users\mpilo\AppData\Local\Programs\Julia-1.8.5\bin;C:\Users\mpilo\AppData\Local\GitHubDesktop\bin;C:\texlive\2024\bin\windows;C:\iverilog\bin;C:\iverilog\gtkwave\bin;C:\Users\mpilo\AppData\Local\Programs\Microsoft VS Code\bin;C:\Program Files\Microsoft Visual Studio\2022\Enterprise\Common7\IDE\CommonExtensions\Microsoft\CMake\CMake\bin;C:\Program Files\Microsoft Visual Studio\2022\Enterprise\Common7\IDE\CommonExtensions\Microsoft\CMake\Ninja;C:\Program Files\Microsoft Visual Studio\2022\Enterprise\Common7\IDE\VC\Linux\bin\ConnectionManagerExe;C:\Program Files\Microsoft Visual Studio\2022\Enterprise\VC\vcpkg VIRTUAL_ENV_PROMPT=(venv) C:\Program Files\MATLAB\R2024b\bin\win64\cmake\bin\cmake.EXE --install C:\Users\mpilo\Documents\Work\Research Project\Repo\EEE4022S-Project-2024-NXSMPI001\Simulink\build\nmpcrect[0m
[19.318s] [34mcolcon.colcon_core.environment[0m [1;30mLevel 1[0m create_environment_scripts_only(nmpcrect)
[19.326s] [34mcolcon.colcon_core.environment[0m [1;30mLevel 1[0m checking 'C:\Users\mpilo\Documents\Work\Research Project\Repo\EEE4022S-Project-2024-NXSMPI001\Simulink\install' for CMake module files
[19.327s] [34mcolcon.colcon_core.event_handler.log_command[0m [1;30mDEBUG[0m [32mInvoked command in 'C:\Users\mpilo\Documents\Work\Research Project\Repo\EEE4022S-Project-2024-NXSMPI001\Simulink\build\nmpcrect' returned '0': AMENT_PREFIX_PATH=C:\Users\mpilo\Documents\Work\Research Project\Repo\EEE4022S-Project-2024-NXSMPI001\Simulink\install;%AMENT_PREFIX_PATH% CMAKE_PREFIX_PATH=C:\Users\mpilo\Documents\Work\Research Project\Repo\EEE4022S-Project-2024-NXSMPI001\Simulink\install;C:\Program Files\MATLAB\R2024b\sys\ros2\win64\ros2; Path=C:\Users\mpilo\Documents\Work\Research Project\Repo\EEE4022S-Project-2024-NXSMPI001\Simulink\install\bin;C:\Program Files\MATLAB\R2024b\bin\win64\cmake\bin;C:\Program Files\MATLAB\R2024b\sys\ros2\win64\ros2\Scripts;C:\Program Files\MATLAB\R2024b\sys\ros2\win64\ros2\bin;C:\Program Files\Microsoft Visual Studio\2022\Enterprise\VC\Tools\MSVC\14.39.33519\bin\HostX86\x64;C:\Program Files\Microsoft Visual Studio\2022\Enterprise\VC\Tools\MSVC\14.39.33519\bin\HostX86\x86;C:\Program Files\Microsoft Visual Studio\2022\Enterprise\Common7\IDE\VC\VCPackages;C:\Program Files\Microsoft Visual Studio\2022\Enterprise\Common7\IDE\CommonExtensions\Microsoft\TestWindow;C:\Program Files\Microsoft Visual Studio\2022\Enterprise\Common7\IDE\CommonExtensions\Microsoft\TeamFoundation\Team Explorer;C:\Program Files\Microsoft Visual Studio\2022\Enterprise\MSBuild\Current\bin\Roslyn;C:\Program Files\Microsoft Visual Studio\2022\Enterprise\Team Tools\DiagnosticsHub\Collector;C:\Program Files\Microsoft Visual Studio\2022\Enterprise\Common7\IDE\Extensions\Microsoft\CodeCoverage.Console;C:\Program Files (x86)\Windows Kits\10\bin\10.0.22621.0\\x86;C:\Program Files (x86)\Windows Kits\10\bin\\x86;C:\Program Files\Microsoft Visual Studio\2022\Enterprise\\MSBuild\Current\Bin\amd64;C:\Windows\Microsoft.NET\Framework\v4.0.30319;C:\Program Files\Microsoft Visual Studio\2022\Enterprise\Common7\IDE\;C:\Program Files\Microsoft Visual Studio\2022\Enterprise\Common7\Tools\;C:\Users\mpilo\AppData\Roaming\MathWorks\MATLAB\R2023b\ros2\win64\venv\Scripts;C:\Program Files\MATLAB\R2024b\bin\win64;C:\Program Files\MATLAB\R2024b\toolbox\shared\coder\ninja\win64;C:\Program Files (x86)\VMware\VMware Player\bin\;C:\Program Files\Microsoft MPI\Bin\;C:\Program Files\NVIDIA GPU Computing Toolkit\CUDA\v12.4\bin;C:\Program Files\NVIDIA GPU Computing Toolkit\CUDA\v12.4\libnvvp;C:\Program Files\Oculus\Support\oculus-runtime;C:\Windows\system32;C:\Windows;C:\Windows\System32\Wbem;C:\Windows\System32\WindowsPowerShell\v1.0\;C:\Windows\System32\OpenSSH\;C:\Program Files (x86)\NVIDIA Corporation\PhysX\Common;C:\Program Files\NVIDIA Corporation\NVIDIA NvDLISR;C:\Program Files\dotnet\;C:\Program Files\MATLAB\R2024b\bin;C:\Program Files\Git\cmd;C:\Users\mpilo\AppData\Local\Programs\Python\Python311\;C:\Users\mpilo\AppData\Local\Programs\Python\Python311\Scripts\;C:\MinGW\bin;C:\Program Files\Microsoft SQL Server\150\Tools\Binn\;C:\Program Files (x86)\Windows Kits\10\Windows Performance Toolkit\;C:\Program Files\NVIDIA Corporation\Nsight Compute 2024.1.0\;C:\Users\mpilo\AppData\Local\Microsoft\WindowsApps;C:\Program Files\JetBrains\CLion 2021.3.4\bin;C:\Users\mpilo\AppData\Local\Programs\Julia-1.8.5\bin;C:\Users\mpilo\AppData\Local\GitHubDesktop\bin;C:\texlive\2024\bin\windows;C:\iverilog\bin;C:\iverilog\gtkwave\bin;C:\Users\mpilo\AppData\Local\Programs\Microsoft VS Code\bin;C:\Program Files\Microsoft Visual Studio\2022\Enterprise\Common7\IDE\CommonExtensions\Microsoft\CMake\CMake\bin;C:\Program Files\Microsoft Visual Studio\2022\Enterprise\Common7\IDE\CommonExtensions\Microsoft\CMake\Ninja;C:\Program Files\Microsoft Visual Studio\2022\Enterprise\Common7\IDE\VC\Linux\bin\ConnectionManagerExe;C:\Program Files\Microsoft Visual Studio\2022\Enterprise\VC\vcpkg VIRTUAL_ENV_PROMPT=(venv) C:\Program Files\MATLAB\R2024b\bin\win64\cmake\bin\cmake.EXE --install C:\Users\mpilo\Documents\Work\Research Project\Repo\EEE4022S-Project-2024-NXSMPI001\Simulink\build\nmpcrect[0m
[19.328s] [34mcolcon.colcon_core.environment[0m [1;30mLevel 1[0m checking 'C:\Users\mpilo\Documents\Work\Research Project\Repo\EEE4022S-Project-2024-NXSMPI001\Simulink\install' for CMake config files
[19.331s] [34mcolcon.colcon_core.shell[0m [1;30mLevel 1[0m create_environment_hook('nmpcrect', 'cmake_prefix_path')
[19.335s] [34mcolcon.colcon_core.shell[0m [1;30mINFO[0m Creating environment hook 'C:\Users\mpilo\Documents\Work\Research Project\Repo\EEE4022S-Project-2024-NXSMPI001\Simulink\install\share\nmpcrect\hook\cmake_prefix_path.ps1'
[19.336s] [34mcolcon.colcon_core.shell[0m [1;30mINFO[0m Creating environment hook 'C:\Users\mpilo\Documents\Work\Research Project\Repo\EEE4022S-Project-2024-NXSMPI001\Simulink\install\share\nmpcrect\hook\cmake_prefix_path.bat'
[19.337s] [34mcolcon.colcon_core.shell[0m [1;30mINFO[0m Creating environment descriptor 'C:\Users\mpilo\Documents\Work\Research Project\Repo\EEE4022S-Project-2024-NXSMPI001\Simulink\install\share\nmpcrect\hook\cmake_prefix_path.dsv'
[19.338s] [34mcolcon.colcon_core.environment[0m [1;30mLevel 1[0m checking 'C:\Users\mpilo\Documents\Work\Research Project\Repo\EEE4022S-Project-2024-NXSMPI001\Simulink\install\bin'
[19.338s] [34mcolcon.colcon_core.shell[0m [1;30mLevel 1[0m create_environment_hook('nmpcrect', 'path_dll')
[19.342s] [34mcolcon.colcon_core.shell[0m [1;30mINFO[0m Creating environment hook 'C:\Users\mpilo\Documents\Work\Research Project\Repo\EEE4022S-Project-2024-NXSMPI001\Simulink\install\share\nmpcrect\hook\path_dll.ps1'
[19.343s] [34mcolcon.colcon_core.shell[0m [1;30mINFO[0m Creating environment hook 'C:\Users\mpilo\Documents\Work\Research Project\Repo\EEE4022S-Project-2024-NXSMPI001\Simulink\install\share\nmpcrect\hook\path_dll.bat'
[19.344s] [34mcolcon.colcon_core.shell[0m [1;30mINFO[0m Creating environment descriptor 'C:\Users\mpilo\Documents\Work\Research Project\Repo\EEE4022S-Project-2024-NXSMPI001\Simulink\install\share\nmpcrect\hook\path_dll.dsv'
[19.345s] [34mcolcon.colcon_core.environment[0m [1;30mLevel 1[0m checking 'C:\Users\mpilo\Documents\Work\Research Project\Repo\EEE4022S-Project-2024-NXSMPI001\Simulink\install\bin'
[19.345s] [34mcolcon.colcon_core.shell[0m [1;30mLevel 1[0m create_environment_hook('nmpcrect', 'path')
[19.349s] [34mcolcon.colcon_core.shell[0m [1;30mINFO[0m Creating environment hook 'C:\Users\mpilo\Documents\Work\Research Project\Repo\EEE4022S-Project-2024-NXSMPI001\Simulink\install\share\nmpcrect\hook\path.ps1'
[19.350s] [34mcolcon.colcon_core.shell[0m [1;30mINFO[0m Creating environment hook 'C:\Users\mpilo\Documents\Work\Research Project\Repo\EEE4022S-Project-2024-NXSMPI001\Simulink\install\share\nmpcrect\hook\path.bat'
[19.351s] [34mcolcon.colcon_core.shell[0m [1;30mINFO[0m Creating environment descriptor 'C:\Users\mpilo\Documents\Work\Research Project\Repo\EEE4022S-Project-2024-NXSMPI001\Simulink\install\share\nmpcrect\hook\path.dsv'
[19.352s] [34mcolcon.colcon_core.environment[0m [1;30mLevel 1[0m checking 'C:\Users\mpilo\Documents\Work\Research Project\Repo\EEE4022S-Project-2024-NXSMPI001\Simulink\install\lib\pkgconfig\nmpcrect.pc'
[19.352s] [34mcolcon.colcon_core.environment[0m [1;30mLevel 1[0m checking 'C:\Users\mpilo\Documents\Work\Research Project\Repo\EEE4022S-Project-2024-NXSMPI001\Simulink\install\Lib\site-packages'
[19.352s] [34mcolcon.colcon_core.environment[0m [1;30mLevel 1[0m checking 'C:\Users\mpilo\Documents\Work\Research Project\Repo\EEE4022S-Project-2024-NXSMPI001\Simulink\install\Scripts'
[19.356s] [34mcolcon.colcon_core.shell[0m [1;30mINFO[0m Creating package script 'C:\Users\mpilo\Documents\Work\Research Project\Repo\EEE4022S-Project-2024-NXSMPI001\Simulink\install\share\nmpcrect\package.ps1'
[19.357s] [34mcolcon.colcon_core.shell[0m [1;30mINFO[0m Creating package script 'C:\Users\mpilo\Documents\Work\Research Project\Repo\EEE4022S-Project-2024-NXSMPI001\Simulink\install\share\nmpcrect\package.bat'
[19.358s] [34mcolcon.colcon_core.shell[0m [1;30mINFO[0m Creating package descriptor 'C:\Users\mpilo\Documents\Work\Research Project\Repo\EEE4022S-Project-2024-NXSMPI001\Simulink\install\share\nmpcrect\package.dsv'
[19.359s] [34mcolcon.colcon_core.environment[0m [1;30mLevel 1[0m create_file_with_runtime_dependencies(C:\Users\mpilo\Documents\Work\Research Project\Repo\EEE4022S-Project-2024-NXSMPI001\Simulink\install\share\colcon-core\packages\nmpcrect)
[19.423s] [34mcolcon.colcon_core.environment[0m [1;30mLevel 1[0m create_environment_scripts_only(nmpcrect)
[19.431s] [34mcolcon.colcon_core.environment[0m [1;30mLevel 1[0m checking 'C:\Users\mpilo\Documents\Work\Research Project\Repo\EEE4022S-Project-2024-NXSMPI001\Simulink\install' for CMake module files
[19.433s] [34mcolcon.colcon_core.environment[0m [1;30mLevel 1[0m checking 'C:\Users\mpilo\Documents\Work\Research Project\Repo\EEE4022S-Project-2024-NXSMPI001\Simulink\install' for CMake config files
[19.435s] [34mcolcon.colcon_core.shell[0m [1;30mLevel 1[0m create_environment_hook('nmpcrect', 'cmake_prefix_path')
[19.439s] [34mcolcon.colcon_core.shell[0m [1;30mINFO[0m Creating environment hook 'C:\Users\mpilo\Documents\Work\Research Project\Repo\EEE4022S-Project-2024-NXSMPI001\Simulink\install\share\nmpcrect\hook\cmake_prefix_path.ps1'
[19.440s] [34mcolcon.colcon_core.shell[0m [1;30mINFO[0m Creating environment hook 'C:\Users\mpilo\Documents\Work\Research Project\Repo\EEE4022S-Project-2024-NXSMPI001\Simulink\install\share\nmpcrect\hook\cmake_prefix_path.bat'
[19.441s] [34mcolcon.colcon_core.shell[0m [1;30mINFO[0m Creating environment descriptor 'C:\Users\mpilo\Documents\Work\Research Project\Repo\EEE4022S-Project-2024-NXSMPI001\Simulink\install\share\nmpcrect\hook\cmake_prefix_path.dsv'
[19.442s] [34mcolcon.colcon_core.environment[0m [1;30mLevel 1[0m checking 'C:\Users\mpilo\Documents\Work\Research Project\Repo\EEE4022S-Project-2024-NXSMPI001\Simulink\install\bin'
[19.442s] [34mcolcon.colcon_core.shell[0m [1;30mLevel 1[0m create_environment_hook('nmpcrect', 'path_dll')
[19.446s] [34mcolcon.colcon_core.shell[0m [1;30mINFO[0m Creating environment hook 'C:\Users\mpilo\Documents\Work\Research Project\Repo\EEE4022S-Project-2024-NXSMPI001\Simulink\install\share\nmpcrect\hook\path_dll.ps1'
[19.447s] [34mcolcon.colcon_core.shell[0m [1;30mINFO[0m Creating environment hook 'C:\Users\mpilo\Documents\Work\Research Project\Repo\EEE4022S-Project-2024-NXSMPI001\Simulink\install\share\nmpcrect\hook\path_dll.bat'
[19.448s] [34mcolcon.colcon_core.shell[0m [1;30mINFO[0m Creating environment descriptor 'C:\Users\mpilo\Documents\Work\Research Project\Repo\EEE4022S-Project-2024-NXSMPI001\Simulink\install\share\nmpcrect\hook\path_dll.dsv'
[19.448s] [34mcolcon.colcon_core.environment[0m [1;30mLevel 1[0m checking 'C:\Users\mpilo\Documents\Work\Research Project\Repo\EEE4022S-Project-2024-NXSMPI001\Simulink\install\bin'
[19.448s] [34mcolcon.colcon_core.shell[0m [1;30mLevel 1[0m create_environment_hook('nmpcrect', 'path')
[19.452s] [34mcolcon.colcon_core.shell[0m [1;30mINFO[0m Creating environment hook 'C:\Users\mpilo\Documents\Work\Research Project\Repo\EEE4022S-Project-2024-NXSMPI001\Simulink\install\share\nmpcrect\hook\path.ps1'
[19.453s] [34mcolcon.colcon_core.shell[0m [1;30mINFO[0m Creating environment hook 'C:\Users\mpilo\Documents\Work\Research Project\Repo\EEE4022S-Project-2024-NXSMPI001\Simulink\install\share\nmpcrect\hook\path.bat'
[19.454s] [34mcolcon.colcon_core.shell[0m [1;30mINFO[0m Creating environment descriptor 'C:\Users\mpilo\Documents\Work\Research Project\Repo\EEE4022S-Project-2024-NXSMPI001\Simulink\install\share\nmpcrect\hook\path.dsv'
[19.455s] [34mcolcon.colcon_core.environment[0m [1;30mLevel 1[0m checking 'C:\Users\mpilo\Documents\Work\Research Project\Repo\EEE4022S-Project-2024-NXSMPI001\Simulink\install\lib\pkgconfig\nmpcrect.pc'
[19.455s] [34mcolcon.colcon_core.environment[0m [1;30mLevel 1[0m checking 'C:\Users\mpilo\Documents\Work\Research Project\Repo\EEE4022S-Project-2024-NXSMPI001\Simulink\install\Lib\site-packages'
[19.455s] [34mcolcon.colcon_core.environment[0m [1;30mLevel 1[0m checking 'C:\Users\mpilo\Documents\Work\Research Project\Repo\EEE4022S-Project-2024-NXSMPI001\Simulink\install\Scripts'
[19.460s] [34mcolcon.colcon_core.shell[0m [1;30mINFO[0m Creating package script 'C:\Users\mpilo\Documents\Work\Research Project\Repo\EEE4022S-Project-2024-NXSMPI001\Simulink\install\share\nmpcrect\package.ps1'
[19.461s] [34mcolcon.colcon_core.shell[0m [1;30mINFO[0m Creating package script 'C:\Users\mpilo\Documents\Work\Research Project\Repo\EEE4022S-Project-2024-NXSMPI001\Simulink\install\share\nmpcrect\package.bat'
[19.462s] [34mcolcon.colcon_core.shell[0m [1;30mINFO[0m Creating package descriptor 'C:\Users\mpilo\Documents\Work\Research Project\Repo\EEE4022S-Project-2024-NXSMPI001\Simulink\install\share\nmpcrect\package.dsv'
[19.463s] [34mcolcon.colcon_core.environment[0m [1;30mLevel 1[0m create_file_with_runtime_dependencies(C:\Users\mpilo\Documents\Work\Research Project\Repo\EEE4022S-Project-2024-NXSMPI001\Simulink\install\share\colcon-core\packages\nmpcrect)
[19.463s] [34mcolcon.colcon_parallel_executor.executor.parallel[0m [1;30mDEBUG[0m [32mrun_until_complete finished with '0'[0m
[19.463s] [34mcolcon.colcon_core.event_reactor[0m [1;30mDEBUG[0m [32mjoining thread[0m
[19.472s] [34mcolcon.colcon_core.plugin_system[0m [1;30mINFO[0m Skipping extension 'colcon_notification.desktop_notification.notify2': 'notify2' not found
[19.472s] [34mcolcon.colcon_core.plugin_system[0m [1;30mINFO[0m Skipping extension 'colcon_notification.desktop_notification.notify_send': Not used on non-Linux systems
[19.472s] [34mcolcon.colcon_core.plugin_system[0m [1;30mINFO[0m Skipping extension 'colcon_notification.desktop_notification.terminal_notifier': Not used on non-Darwin systems
[19.472s] [34mcolcon.colcon_notification.desktop_notification[0m [1;30mINFO[0m Sending desktop notification using 'win32'
[24.501s] [34mcolcon.colcon_core.event_reactor[0m [1;30mDEBUG[0m [32mjoined thread[0m
[24.506s] [34mcolcon.colcon_core.shell[0m [1;30mINFO[0m Creating prefix script 'C:\Users\mpilo\Documents\Work\Research Project\Repo\EEE4022S-Project-2024-NXSMPI001\Simulink\install\local_setup.ps1'
[24.507s] [34mcolcon.colcon_core.shell[0m [1;30mINFO[0m Creating prefix util module 'C:\Users\mpilo\Documents\Work\Research Project\Repo\EEE4022S-Project-2024-NXSMPI001\Simulink\install\_local_setup_util_ps1.py'
[24.509s] [34mcolcon.colcon_core.shell[0m [1;30mINFO[0m Creating prefix chain script 'C:\Users\mpilo\Documents\Work\Research Project\Repo\EEE4022S-Project-2024-NXSMPI001\Simulink\install\setup.ps1'
[24.515s] [34mcolcon.colcon_core.shell[0m [1;30mINFO[0m Creating prefix script 'C:\Users\mpilo\Documents\Work\Research Project\Repo\EEE4022S-Project-2024-NXSMPI001\Simulink\install\local_setup.bat'
[24.516s] [34mcolcon.colcon_core.shell[0m [1;30mINFO[0m Creating prefix util module 'C:\Users\mpilo\Documents\Work\Research Project\Repo\EEE4022S-Project-2024-NXSMPI001\Simulink\install\_local_setup_util_bat.py'
[24.517s] [34mcolcon.colcon_core.shell[0m [1;30mINFO[0m Creating prefix chain script 'C:\Users\mpilo\Documents\Work\Research Project\Repo\EEE4022S-Project-2024-NXSMPI001\Simulink\install\setup.bat'
