[0.125s] Invoking command in 'C:\Users\mpilo\Documents\Work\Research Project\Repo\EEE4022S-Project-2024-NXSMPI001\Simulink\build\catarob_interfaces': VIRTUAL_ENV_PROMPT=(venv) C:\Program Files\MATLAB\R2024b\bin\win64\cmake\bin\cmake.EXE C:\Users\mpilo\Documents\Work\Research Project\Repo\EEE4022S-Project-2024-NXSMPI001\Simulink\src\catarob_interfaces -DALIAS_ROS2_TF2=1 -G Ninja -DCMAKE_INSTALL_PREFIX=C:\Users\mpilo\Documents\Work\Research Project\Repo\EEE4022S-Project-2024-NXSMPI001\Simulink\install
[1.312s] -- The C compiler identification is MSVC 19.39.33523.0
[1.719s] -- The CXX compiler identification is MSVC 19.39.33523.0
[1.906s] -- Detecting C compiler ABI info
[2.703s] -- Detecting C compiler ABI info - done
[2.719s] -- Check for working C compiler: C:/Program Files/Microsoft Visual Studio/2022/Enterprise/VC/Tools/MSVC/14.39.33519/bin/Hostx86/x64/cl.exe - skipped
[2.719s] -- Detecting C compile features
[2.734s] -- Detecting C compile features - done
[2.766s] -- Detecting CXX compiler ABI info
[3.281s] -- Detecting CXX compiler ABI info - done
[3.297s] -- Check for working CXX compiler: C:/Program Files/Microsoft Visual Studio/2022/Enterprise/VC/Tools/MSVC/14.39.33519/bin/Hostx86/x64/cl.exe - skipped
[3.297s] -- Detecting CXX compile features
[3.297s] -- Detecting CXX compile features - done
[3.359s] -- Found ament_cmake: 1.3.3 (C:/Program Files/MATLAB/R2024b/sys/ros2/win64/ros2/share/ament_cmake/cmake)
[6.250s] -- Found Python3: C:/Users/mpilo/AppData/Local/Programs/Python/Python311/python.exe (found version "3.11.4") found components: Interpreter 
[6.922s] -- Found ament_cmake_ros: 0.10.0 (C:/Program Files/MATLAB/R2024b/sys/ros2/win64/ros2/share/ament_cmake_ros/cmake)
[7.062s] -- Found rosidl_typesupport_c: 2.0.0 (C:/Program Files/MATLAB/R2024b/sys/ros2/win64/ros2/share/rosidl_typesupport_c/cmake)
[7.078s] -- Using all available rosidl_typesupport_c: rosidl_typesupport_fastrtps_c;rosidl_typesupport_introspection_c
[7.156s] -- Found rosidl_adapter: 3.1.4 (C:/Program Files/MATLAB/R2024b/sys/ros2/win64/ros2/share/rosidl_adapter/cmake)
[7.609s] -- Found rosidl_typesupport_cpp: 2.0.0 (C:/Program Files/MATLAB/R2024b/sys/ros2/win64/ros2/share/rosidl_typesupport_cpp/cmake)
[7.609s] -- Using all available rosidl_typesupport_cpp: rosidl_typesupport_fastrtps_cpp;rosidl_typesupport_introspection_cpp
[7.937s] -- Found rosidl_default_generators: 1.2.0 (C:/Program Files/MATLAB/R2024b/sys/ros2/win64/ros2/share/rosidl_default_generators/cmake)
[7.969s] -- Found builtin_interfaces: 1.2.1 (C:/Program Files/MATLAB/R2024b/sys/ros2/win64/ros2/share/builtin_interfaces/cmake)
[8.156s] -- Found std_msgs: 4.2.3 (C:/Program Files/MATLAB/R2024b/sys/ros2/win64/ros2/share/std_msgs/cmake)
[9.141s] -- Using all available rosidl_typesupport_c: rosidl_typesupport_fastrtps_c;rosidl_typesupport_introspection_c
[9.516s] -- Using all available rosidl_typesupport_cpp: rosidl_typesupport_fastrtps_cpp;rosidl_typesupport_introspection_cpp
[9.766s] -- Configuring done
[9.828s] CMake Warning in CMakeLists.txt:
[9.828s]   The object file directory
[9.828s] 
[9.828s]     C:/Users/mpilo/Documents/Work/Research Project/Repo/EEE4022S-Project-2024-NXSMPI001/Simulink/build/catarob_interfaces/CMakeFiles/catarob_interfaces__rosidl_typesupport_fastrtps_c.dir/./
[9.828s] 
[9.828s]   has 185 characters.  The maximum full path to an object file is 250
[9.828s]   characters (see CMAKE_OBJECT_PATH_MAX).  Object file
[9.828s] 
[9.828s]     c25fd783e08772d88516afdee11c3137/hull_status__type_support_c.cpp.obj
[9.828s] 
[9.828s]   cannot be safely placed under this directory.  The build may not work
[9.828s]   correctly.
[9.828s] 
[9.828s] 
[9.859s] CMake Warning in CMakeLists.txt:
[9.859s]   The object file directory
[9.859s] 
[9.859s]     C:/Users/mpilo/Documents/Work/Research Project/Repo/EEE4022S-Project-2024-NXSMPI001/Simulink/build/catarob_interfaces/CMakeFiles/catarob_interfaces__rosidl_typesupport_introspection_c.dir/./
[9.859s] 
[9.859s]   has 190 characters.  The maximum full path to an object file is 250
[9.859s]   characters (see CMAKE_OBJECT_PATH_MAX).  Object file
[9.859s] 
[9.859s]     91c2d3480673558ab7bbb375cdd105e8/hull_status__type_support.c.obj
[9.859s] 
[9.859s]   cannot be safely placed under this directory.  The build may not work
[9.859s]   correctly.
[9.859s] 
[9.859s] 
[9.891s] CMake Warning in CMakeLists.txt:
[9.891s]   The object file directory
[9.891s] 
[9.891s]     C:/Users/mpilo/Documents/Work/Research Project/Repo/EEE4022S-Project-2024-NXSMPI001/Simulink/build/catarob_interfaces/CMakeFiles/catarob_interfaces__rosidl_typesupport_fastrtps_cpp.dir/./
[9.891s] 
[9.891s]   has 187 characters.  The maximum full path to an object file is 250
[9.891s]   characters (see CMAKE_OBJECT_PATH_MAX).  Object file
[9.891s] 
[9.891s]     633a0ecbb8dcad98a3b8ff2f0c2987ab/hull_status__type_support.cpp.obj
[9.891s] 
[9.891s]   cannot be safely placed under this directory.  The build may not work
[9.891s]   correctly.
[9.891s] 
[9.891s] 
[9.906s] CMake Warning in CMakeLists.txt:
[9.906s]   The object file directory
[9.906s] 
[9.906s]     C:/Users/mpilo/Documents/Work/Research Project/Repo/EEE4022S-Project-2024-NXSMPI001/Simulink/build/catarob_interfaces/CMakeFiles/catarob_interfaces__rosidl_typesupport_introspection_cpp.dir/./
[9.906s] 
[9.906s]   has 192 characters.  The maximum full path to an object file is 250
[9.906s]   characters (see CMAKE_OBJECT_PATH_MAX).  Object file
[9.906s] 
[9.906s]     587312f704ac1ad216a5a5a7c6f8ffce/hull_status__type_support.cpp.obj
[9.906s] 
[9.906s]   cannot be safely placed under this directory.  The build may not work
[9.906s]   correctly.
[9.906s] 
[9.906s] 
[9.969s] -- Generating done
[10.031s] -- Build files have been written to: C:/Users/mpilo/Documents/Work/Research Project/Repo/EEE4022S-Project-2024-NXSMPI001/Simulink/build/catarob_interfaces
[10.047s] Invoked command in 'C:\Users\mpilo\Documents\Work\Research Project\Repo\EEE4022S-Project-2024-NXSMPI001\Simulink\build\catarob_interfaces' returned '0': VIRTUAL_ENV_PROMPT=(venv) C:\Program Files\MATLAB\R2024b\bin\win64\cmake\bin\cmake.EXE C:\Users\mpilo\Documents\Work\Research Project\Repo\EEE4022S-Project-2024-NXSMPI001\Simulink\src\catarob_interfaces -DALIAS_ROS2_TF2=1 -G Ninja -DCMAKE_INSTALL_PREFIX=C:\Users\mpilo\Documents\Work\Research Project\Repo\EEE4022S-Project-2024-NXSMPI001\Simulink\install
[10.047s] Invoking command in 'C:\Users\mpilo\Documents\Work\Research Project\Repo\EEE4022S-Project-2024-NXSMPI001\Simulink\build\catarob_interfaces': VIRTUAL_ENV_PROMPT=(venv) C:\Program Files\MATLAB\R2024b\bin\win64\cmake\bin\cmake.EXE --build C:\Users\mpilo\Documents\Work\Research Project\Repo\EEE4022S-Project-2024-NXSMPI001\Simulink\build\catarob_interfaces -- -j16 -l16
[10.594s] [1/36] Generating C++ code for ROS interfaces
[10.625s] [2/36] Generating C code for ROS interfaces
[10.734s] [3/36] Building C object CMakeFiles\catarob_interfaces__rosidl_generator_c.dir\7ba8f9282504d480b271c36b6e72c31d\srv\detail\toggle_props__functions.c.obj
[10.734s] [4/36] Building C object CMakeFiles\catarob_interfaces__rosidl_generator_c.dir\7ba8f9282504d480b271c36b6e72c31d\msg\detail\state_estimate__functions.c.obj
[10.734s] [5/36] Building C object CMakeFiles\catarob_interfaces__rosidl_generator_c.dir\7ba8f9282504d480b271c36b6e72c31d\msg\detail\hull_status__functions.c.obj
[10.937s] [6/36] Linking C shared library catarob_interfaces__rosidl_generator_c.dll
[11.000s] [7/36] Generating C++ type support dispatch for ROS interfaces
[11.047s] [8/36] Generating C++ introspection for ROS interfaces
[11.062s] [9/36] Generating C++ type support for eProsima Fast-RTPS
[11.437s] [10/36] Building CXX object CMakeFiles\catarob_interfaces__rosidl_typesupport_cpp.dir\92b7f17a262132eab2c90fed1da44e48\state_estimate__type_support.cpp.obj
[11.453s] [11/36] Building CXX object CMakeFiles\catarob_interfaces__rosidl_typesupport_cpp.dir\233329ddf1c65b9194f7f81b1175cb8b\srv\toggle_props__type_support.cpp.obj
[11.453s] [12/36] Building CXX object CMakeFiles\catarob_interfaces__rosidl_typesupport_cpp.dir\233329ddf1c65b9194f7f81b1175cb8b\msg\hull_status__type_support.cpp.obj
[11.500s] [13/36] Generating C type support dispatch for ROS interfaces
[11.578s] [14/36] Building CXX object CMakeFiles\catarob_interfaces__rosidl_typesupport_introspection_cpp.dir\a8faa1a5804d2d2b1cb126bafe49647b\toggle_props__type_support.cpp.obj
[11.578s] [15/36] Building CXX object CMakeFiles\catarob_interfaces__rosidl_typesupport_introspection_cpp.dir\587312f704ac1ad216a5a5a7c6f8ffce\state_estimate__type_support.cpp.obj
[11.625s] [16/36] Building CXX object CMakeFiles\catarob_interfaces__rosidl_typesupport_c.dir\ad7956a1f31933c77dec7b5783fc6180\msg\state_estimate__type_support.cpp.obj
[11.625s] [17/36] Building CXX object CMakeFiles\catarob_interfaces__rosidl_typesupport_c.dir\ad7956a1f31933c77dec7b5783fc6180\msg\hull_status__type_support.cpp.obj
[11.641s] [18/36] Building CXX object CMakeFiles\catarob_interfaces__rosidl_typesupport_introspection_cpp.dir\587312f704ac1ad216a5a5a7c6f8ffce\hull_status__type_support.cpp.obj
[11.641s] [19/36] Building CXX object CMakeFiles\catarob_interfaces__rosidl_typesupport_c.dir\ad7956a1f31933c77dec7b5783fc6180\srv\toggle_props__type_support.cpp.obj
[11.656s] [20/36] Generating C type support for eProsima Fast-RTPS
[11.672s] [21/36] Generating C introspection for ROS interfaces
[11.750s] [22/36] Linking CXX shared library catarob_interfaces__rosidl_typesupport_cpp.dll
[11.797s] [23/36] Building CXX object CMakeFiles\catarob_interfaces__rosidl_typesupport_fastrtps_cpp.dir\633a0ecbb8dcad98a3b8ff2f0c2987ab\state_estimate__type_support.cpp.obj
[11.797s] cl : Command line warning D9025 : overriding '/W3' with '/W4'
[11.797s] [24/36] Building C object CMakeFiles\catarob_interfaces__rosidl_typesupport_introspection_c.dir\6b42da30fa400cec43a9f15f4cca016b\toggle_props__type_support.c.obj
[11.797s] [25/36] Building C object CMakeFiles\catarob_interfaces__rosidl_typesupport_introspection_c.dir\91c2d3480673558ab7bbb375cdd105e8\state_estimate__type_support.c.obj
[11.797s] [26/36] Building C object CMakeFiles\catarob_interfaces__rosidl_typesupport_introspection_c.dir\91c2d3480673558ab7bbb375cdd105e8\hull_status__type_support.c.obj
[11.797s] [27/36] Building CXX object CMakeFiles\catarob_interfaces__rosidl_typesupport_fastrtps_cpp.dir\633a0ecbb8dcad98a3b8ff2f0c2987ab\hull_status__type_support.cpp.obj
[11.797s] cl : Command line warning D9025 : overriding '/W3' with '/W4'
[11.828s] [28/36] Building CXX object CMakeFiles\catarob_interfaces__rosidl_typesupport_fastrtps_cpp.dir\0e89687a06cea4ea70543a78c4f38ea5\toggle_props__type_support.cpp.obj
[11.828s] cl : Command line warning D9025 : overriding '/W3' with '/W4'
[11.906s] [29/36] Linking CXX shared library catarob_interfaces__rosidl_typesupport_c.dll
[11.922s] [30/36] Linking CXX shared library catarob_interfaces__rosidl_typesupport_introspection_cpp.dll
[12.016s] [31/36] Linking C shared library catarob_interfaces__rosidl_typesupport_introspection_c.dll
[12.031s] [32/36] Linking CXX shared library catarob_interfaces__rosidl_typesupport_fastrtps_cpp.dll
[12.203s] [33/36] Building CXX object CMakeFiles\catarob_interfaces__rosidl_typesupport_fastrtps_c.dir\c25fd783e08772d88516afdee11c3137\state_estimate__type_support_c.cpp.obj
[12.203s] cl : Command line warning D9025 : overriding '/W3' with '/W4'
[12.203s] [34/36] Building CXX object CMakeFiles\catarob_interfaces__rosidl_typesupport_fastrtps_c.dir\c25fd783e08772d88516afdee11c3137\hull_status__type_support_c.cpp.obj
[12.203s] cl : Command line warning D9025 : overriding '/W3' with '/W4'
[12.219s] [35/36] Building CXX object CMakeFiles\catarob_interfaces__rosidl_typesupport_fastrtps_c.dir\5fe698d5e729c1a5f9785b32b12ea290\toggle_props__type_support_c.cpp.obj
[12.219s] cl : Command line warning D9025 : overriding '/W3' with '/W4'
[12.375s] [36/36] Linking CXX shared library catarob_interfaces__rosidl_typesupport_fastrtps_c.dll
[12.391s] Invoked command in 'C:\Users\mpilo\Documents\Work\Research Project\Repo\EEE4022S-Project-2024-NXSMPI001\Simulink\build\catarob_interfaces' returned '0': VIRTUAL_ENV_PROMPT=(venv) C:\Program Files\MATLAB\R2024b\bin\win64\cmake\bin\cmake.EXE --build C:\Users\mpilo\Documents\Work\Research Project\Repo\EEE4022S-Project-2024-NXSMPI001\Simulink\build\catarob_interfaces -- -j16 -l16
[12.469s] Invoking command in 'C:\Users\mpilo\Documents\Work\Research Project\Repo\EEE4022S-Project-2024-NXSMPI001\Simulink\build\catarob_interfaces': VIRTUAL_ENV_PROMPT=(venv) C:\Program Files\MATLAB\R2024b\bin\win64\cmake\bin\cmake.EXE --install C:\Users\mpilo\Documents\Work\Research Project\Repo\EEE4022S-Project-2024-NXSMPI001\Simulink\build\catarob_interfaces
[12.500s] -- Install configuration: "Release"
[12.500s] -- Installing: C:/Users/mpilo/Documents/Work/Research Project/Repo/EEE4022S-Project-2024-NXSMPI001/Simulink/install/share/ament_index/resource_index/rosidl_interfaces/catarob_interfaces
[12.500s] -- Installing: C:/Users/mpilo/Documents/Work/Research Project/Repo/EEE4022S-Project-2024-NXSMPI001/Simulink/install/include/catarob_interfaces/catarob_interfaces
[12.500s] -- Installing: C:/Users/mpilo/Documents/Work/Research Project/Repo/EEE4022S-Project-2024-NXSMPI001/Simulink/install/include/catarob_interfaces/catarob_interfaces/msg
[12.500s] -- Installing: C:/Users/mpilo/Documents/Work/Research Project/Repo/EEE4022S-Project-2024-NXSMPI001/Simulink/install/include/catarob_interfaces/catarob_interfaces/msg/detail
[12.516s] -- Installing: C:/Users/mpilo/Documents/Work/Research Project/Repo/EEE4022S-Project-2024-NXSMPI001/Simulink/install/include/catarob_interfaces/catarob_interfaces/msg/detail/hull_status__functions.c
[12.516s] -- Installing: C:/Users/mpilo/Documents/Work/Research Project/Repo/EEE4022S-Project-2024-NXSMPI001/Simulink/install/include/catarob_interfaces/catarob_interfaces/msg/detail/hull_status__functions.h
[12.531s] -- Installing: C:/Users/mpilo/Documents/Work/Research Project/Repo/EEE4022S-Project-2024-NXSMPI001/Simulink/install/include/catarob_interfaces/catarob_interfaces/msg/detail/hull_status__struct.h
[12.531s] -- Installing: C:/Users/mpilo/Documents/Work/Research Project/Repo/EEE4022S-Project-2024-NXSMPI001/Simulink/install/include/catarob_interfaces/catarob_interfaces/msg/detail/hull_status__type_support.h
[12.531s] -- Installing: C:/Users/mpilo/Documents/Work/Research Project/Repo/EEE4022S-Project-2024-NXSMPI001/Simulink/install/include/catarob_interfaces/catarob_interfaces/msg/detail/state_estimate__functions.c
[12.547s] -- Installing: C:/Users/mpilo/Documents/Work/Research Project/Repo/EEE4022S-Project-2024-NXSMPI001/Simulink/install/include/catarob_interfaces/catarob_interfaces/msg/detail/state_estimate__functions.h
[12.547s] -- Installing: C:/Users/mpilo/Documents/Work/Research Project/Repo/EEE4022S-Project-2024-NXSMPI001/Simulink/install/include/catarob_interfaces/catarob_interfaces/msg/detail/state_estimate__struct.h
[12.562s] -- Installing: C:/Users/mpilo/Documents/Work/Research Project/Repo/EEE4022S-Project-2024-NXSMPI001/Simulink/install/include/catarob_interfaces/catarob_interfaces/msg/detail/state_estimate__type_support.h
[12.562s] -- Installing: C:/Users/mpilo/Documents/Work/Research Project/Repo/EEE4022S-Project-2024-NXSMPI001/Simulink/install/include/catarob_interfaces/catarob_interfaces/msg/hull_status.h
[12.562s] -- Installing: C:/Users/mpilo/Documents/Work/Research Project/Repo/EEE4022S-Project-2024-NXSMPI001/Simulink/install/include/catarob_interfaces/catarob_interfaces/msg/rosidl_generator_c__visibility_control.h
[12.578s] -- Installing: C:/Users/mpilo/Documents/Work/Research Project/Repo/EEE4022S-Project-2024-NXSMPI001/Simulink/install/include/catarob_interfaces/catarob_interfaces/msg/state_estimate.h
[12.578s] -- Installing: C:/Users/mpilo/Documents/Work/Research Project/Repo/EEE4022S-Project-2024-NXSMPI001/Simulink/install/include/catarob_interfaces/catarob_interfaces/srv
[12.578s] -- Installing: C:/Users/mpilo/Documents/Work/Research Project/Repo/EEE4022S-Project-2024-NXSMPI001/Simulink/install/include/catarob_interfaces/catarob_interfaces/srv/detail
[12.578s] -- Installing: C:/Users/mpilo/Documents/Work/Research Project/Repo/EEE4022S-Project-2024-NXSMPI001/Simulink/install/include/catarob_interfaces/catarob_interfaces/srv/detail/toggle_props__functions.c
[12.594s] -- Installing: C:/Users/mpilo/Documents/Work/Research Project/Repo/EEE4022S-Project-2024-NXSMPI001/Simulink/install/include/catarob_interfaces/catarob_interfaces/srv/detail/toggle_props__functions.h
[12.594s] -- Installing: C:/Users/mpilo/Documents/Work/Research Project/Repo/EEE4022S-Project-2024-NXSMPI001/Simulink/install/include/catarob_interfaces/catarob_interfaces/srv/detail/toggle_props__struct.h
[12.609s] -- Installing: C:/Users/mpilo/Documents/Work/Research Project/Repo/EEE4022S-Project-2024-NXSMPI001/Simulink/install/include/catarob_interfaces/catarob_interfaces/srv/detail/toggle_props__type_support.h
[12.609s] -- Installing: C:/Users/mpilo/Documents/Work/Research Project/Repo/EEE4022S-Project-2024-NXSMPI001/Simulink/install/include/catarob_interfaces/catarob_interfaces/srv/toggle_props.h
[12.609s] -- Installing: C:/Users/mpilo/Documents/Work/Research Project/Repo/EEE4022S-Project-2024-NXSMPI001/Simulink/install/lib/catarob_interfaces__rosidl_generator_c.lib
[12.609s] -- Installing: C:/Users/mpilo/Documents/Work/Research Project/Repo/EEE4022S-Project-2024-NXSMPI001/Simulink/install/bin/catarob_interfaces__rosidl_generator_c.dll
[12.625s] -- Up-to-date: C:/Users/mpilo/Documents/Work/Research Project/Repo/EEE4022S-Project-2024-NXSMPI001/Simulink/install/include/catarob_interfaces/catarob_interfaces
[12.625s] -- Up-to-date: C:/Users/mpilo/Documents/Work/Research Project/Repo/EEE4022S-Project-2024-NXSMPI001/Simulink/install/include/catarob_interfaces/catarob_interfaces/msg
[12.625s] -- Up-to-date: C:/Users/mpilo/Documents/Work/Research Project/Repo/EEE4022S-Project-2024-NXSMPI001/Simulink/install/include/catarob_interfaces/catarob_interfaces/msg/detail
[12.625s] -- Installing: C:/Users/mpilo/Documents/Work/Research Project/Repo/EEE4022S-Project-2024-NXSMPI001/Simulink/install/include/catarob_interfaces/catarob_interfaces/msg/detail/hull_status__rosidl_typesupport_fastrtps_c.h
[12.625s] -- Installing: C:/Users/mpilo/Documents/Work/Research Project/Repo/EEE4022S-Project-2024-NXSMPI001/Simulink/install/include/catarob_interfaces/catarob_interfaces/msg/detail/state_estimate__rosidl_typesupport_fastrtps_c.h
[12.625s] -- Installing: C:/Users/mpilo/Documents/Work/Research Project/Repo/EEE4022S-Project-2024-NXSMPI001/Simulink/install/include/catarob_interfaces/catarob_interfaces/msg/rosidl_typesupport_fastrtps_c__visibility_control.h
[12.641s] -- Up-to-date: C:/Users/mpilo/Documents/Work/Research Project/Repo/EEE4022S-Project-2024-NXSMPI001/Simulink/install/include/catarob_interfaces/catarob_interfaces/srv
[12.641s] -- Up-to-date: C:/Users/mpilo/Documents/Work/Research Project/Repo/EEE4022S-Project-2024-NXSMPI001/Simulink/install/include/catarob_interfaces/catarob_interfaces/srv/detail
[12.641s] -- Installing: C:/Users/mpilo/Documents/Work/Research Project/Repo/EEE4022S-Project-2024-NXSMPI001/Simulink/install/include/catarob_interfaces/catarob_interfaces/srv/detail/toggle_props__rosidl_typesupport_fastrtps_c.h
[12.641s] -- Installing: C:/Users/mpilo/Documents/Work/Research Project/Repo/EEE4022S-Project-2024-NXSMPI001/Simulink/install/lib/catarob_interfaces__rosidl_typesupport_fastrtps_c.lib
[12.641s] -- Installing: C:/Users/mpilo/Documents/Work/Research Project/Repo/EEE4022S-Project-2024-NXSMPI001/Simulink/install/bin/catarob_interfaces__rosidl_typesupport_fastrtps_c.dll
[12.641s] -- Up-to-date: C:/Users/mpilo/Documents/Work/Research Project/Repo/EEE4022S-Project-2024-NXSMPI001/Simulink/install/include/catarob_interfaces/catarob_interfaces
[12.656s] -- Up-to-date: C:/Users/mpilo/Documents/Work/Research Project/Repo/EEE4022S-Project-2024-NXSMPI001/Simulink/install/include/catarob_interfaces/catarob_interfaces/msg
[12.656s] -- Up-to-date: C:/Users/mpilo/Documents/Work/Research Project/Repo/EEE4022S-Project-2024-NXSMPI001/Simulink/install/include/catarob_interfaces/catarob_interfaces/msg/detail
[12.656s] -- Installing: C:/Users/mpilo/Documents/Work/Research Project/Repo/EEE4022S-Project-2024-NXSMPI001/Simulink/install/include/catarob_interfaces/catarob_interfaces/msg/detail/hull_status__rosidl_typesupport_introspection_c.h
[12.672s] -- Installing: C:/Users/mpilo/Documents/Work/Research Project/Repo/EEE4022S-Project-2024-NXSMPI001/Simulink/install/include/catarob_interfaces/catarob_interfaces/msg/detail/hull_status__type_support.c
[12.672s] -- Installing: C:/Users/mpilo/Documents/Work/Research Project/Repo/EEE4022S-Project-2024-NXSMPI001/Simulink/install/include/catarob_interfaces/catarob_interfaces/msg/detail/state_estimate__rosidl_typesupport_introspection_c.h
[12.687s] -- Installing: C:/Users/mpilo/Documents/Work/Research Project/Repo/EEE4022S-Project-2024-NXSMPI001/Simulink/install/include/catarob_interfaces/catarob_interfaces/msg/detail/state_estimate__type_support.c
[12.687s] -- Installing: C:/Users/mpilo/Documents/Work/Research Project/Repo/EEE4022S-Project-2024-NXSMPI001/Simulink/install/include/catarob_interfaces/catarob_interfaces/msg/rosidl_typesupport_introspection_c__visibility_control.h
[12.687s] -- Up-to-date: C:/Users/mpilo/Documents/Work/Research Project/Repo/EEE4022S-Project-2024-NXSMPI001/Simulink/install/include/catarob_interfaces/catarob_interfaces/srv
[12.687s] -- Up-to-date: C:/Users/mpilo/Documents/Work/Research Project/Repo/EEE4022S-Project-2024-NXSMPI001/Simulink/install/include/catarob_interfaces/catarob_interfaces/srv/detail
[12.703s] -- Installing: C:/Users/mpilo/Documents/Work/Research Project/Repo/EEE4022S-Project-2024-NXSMPI001/Simulink/install/include/catarob_interfaces/catarob_interfaces/srv/detail/toggle_props__rosidl_typesupport_introspection_c.h
[12.703s] -- Installing: C:/Users/mpilo/Documents/Work/Research Project/Repo/EEE4022S-Project-2024-NXSMPI001/Simulink/install/include/catarob_interfaces/catarob_interfaces/srv/detail/toggle_props__type_support.c
[12.719s] -- Installing: C:/Users/mpilo/Documents/Work/Research Project/Repo/EEE4022S-Project-2024-NXSMPI001/Simulink/install/lib/catarob_interfaces__rosidl_typesupport_introspection_c.lib
[12.719s] -- Installing: C:/Users/mpilo/Documents/Work/Research Project/Repo/EEE4022S-Project-2024-NXSMPI001/Simulink/install/bin/catarob_interfaces__rosidl_typesupport_introspection_c.dll
[12.719s] -- Installing: C:/Users/mpilo/Documents/Work/Research Project/Repo/EEE4022S-Project-2024-NXSMPI001/Simulink/install/lib/catarob_interfaces__rosidl_typesupport_c.lib
[12.719s] -- Installing: C:/Users/mpilo/Documents/Work/Research Project/Repo/EEE4022S-Project-2024-NXSMPI001/Simulink/install/bin/catarob_interfaces__rosidl_typesupport_c.dll
[12.719s] -- Up-to-date: C:/Users/mpilo/Documents/Work/Research Project/Repo/EEE4022S-Project-2024-NXSMPI001/Simulink/install/include/catarob_interfaces/catarob_interfaces
[12.719s] -- Up-to-date: C:/Users/mpilo/Documents/Work/Research Project/Repo/EEE4022S-Project-2024-NXSMPI001/Simulink/install/include/catarob_interfaces/catarob_interfaces/msg
[12.719s] -- Up-to-date: C:/Users/mpilo/Documents/Work/Research Project/Repo/EEE4022S-Project-2024-NXSMPI001/Simulink/install/include/catarob_interfaces/catarob_interfaces/msg/detail
[12.734s] -- Installing: C:/Users/mpilo/Documents/Work/Research Project/Repo/EEE4022S-Project-2024-NXSMPI001/Simulink/install/include/catarob_interfaces/catarob_interfaces/msg/detail/hull_status__builder.hpp
[12.734s] -- Installing: C:/Users/mpilo/Documents/Work/Research Project/Repo/EEE4022S-Project-2024-NXSMPI001/Simulink/install/include/catarob_interfaces/catarob_interfaces/msg/detail/hull_status__struct.hpp
[12.750s] -- Installing: C:/Users/mpilo/Documents/Work/Research Project/Repo/EEE4022S-Project-2024-NXSMPI001/Simulink/install/include/catarob_interfaces/catarob_interfaces/msg/detail/hull_status__traits.hpp
[12.750s] -- Installing: C:/Users/mpilo/Documents/Work/Research Project/Repo/EEE4022S-Project-2024-NXSMPI001/Simulink/install/include/catarob_interfaces/catarob_interfaces/msg/detail/state_estimate__builder.hpp
[12.750s] -- Installing: C:/Users/mpilo/Documents/Work/Research Project/Repo/EEE4022S-Project-2024-NXSMPI001/Simulink/install/include/catarob_interfaces/catarob_interfaces/msg/detail/state_estimate__struct.hpp
[12.766s] -- Installing: C:/Users/mpilo/Documents/Work/Research Project/Repo/EEE4022S-Project-2024-NXSMPI001/Simulink/install/include/catarob_interfaces/catarob_interfaces/msg/detail/state_estimate__traits.hpp
[12.766s] -- Installing: C:/Users/mpilo/Documents/Work/Research Project/Repo/EEE4022S-Project-2024-NXSMPI001/Simulink/install/include/catarob_interfaces/catarob_interfaces/msg/hull_status.hpp
[12.781s] -- Installing: C:/Users/mpilo/Documents/Work/Research Project/Repo/EEE4022S-Project-2024-NXSMPI001/Simulink/install/include/catarob_interfaces/catarob_interfaces/msg/state_estimate.hpp
[12.781s] -- Up-to-date: C:/Users/mpilo/Documents/Work/Research Project/Repo/EEE4022S-Project-2024-NXSMPI001/Simulink/install/include/catarob_interfaces/catarob_interfaces/srv
[12.781s] -- Up-to-date: C:/Users/mpilo/Documents/Work/Research Project/Repo/EEE4022S-Project-2024-NXSMPI001/Simulink/install/include/catarob_interfaces/catarob_interfaces/srv/detail
[12.781s] -- Installing: C:/Users/mpilo/Documents/Work/Research Project/Repo/EEE4022S-Project-2024-NXSMPI001/Simulink/install/include/catarob_interfaces/catarob_interfaces/srv/detail/toggle_props__builder.hpp
[12.797s] -- Installing: C:/Users/mpilo/Documents/Work/Research Project/Repo/EEE4022S-Project-2024-NXSMPI001/Simulink/install/include/catarob_interfaces/catarob_interfaces/srv/detail/toggle_props__struct.hpp
[12.797s] -- Installing: C:/Users/mpilo/Documents/Work/Research Project/Repo/EEE4022S-Project-2024-NXSMPI001/Simulink/install/include/catarob_interfaces/catarob_interfaces/srv/detail/toggle_props__traits.hpp
[12.797s] -- Installing: C:/Users/mpilo/Documents/Work/Research Project/Repo/EEE4022S-Project-2024-NXSMPI001/Simulink/install/include/catarob_interfaces/catarob_interfaces/srv/toggle_props.hpp
[12.797s] -- Up-to-date: C:/Users/mpilo/Documents/Work/Research Project/Repo/EEE4022S-Project-2024-NXSMPI001/Simulink/install/include/catarob_interfaces/catarob_interfaces
[12.797s] -- Up-to-date: C:/Users/mpilo/Documents/Work/Research Project/Repo/EEE4022S-Project-2024-NXSMPI001/Simulink/install/include/catarob_interfaces/catarob_interfaces/msg
[12.797s] -- Up-to-date: C:/Users/mpilo/Documents/Work/Research Project/Repo/EEE4022S-Project-2024-NXSMPI001/Simulink/install/include/catarob_interfaces/catarob_interfaces/msg/detail
[12.812s] -- Installing: C:/Users/mpilo/Documents/Work/Research Project/Repo/EEE4022S-Project-2024-NXSMPI001/Simulink/install/include/catarob_interfaces/catarob_interfaces/msg/detail/dds_fastrtps
[12.812s] -- Installing: C:/Users/mpilo/Documents/Work/Research Project/Repo/EEE4022S-Project-2024-NXSMPI001/Simulink/install/include/catarob_interfaces/catarob_interfaces/msg/detail/hull_status__rosidl_typesupport_fastrtps_cpp.hpp
[12.812s] -- Installing: C:/Users/mpilo/Documents/Work/Research Project/Repo/EEE4022S-Project-2024-NXSMPI001/Simulink/install/include/catarob_interfaces/catarob_interfaces/msg/detail/state_estimate__rosidl_typesupport_fastrtps_cpp.hpp
[12.812s] -- Installing: C:/Users/mpilo/Documents/Work/Research Project/Repo/EEE4022S-Project-2024-NXSMPI001/Simulink/install/include/catarob_interfaces/catarob_interfaces/msg/rosidl_typesupport_fastrtps_cpp__visibility_control.h
[12.828s] -- Up-to-date: C:/Users/mpilo/Documents/Work/Research Project/Repo/EEE4022S-Project-2024-NXSMPI001/Simulink/install/include/catarob_interfaces/catarob_interfaces/srv
[12.828s] -- Up-to-date: C:/Users/mpilo/Documents/Work/Research Project/Repo/EEE4022S-Project-2024-NXSMPI001/Simulink/install/include/catarob_interfaces/catarob_interfaces/srv/detail
[12.828s] -- Installing: C:/Users/mpilo/Documents/Work/Research Project/Repo/EEE4022S-Project-2024-NXSMPI001/Simulink/install/include/catarob_interfaces/catarob_interfaces/srv/detail/dds_fastrtps
[12.828s] -- Installing: C:/Users/mpilo/Documents/Work/Research Project/Repo/EEE4022S-Project-2024-NXSMPI001/Simulink/install/include/catarob_interfaces/catarob_interfaces/srv/detail/toggle_props__rosidl_typesupport_fastrtps_cpp.hpp
[12.828s] -- Installing: C:/Users/mpilo/Documents/Work/Research Project/Repo/EEE4022S-Project-2024-NXSMPI001/Simulink/install/lib/catarob_interfaces__rosidl_typesupport_fastrtps_cpp.lib
[12.828s] -- Installing: C:/Users/mpilo/Documents/Work/Research Project/Repo/EEE4022S-Project-2024-NXSMPI001/Simulink/install/bin/catarob_interfaces__rosidl_typesupport_fastrtps_cpp.dll
[12.844s] -- Up-to-date: C:/Users/mpilo/Documents/Work/Research Project/Repo/EEE4022S-Project-2024-NXSMPI001/Simulink/install/include/catarob_interfaces/catarob_interfaces
[12.844s] -- Up-to-date: C:/Users/mpilo/Documents/Work/Research Project/Repo/EEE4022S-Project-2024-NXSMPI001/Simulink/install/include/catarob_interfaces/catarob_interfaces/msg
[12.844s] -- Up-to-date: C:/Users/mpilo/Documents/Work/Research Project/Repo/EEE4022S-Project-2024-NXSMPI001/Simulink/install/include/catarob_interfaces/catarob_interfaces/msg/detail
[12.844s] -- Installing: C:/Users/mpilo/Documents/Work/Research Project/Repo/EEE4022S-Project-2024-NXSMPI001/Simulink/install/include/catarob_interfaces/catarob_interfaces/msg/detail/hull_status__rosidl_typesupport_introspection_cpp.hpp
[12.859s] -- Installing: C:/Users/mpilo/Documents/Work/Research Project/Repo/EEE4022S-Project-2024-NXSMPI001/Simulink/install/include/catarob_interfaces/catarob_interfaces/msg/detail/hull_status__type_support.cpp
[12.859s] -- Installing: C:/Users/mpilo/Documents/Work/Research Project/Repo/EEE4022S-Project-2024-NXSMPI001/Simulink/install/include/catarob_interfaces/catarob_interfaces/msg/detail/state_estimate__rosidl_typesupport_introspection_cpp.hpp
[12.875s] -- Installing: C:/Users/mpilo/Documents/Work/Research Project/Repo/EEE4022S-Project-2024-NXSMPI001/Simulink/install/include/catarob_interfaces/catarob_interfaces/msg/detail/state_estimate__type_support.cpp
[12.875s] -- Up-to-date: C:/Users/mpilo/Documents/Work/Research Project/Repo/EEE4022S-Project-2024-NXSMPI001/Simulink/install/include/catarob_interfaces/catarob_interfaces/srv
[12.875s] -- Up-to-date: C:/Users/mpilo/Documents/Work/Research Project/Repo/EEE4022S-Project-2024-NXSMPI001/Simulink/install/include/catarob_interfaces/catarob_interfaces/srv/detail
[12.891s] -- Installing: C:/Users/mpilo/Documents/Work/Research Project/Repo/EEE4022S-Project-2024-NXSMPI001/Simulink/install/include/catarob_interfaces/catarob_interfaces/srv/detail/toggle_props__rosidl_typesupport_introspection_cpp.hpp
[12.891s] -- Installing: C:/Users/mpilo/Documents/Work/Research Project/Repo/EEE4022S-Project-2024-NXSMPI001/Simulink/install/include/catarob_interfaces/catarob_interfaces/srv/detail/toggle_props__type_support.cpp
[12.906s] -- Installing: C:/Users/mpilo/Documents/Work/Research Project/Repo/EEE4022S-Project-2024-NXSMPI001/Simulink/install/lib/catarob_interfaces__rosidl_typesupport_introspection_cpp.lib
[12.906s] -- Installing: C:/Users/mpilo/Documents/Work/Research Project/Repo/EEE4022S-Project-2024-NXSMPI001/Simulink/install/bin/catarob_interfaces__rosidl_typesupport_introspection_cpp.dll
[12.906s] -- Installing: C:/Users/mpilo/Documents/Work/Research Project/Repo/EEE4022S-Project-2024-NXSMPI001/Simulink/install/lib/catarob_interfaces__rosidl_typesupport_cpp.lib
[12.906s] -- Installing: C:/Users/mpilo/Documents/Work/Research Project/Repo/EEE4022S-Project-2024-NXSMPI001/Simulink/install/bin/catarob_interfaces__rosidl_typesupport_cpp.dll
[12.906s] -- Installing: C:/Users/mpilo/Documents/Work/Research Project/Repo/EEE4022S-Project-2024-NXSMPI001/Simulink/install/share/catarob_interfaces/msg/HullStatus.idl
[12.922s] -- Installing: C:/Users/mpilo/Documents/Work/Research Project/Repo/EEE4022S-Project-2024-NXSMPI001/Simulink/install/share/catarob_interfaces/msg/StateEstimate.idl
[12.922s] -- Installing: C:/Users/mpilo/Documents/Work/Research Project/Repo/EEE4022S-Project-2024-NXSMPI001/Simulink/install/share/catarob_interfaces/srv/ToggleProps.idl
[12.922s] -- Installing: C:/Users/mpilo/Documents/Work/Research Project/Repo/EEE4022S-Project-2024-NXSMPI001/Simulink/install/share/catarob_interfaces/msg/HullStatus.msg
[12.922s] -- Installing: C:/Users/mpilo/Documents/Work/Research Project/Repo/EEE4022S-Project-2024-NXSMPI001/Simulink/install/share/catarob_interfaces/msg/StateEstimate.msg
[12.922s] -- Installing: C:/Users/mpilo/Documents/Work/Research Project/Repo/EEE4022S-Project-2024-NXSMPI001/Simulink/install/share/catarob_interfaces/srv/ToggleProps.srv
[12.922s] -- Installing: C:/Users/mpilo/Documents/Work/Research Project/Repo/EEE4022S-Project-2024-NXSMPI001/Simulink/install/share/catarob_interfaces/srv/ToggleProps_Request.msg
[12.937s] -- Installing: C:/Users/mpilo/Documents/Work/Research Project/Repo/EEE4022S-Project-2024-NXSMPI001/Simulink/install/share/catarob_interfaces/srv/ToggleProps_Response.msg
[12.937s] -- Installing: C:/Users/mpilo/Documents/Work/Research Project/Repo/EEE4022S-Project-2024-NXSMPI001/Simulink/install/share/ament_index/resource_index/package_run_dependencies/catarob_interfaces
[12.937s] -- Installing: C:/Users/mpilo/Documents/Work/Research Project/Repo/EEE4022S-Project-2024-NXSMPI001/Simulink/install/share/ament_index/resource_index/parent_prefix_path/catarob_interfaces
[12.953s] -- Installing: C:/Users/mpilo/Documents/Work/Research Project/Repo/EEE4022S-Project-2024-NXSMPI001/Simulink/install/share/catarob_interfaces/environment/ament_prefix_path.bat
[12.953s] -- Installing: C:/Users/mpilo/Documents/Work/Research Project/Repo/EEE4022S-Project-2024-NXSMPI001/Simulink/install/share/catarob_interfaces/environment/ament_prefix_path.dsv
[12.953s] -- Installing: C:/Users/mpilo/Documents/Work/Research Project/Repo/EEE4022S-Project-2024-NXSMPI001/Simulink/install/share/catarob_interfaces/environment/path.bat
[12.953s] -- Installing: C:/Users/mpilo/Documents/Work/Research Project/Repo/EEE4022S-Project-2024-NXSMPI001/Simulink/install/share/catarob_interfaces/environment/path.dsv
[12.953s] -- Installing: C:/Users/mpilo/Documents/Work/Research Project/Repo/EEE4022S-Project-2024-NXSMPI001/Simulink/install/share/catarob_interfaces/local_setup.bat
[12.969s] -- Installing: C:/Users/mpilo/Documents/Work/Research Project/Repo/EEE4022S-Project-2024-NXSMPI001/Simulink/install/share/catarob_interfaces/local_setup.dsv
[12.969s] -- Installing: C:/Users/mpilo/Documents/Work/Research Project/Repo/EEE4022S-Project-2024-NXSMPI001/Simulink/install/share/catarob_interfaces/package.dsv
[12.969s] -- Installing: C:/Users/mpilo/Documents/Work/Research Project/Repo/EEE4022S-Project-2024-NXSMPI001/Simulink/install/share/ament_index/resource_index/packages/catarob_interfaces
[12.984s] -- Installing: C:/Users/mpilo/Documents/Work/Research Project/Repo/EEE4022S-Project-2024-NXSMPI001/Simulink/install/share/catarob_interfaces/cmake/export_catarob_interfaces__rosidl_generator_cExport.cmake
[12.984s] -- Installing: C:/Users/mpilo/Documents/Work/Research Project/Repo/EEE4022S-Project-2024-NXSMPI001/Simulink/install/share/catarob_interfaces/cmake/export_catarob_interfaces__rosidl_generator_cExport-release.cmake
[13.000s] -- Installing: C:/Users/mpilo/Documents/Work/Research Project/Repo/EEE4022S-Project-2024-NXSMPI001/Simulink/install/share/catarob_interfaces/cmake/export_catarob_interfaces__rosidl_typesupport_fastrtps_cExport.cmake
[13.000s] -- Installing: C:/Users/mpilo/Documents/Work/Research Project/Repo/EEE4022S-Project-2024-NXSMPI001/Simulink/install/share/catarob_interfaces/cmake/export_catarob_interfaces__rosidl_typesupport_fastrtps_cExport-release.cmake
[13.016s] -- Installing: C:/Users/mpilo/Documents/Work/Research Project/Repo/EEE4022S-Project-2024-NXSMPI001/Simulink/install/share/catarob_interfaces/cmake/catarob_interfaces__rosidl_typesupport_introspection_cExport.cmake
[13.016s] -- Installing: C:/Users/mpilo/Documents/Work/Research Project/Repo/EEE4022S-Project-2024-NXSMPI001/Simulink/install/share/catarob_interfaces/cmake/catarob_interfaces__rosidl_typesupport_introspection_cExport-release.cmake
[13.031s] -- Installing: C:/Users/mpilo/Documents/Work/Research Project/Repo/EEE4022S-Project-2024-NXSMPI001/Simulink/install/share/catarob_interfaces/cmake/catarob_interfaces__rosidl_typesupport_cExport.cmake
[13.031s] -- Installing: C:/Users/mpilo/Documents/Work/Research Project/Repo/EEE4022S-Project-2024-NXSMPI001/Simulink/install/share/catarob_interfaces/cmake/catarob_interfaces__rosidl_typesupport_cExport-release.cmake
[13.047s] -- Installing: C:/Users/mpilo/Documents/Work/Research Project/Repo/EEE4022S-Project-2024-NXSMPI001/Simulink/install/share/catarob_interfaces/cmake/export_catarob_interfaces__rosidl_generator_cppExport.cmake
[13.047s] -- Installing: C:/Users/mpilo/Documents/Work/Research Project/Repo/EEE4022S-Project-2024-NXSMPI001/Simulink/install/share/catarob_interfaces/cmake/export_catarob_interfaces__rosidl_typesupport_fastrtps_cppExport.cmake
[13.047s] -- Installing: C:/Users/mpilo/Documents/Work/Research Project/Repo/EEE4022S-Project-2024-NXSMPI001/Simulink/install/share/catarob_interfaces/cmake/export_catarob_interfaces__rosidl_typesupport_fastrtps_cppExport-release.cmake
[13.062s] -- Installing: C:/Users/mpilo/Documents/Work/Research Project/Repo/EEE4022S-Project-2024-NXSMPI001/Simulink/install/share/catarob_interfaces/cmake/catarob_interfaces__rosidl_typesupport_introspection_cppExport.cmake
[13.078s] -- Installing: C:/Users/mpilo/Documents/Work/Research Project/Repo/EEE4022S-Project-2024-NXSMPI001/Simulink/install/share/catarob_interfaces/cmake/catarob_interfaces__rosidl_typesupport_introspection_cppExport-release.cmake
[13.078s] -- Installing: C:/Users/mpilo/Documents/Work/Research Project/Repo/EEE4022S-Project-2024-NXSMPI001/Simulink/install/share/catarob_interfaces/cmake/catarob_interfaces__rosidl_typesupport_cppExport.cmake
[13.094s] -- Installing: C:/Users/mpilo/Documents/Work/Research Project/Repo/EEE4022S-Project-2024-NXSMPI001/Simulink/install/share/catarob_interfaces/cmake/catarob_interfaces__rosidl_typesupport_cppExport-release.cmake
[13.094s] -- Installing: C:/Users/mpilo/Documents/Work/Research Project/Repo/EEE4022S-Project-2024-NXSMPI001/Simulink/install/share/catarob_interfaces/cmake/rosidl_cmake-extras.cmake
[13.094s] -- Installing: C:/Users/mpilo/Documents/Work/Research Project/Repo/EEE4022S-Project-2024-NXSMPI001/Simulink/install/share/catarob_interfaces/cmake/ament_cmake_export_dependencies-extras.cmake
[13.094s] -- Installing: C:/Users/mpilo/Documents/Work/Research Project/Repo/EEE4022S-Project-2024-NXSMPI001/Simulink/install/share/catarob_interfaces/cmake/ament_cmake_export_include_directories-extras.cmake
[13.094s] -- Installing: C:/Users/mpilo/Documents/Work/Research Project/Repo/EEE4022S-Project-2024-NXSMPI001/Simulink/install/share/catarob_interfaces/cmake/ament_cmake_export_libraries-extras.cmake
[13.094s] -- Installing: C:/Users/mpilo/Documents/Work/Research Project/Repo/EEE4022S-Project-2024-NXSMPI001/Simulink/install/share/catarob_interfaces/cmake/ament_cmake_export_targets-extras.cmake
[13.094s] -- Installing: C:/Users/mpilo/Documents/Work/Research Project/Repo/EEE4022S-Project-2024-NXSMPI001/Simulink/install/share/catarob_interfaces/cmake/rosidl_cmake_export_typesupport_targets-extras.cmake
[13.094s] -- Installing: C:/Users/mpilo/Documents/Work/Research Project/Repo/EEE4022S-Project-2024-NXSMPI001/Simulink/install/share/catarob_interfaces/cmake/rosidl_cmake_export_typesupport_libraries-extras.cmake
[13.109s] -- Installing: C:/Users/mpilo/Documents/Work/Research Project/Repo/EEE4022S-Project-2024-NXSMPI001/Simulink/install/share/catarob_interfaces/cmake/catarob_interfacesConfig.cmake
[13.109s] -- Installing: C:/Users/mpilo/Documents/Work/Research Project/Repo/EEE4022S-Project-2024-NXSMPI001/Simulink/install/share/catarob_interfaces/cmake/catarob_interfacesConfig-version.cmake
[13.109s] -- Installing: C:/Users/mpilo/Documents/Work/Research Project/Repo/EEE4022S-Project-2024-NXSMPI001/Simulink/install/share/catarob_interfaces/package.xml
[13.109s] Invoked command in 'C:\Users\mpilo\Documents\Work\Research Project\Repo\EEE4022S-Project-2024-NXSMPI001\Simulink\build\catarob_interfaces' returned '0': VIRTUAL_ENV_PROMPT=(venv) C:\Program Files\MATLAB\R2024b\bin\win64\cmake\bin\cmake.EXE --install C:\Users\mpilo\Documents\Work\Research Project\Repo\EEE4022S-Project-2024-NXSMPI001\Simulink\build\catarob_interfaces
