CMake Warning in CMakeLists.txt:
  The object file directory

    C:/Users/mpilo/Documents/Work/Research Project/Repo/EEE4022S-Project-2024-NXSMPI001/Simulink/build/catarob_interfaces/CMakeFiles/catarob_interfaces__rosidl_typesupport_fastrtps_c.dir/./

  has 185 characters.  The maximum full path to an object file is 250
  characters (see CMAKE_OBJECT_PATH_MAX).  Object file

    5fe698d5e729c1a5f9785b32b12ea290/toggle_props__type_support_c.cpp.obj

  cannot be safely placed under this directory.  The build may not work
  correctly.


CMake Warning in CMakeLists.txt:
  The object file directory

    C:/Users/mpilo/Documents/Work/Research Project/Repo/EEE4022S-Project-2024-NXSMPI001/Simulink/build/catarob_interfaces/CMakeFiles/catarob_interfaces__rosidl_typesupport_introspection_c.dir/./

  has 190 characters.  The maximum full path to an object file is 250
  characters (see CMAKE_OBJECT_PATH_MAX).  Object file

    6b42da30fa400cec43a9f15f4cca016b/toggle_props__type_support.c.obj

  cannot be safely placed under this directory.  The build may not work
  correctly.


CMake Warning in CMakeLists.txt:
  The object file directory

    C:/Users/mpilo/Documents/Work/Research Project/Repo/EEE4022S-Project-2024-NXSMPI001/Simulink/build/catarob_interfaces/CMakeFiles/catarob_interfaces__rosidl_typesupport_fastrtps_cpp.dir/./

  has 187 characters.  The maximum full path to an object file is 250
  characters (see CMAKE_OBJECT_PATH_MAX).  Object file

    633a0ecbb8dcad98a3b8ff2f0c2987ab/state_estimate__type_support.cpp.obj

  cannot be safely placed under this directory.  The build may not work
  correctly.


CMake Warning in CMakeLists.txt:
  The object file directory

    C:/Users/mpilo/Documents/Work/Research Project/Repo/EEE4022S-Project-2024-NXSMPI001/Simulink/build/catarob_interfaces/CMakeFiles/catarob_interfaces__rosidl_typesupport_introspection_cpp.dir/./

  has 192 characters.  The maximum full path to an object file is 250
  characters (see CMAKE_OBJECT_PATH_MAX).  Object file

    a8faa1a5804d2d2b1cb126bafe49647b/toggle_props__type_support.cpp.obj

  cannot be safely placed under this directory.  The build may not work
  correctly.


