[0/1] Re-running CMake...
-- Found ament_cmake: 1.3.3 (C:/Program Files/MATLAB/R2024b/sys/ros2/win64/ros2/share/ament_cmake/cmake)
-- Found ament_cmake_ros: 0.10.0 (C:/Program Files/MATLAB/R2024b/sys/ros2/win64/ros2/share/ament_cmake_ros/cmake)
-- Found rosidl_typesupport_c: 2.0.0 (C:/Program Files/MATLAB/R2024b/sys/ros2/win64/ros2/share/rosidl_typesupport_c/cmake)
-- Using all available rosidl_typesupport_c: rosidl_typesupport_fastrtps_c;rosidl_typesupport_introspection_c
-- Found rosidl_adapter: 3.1.4 (C:/Program Files/MATLAB/R2024b/sys/ros2/win64/ros2/share/rosidl_adapter/cmake)
-- Found rosidl_typesupport_cpp: 2.0.0 (C:/Program Files/MATLAB/R2024b/sys/ros2/win64/ros2/share/rosidl_typesupport_cpp/cmake)
-- Using all available rosidl_typesupport_cpp: rosidl_typesupport_fastrtps_cpp;rosidl_typesupport_introspection_cpp
-- Found rosidl_default_generators: 1.2.0 (C:/Program Files/MATLAB/R2024b/sys/ros2/win64/ros2/share/rosidl_default_generators/cmake)
-- Found builtin_interfaces: 1.2.1 (C:/Program Files/MATLAB/R2024b/sys/ros2/win64/ros2/share/builtin_interfaces/cmake)
-- Found std_msgs: 4.2.3 (C:/Program Files/MATLAB/R2024b/sys/ros2/win64/ros2/share/std_msgs/cmake)
-- Using all available rosidl_typesupport_c: rosidl_typesupport_fastrtps_c;rosidl_typesupport_introspection_c
-- Using all available rosidl_typesupport_cpp: rosidl_typesupport_fastrtps_cpp;rosidl_typesupport_introspection_cpp
-- Configuring done
CMake Warning in CMakeLists.txt:
  The object file directory

    C:/Users/mpilo/Documents/Work/Research Project/Repo/EEE4022S-Project-2024-NXSMPI001/Simulink/build/catarob_interfaces/CMakeFiles/catarob_interfaces__rosidl_typesupport_fastrtps_c.dir/./

  has 185 characters.  The maximum full path to an object file is 250
  characters (see CMAKE_OBJECT_PATH_MAX).  Object file

    5fe698d5e729c1a5f9785b32b12ea290/toggle_props__type_support_c.cpp.obj

  cannot be safely placed under this directory.  The build may not work
  correctly.


CMake Warning in CMakeLists.txt:
  The object file directory

    C:/Users/mpilo/Documents/Work/Research Project/Repo/EEE4022S-Project-2024-NXSMPI001/Simulink/build/catarob_interfaces/CMakeFiles/catarob_interfaces__rosidl_typesupport_introspection_c.dir/./

  has 190 characters.  The maximum full path to an object file is 250
  characters (see CMAKE_OBJECT_PATH_MAX).  Object file

    6b42da30fa400cec43a9f15f4cca016b/toggle_props__type_support.c.obj

  cannot be safely placed under this directory.  The build may not work
  correctly.


CMake Warning in CMakeLists.txt:
  The object file directory

    C:/Users/mpilo/Documents/Work/Research Project/Repo/EEE4022S-Project-2024-NXSMPI001/Simulink/build/catarob_interfaces/CMakeFiles/catarob_interfaces__rosidl_typesupport_fastrtps_cpp.dir/./

  has 187 characters.  The maximum full path to an object file is 250
  characters (see CMAKE_OBJECT_PATH_MAX).  Object file

    633a0ecbb8dcad98a3b8ff2f0c2987ab/state_estimate__type_support.cpp.obj

  cannot be safely placed under this directory.  The build may not work
  correctly.


CMake Warning in CMakeLists.txt:
  The object file directory

    C:/Users/mpilo/Documents/Work/Research Project/Repo/EEE4022S-Project-2024-NXSMPI001/Simulink/build/catarob_interfaces/CMakeFiles/catarob_interfaces__rosidl_typesupport_introspection_cpp.dir/./

  has 192 characters.  The maximum full path to an object file is 250
  characters (see CMAKE_OBJECT_PATH_MAX).  Object file

    a8faa1a5804d2d2b1cb126bafe49647b/toggle_props__type_support.cpp.obj

  cannot be safely placed under this directory.  The build may not work
  correctly.


-- Generating done
-- Build files have been written to: C:/Users/mpilo/Documents/Work/Research Project/Repo/EEE4022S-Project-2024-NXSMPI001/Simulink/build/catarob_interfaces
ninja: no work to do.
-- Install configuration: "Release"
-- Up-to-date: C:/Users/mpilo/Documents/Work/Research Project/Repo/EEE4022S-Project-2024-NXSMPI001/Simulink/install/share/ament_index/resource_index/rosidl_interfaces/catarob_interfaces
-- Up-to-date: C:/Users/mpilo/Documents/Work/Research Project/Repo/EEE4022S-Project-2024-NXSMPI001/Simulink/install/include/catarob_interfaces/catarob_interfaces
-- Up-to-date: C:/Users/mpilo/Documents/Work/Research Project/Repo/EEE4022S-Project-2024-NXSMPI001/Simulink/install/include/catarob_interfaces/catarob_interfaces/msg
-- Up-to-date: C:/Users/mpilo/Documents/Work/Research Project/Repo/EEE4022S-Project-2024-NXSMPI001/Simulink/install/include/catarob_interfaces/catarob_interfaces/msg/detail
-- Up-to-date: C:/Users/mpilo/Documents/Work/Research Project/Repo/EEE4022S-Project-2024-NXSMPI001/Simulink/install/include/catarob_interfaces/catarob_interfaces/msg/detail/hull_status__functions.c
-- Up-to-date: C:/Users/mpilo/Documents/Work/Research Project/Repo/EEE4022S-Project-2024-NXSMPI001/Simulink/install/include/catarob_interfaces/catarob_interfaces/msg/detail/hull_status__functions.h
-- Up-to-date: C:/Users/mpilo/Documents/Work/Research Project/Repo/EEE4022S-Project-2024-NXSMPI001/Simulink/install/include/catarob_interfaces/catarob_interfaces/msg/detail/hull_status__struct.h
-- Up-to-date: C:/Users/mpilo/Documents/Work/Research Project/Repo/EEE4022S-Project-2024-NXSMPI001/Simulink/install/include/catarob_interfaces/catarob_interfaces/msg/detail/hull_status__type_support.h
-- Up-to-date: C:/Users/mpilo/Documents/Work/Research Project/Repo/EEE4022S-Project-2024-NXSMPI001/Simulink/install/include/catarob_interfaces/catarob_interfaces/msg/detail/state_estimate__functions.c
-- Up-to-date: C:/Users/mpilo/Documents/Work/Research Project/Repo/EEE4022S-Project-2024-NXSMPI001/Simulink/install/include/catarob_interfaces/catarob_interfaces/msg/detail/state_estimate__functions.h
-- Up-to-date: C:/Users/mpilo/Documents/Work/Research Project/Repo/EEE4022S-Project-2024-NXSMPI001/Simulink/install/include/catarob_interfaces/catarob_interfaces/msg/detail/state_estimate__struct.h
-- Up-to-date: C:/Users/mpilo/Documents/Work/Research Project/Repo/EEE4022S-Project-2024-NXSMPI001/Simulink/install/include/catarob_interfaces/catarob_interfaces/msg/detail/state_estimate__type_support.h
-- Up-to-date: C:/Users/mpilo/Documents/Work/Research Project/Repo/EEE4022S-Project-2024-NXSMPI001/Simulink/install/include/catarob_interfaces/catarob_interfaces/msg/hull_status.h
-- Up-to-date: C:/Users/mpilo/Documents/Work/Research Project/Repo/EEE4022S-Project-2024-NXSMPI001/Simulink/install/include/catarob_interfaces/catarob_interfaces/msg/rosidl_generator_c__visibility_control.h
-- Up-to-date: C:/Users/mpilo/Documents/Work/Research Project/Repo/EEE4022S-Project-2024-NXSMPI001/Simulink/install/include/catarob_interfaces/catarob_interfaces/msg/state_estimate.h
-- Up-to-date: C:/Users/mpilo/Documents/Work/Research Project/Repo/EEE4022S-Project-2024-NXSMPI001/Simulink/install/include/catarob_interfaces/catarob_interfaces/srv
-- Up-to-date: C:/Users/mpilo/Documents/Work/Research Project/Repo/EEE4022S-Project-2024-NXSMPI001/Simulink/install/include/catarob_interfaces/catarob_interfaces/srv/detail
-- Up-to-date: C:/Users/mpilo/Documents/Work/Research Project/Repo/EEE4022S-Project-2024-NXSMPI001/Simulink/install/include/catarob_interfaces/catarob_interfaces/srv/detail/toggle_props__functions.c
-- Up-to-date: C:/Users/mpilo/Documents/Work/Research Project/Repo/EEE4022S-Project-2024-NXSMPI001/Simulink/install/include/catarob_interfaces/catarob_interfaces/srv/detail/toggle_props__functions.h
-- Up-to-date: C:/Users/mpilo/Documents/Work/Research Project/Repo/EEE4022S-Project-2024-NXSMPI001/Simulink/install/include/catarob_interfaces/catarob_interfaces/srv/detail/toggle_props__struct.h
-- Up-to-date: C:/Users/mpilo/Documents/Work/Research Project/Repo/EEE4022S-Project-2024-NXSMPI001/Simulink/install/include/catarob_interfaces/catarob_interfaces/srv/detail/toggle_props__type_support.h
-- Up-to-date: C:/Users/mpilo/Documents/Work/Research Project/Repo/EEE4022S-Project-2024-NXSMPI001/Simulink/install/include/catarob_interfaces/catarob_interfaces/srv/toggle_props.h
-- Up-to-date: C:/Users/mpilo/Documents/Work/Research Project/Repo/EEE4022S-Project-2024-NXSMPI001/Simulink/install/lib/catarob_interfaces__rosidl_generator_c.lib
-- Up-to-date: C:/Users/mpilo/Documents/Work/Research Project/Repo/EEE4022S-Project-2024-NXSMPI001/Simulink/install/bin/catarob_interfaces__rosidl_generator_c.dll
-- Up-to-date: C:/Users/mpilo/Documents/Work/Research Project/Repo/EEE4022S-Project-2024-NXSMPI001/Simulink/install/include/catarob_interfaces/catarob_interfaces
-- Up-to-date: C:/Users/mpilo/Documents/Work/Research Project/Repo/EEE4022S-Project-2024-NXSMPI001/Simulink/install/include/catarob_interfaces/catarob_interfaces/msg
-- Up-to-date: C:/Users/mpilo/Documents/Work/Research Project/Repo/EEE4022S-Project-2024-NXSMPI001/Simulink/install/include/catarob_interfaces/catarob_interfaces/msg/detail
-- Up-to-date: C:/Users/mpilo/Documents/Work/Research Project/Repo/EEE4022S-Project-2024-NXSMPI001/Simulink/install/include/catarob_interfaces/catarob_interfaces/msg/detail/hull_status__rosidl_typesupport_fastrtps_c.h
-- Up-to-date: C:/Users/mpilo/Documents/Work/Research Project/Repo/EEE4022S-Project-2024-NXSMPI001/Simulink/install/include/catarob_interfaces/catarob_interfaces/msg/detail/state_estimate__rosidl_typesupport_fastrtps_c.h
-- Up-to-date: C:/Users/mpilo/Documents/Work/Research Project/Repo/EEE4022S-Project-2024-NXSMPI001/Simulink/install/include/catarob_interfaces/catarob_interfaces/msg/rosidl_typesupport_fastrtps_c__visibility_control.h
-- Up-to-date: C:/Users/mpilo/Documents/Work/Research Project/Repo/EEE4022S-Project-2024-NXSMPI001/Simulink/install/include/catarob_interfaces/catarob_interfaces/srv
-- Up-to-date: C:/Users/mpilo/Documents/Work/Research Project/Repo/EEE4022S-Project-2024-NXSMPI001/Simulink/install/include/catarob_interfaces/catarob_interfaces/srv/detail
-- Up-to-date: C:/Users/mpilo/Documents/Work/Research Project/Repo/EEE4022S-Project-2024-NXSMPI001/Simulink/install/include/catarob_interfaces/catarob_interfaces/srv/detail/toggle_props__rosidl_typesupport_fastrtps_c.h
-- Up-to-date: C:/Users/mpilo/Documents/Work/Research Project/Repo/EEE4022S-Project-2024-NXSMPI001/Simulink/install/lib/catarob_interfaces__rosidl_typesupport_fastrtps_c.lib
-- Up-to-date: C:/Users/mpilo/Documents/Work/Research Project/Repo/EEE4022S-Project-2024-NXSMPI001/Simulink/install/bin/catarob_interfaces__rosidl_typesupport_fastrtps_c.dll
-- Up-to-date: C:/Users/mpilo/Documents/Work/Research Project/Repo/EEE4022S-Project-2024-NXSMPI001/Simulink/install/include/catarob_interfaces/catarob_interfaces
-- Up-to-date: C:/Users/mpilo/Documents/Work/Research Project/Repo/EEE4022S-Project-2024-NXSMPI001/Simulink/install/include/catarob_interfaces/catarob_interfaces/msg
-- Up-to-date: C:/Users/mpilo/Documents/Work/Research Project/Repo/EEE4022S-Project-2024-NXSMPI001/Simulink/install/include/catarob_interfaces/catarob_interfaces/msg/detail
-- Up-to-date: C:/Users/mpilo/Documents/Work/Research Project/Repo/EEE4022S-Project-2024-NXSMPI001/Simulink/install/include/catarob_interfaces/catarob_interfaces/msg/detail/hull_status__rosidl_typesupport_introspection_c.h
-- Up-to-date: C:/Users/mpilo/Documents/Work/Research Project/Repo/EEE4022S-Project-2024-NXSMPI001/Simulink/install/include/catarob_interfaces/catarob_interfaces/msg/detail/hull_status__type_support.c
-- Up-to-date: C:/Users/mpilo/Documents/Work/Research Project/Repo/EEE4022S-Project-2024-NXSMPI001/Simulink/install/include/catarob_interfaces/catarob_interfaces/msg/detail/state_estimate__rosidl_typesupport_introspection_c.h
-- Up-to-date: C:/Users/mpilo/Documents/Work/Research Project/Repo/EEE4022S-Project-2024-NXSMPI001/Simulink/install/include/catarob_interfaces/catarob_interfaces/msg/detail/state_estimate__type_support.c
-- Up-to-date: C:/Users/mpilo/Documents/Work/Research Project/Repo/EEE4022S-Project-2024-NXSMPI001/Simulink/install/include/catarob_interfaces/catarob_interfaces/msg/rosidl_typesupport_introspection_c__visibility_control.h
-- Up-to-date: C:/Users/mpilo/Documents/Work/Research Project/Repo/EEE4022S-Project-2024-NXSMPI001/Simulink/install/include/catarob_interfaces/catarob_interfaces/srv
-- Up-to-date: C:/Users/mpilo/Documents/Work/Research Project/Repo/EEE4022S-Project-2024-NXSMPI001/Simulink/install/include/catarob_interfaces/catarob_interfaces/srv/detail
-- Up-to-date: C:/Users/mpilo/Documents/Work/Research Project/Repo/EEE4022S-Project-2024-NXSMPI001/Simulink/install/include/catarob_interfaces/catarob_interfaces/srv/detail/toggle_props__rosidl_typesupport_introspection_c.h
-- Up-to-date: C:/Users/mpilo/Documents/Work/Research Project/Repo/EEE4022S-Project-2024-NXSMPI001/Simulink/install/include/catarob_interfaces/catarob_interfaces/srv/detail/toggle_props__type_support.c
-- Up-to-date: C:/Users/mpilo/Documents/Work/Research Project/Repo/EEE4022S-Project-2024-NXSMPI001/Simulink/install/lib/catarob_interfaces__rosidl_typesupport_introspection_c.lib
-- Up-to-date: C:/Users/mpilo/Documents/Work/Research Project/Repo/EEE4022S-Project-2024-NXSMPI001/Simulink/install/bin/catarob_interfaces__rosidl_typesupport_introspection_c.dll
-- Up-to-date: C:/Users/mpilo/Documents/Work/Research Project/Repo/EEE4022S-Project-2024-NXSMPI001/Simulink/install/lib/catarob_interfaces__rosidl_typesupport_c.lib
-- Up-to-date: C:/Users/mpilo/Documents/Work/Research Project/Repo/EEE4022S-Project-2024-NXSMPI001/Simulink/install/bin/catarob_interfaces__rosidl_typesupport_c.dll
-- Up-to-date: C:/Users/mpilo/Documents/Work/Research Project/Repo/EEE4022S-Project-2024-NXSMPI001/Simulink/install/include/catarob_interfaces/catarob_interfaces
-- Up-to-date: C:/Users/mpilo/Documents/Work/Research Project/Repo/EEE4022S-Project-2024-NXSMPI001/Simulink/install/include/catarob_interfaces/catarob_interfaces/msg
-- Up-to-date: C:/Users/mpilo/Documents/Work/Research Project/Repo/EEE4022S-Project-2024-NXSMPI001/Simulink/install/include/catarob_interfaces/catarob_interfaces/msg/detail
-- Up-to-date: C:/Users/mpilo/Documents/Work/Research Project/Repo/EEE4022S-Project-2024-NXSMPI001/Simulink/install/include/catarob_interfaces/catarob_interfaces/msg/detail/hull_status__builder.hpp
-- Up-to-date: C:/Users/mpilo/Documents/Work/Research Project/Repo/EEE4022S-Project-2024-NXSMPI001/Simulink/install/include/catarob_interfaces/catarob_interfaces/msg/detail/hull_status__struct.hpp
-- Up-to-date: C:/Users/mpilo/Documents/Work/Research Project/Repo/EEE4022S-Project-2024-NXSMPI001/Simulink/install/include/catarob_interfaces/catarob_interfaces/msg/detail/hull_status__traits.hpp
-- Up-to-date: C:/Users/mpilo/Documents/Work/Research Project/Repo/EEE4022S-Project-2024-NXSMPI001/Simulink/install/include/catarob_interfaces/catarob_interfaces/msg/detail/state_estimate__builder.hpp
-- Up-to-date: C:/Users/mpilo/Documents/Work/Research Project/Repo/EEE4022S-Project-2024-NXSMPI001/Simulink/install/include/catarob_interfaces/catarob_interfaces/msg/detail/state_estimate__struct.hpp
-- Up-to-date: C:/Users/mpilo/Documents/Work/Research Project/Repo/EEE4022S-Project-2024-NXSMPI001/Simulink/install/include/catarob_interfaces/catarob_interfaces/msg/detail/state_estimate__traits.hpp
-- Up-to-date: C:/Users/mpilo/Documents/Work/Research Project/Repo/EEE4022S-Project-2024-NXSMPI001/Simulink/install/include/catarob_interfaces/catarob_interfaces/msg/hull_status.hpp
-- Up-to-date: C:/Users/mpilo/Documents/Work/Research Project/Repo/EEE4022S-Project-2024-NXSMPI001/Simulink/install/include/catarob_interfaces/catarob_interfaces/msg/state_estimate.hpp
-- Up-to-date: C:/Users/mpilo/Documents/Work/Research Project/Repo/EEE4022S-Project-2024-NXSMPI001/Simulink/install/include/catarob_interfaces/catarob_interfaces/srv
-- Up-to-date: C:/Users/mpilo/Documents/Work/Research Project/Repo/EEE4022S-Project-2024-NXSMPI001/Simulink/install/include/catarob_interfaces/catarob_interfaces/srv/detail
-- Up-to-date: C:/Users/mpilo/Documents/Work/Research Project/Repo/EEE4022S-Project-2024-NXSMPI001/Simulink/install/include/catarob_interfaces/catarob_interfaces/srv/detail/toggle_props__builder.hpp
-- Up-to-date: C:/Users/mpilo/Documents/Work/Research Project/Repo/EEE4022S-Project-2024-NXSMPI001/Simulink/install/include/catarob_interfaces/catarob_interfaces/srv/detail/toggle_props__struct.hpp
-- Up-to-date: C:/Users/mpilo/Documents/Work/Research Project/Repo/EEE4022S-Project-2024-NXSMPI001/Simulink/install/include/catarob_interfaces/catarob_interfaces/srv/detail/toggle_props__traits.hpp
-- Up-to-date: C:/Users/mpilo/Documents/Work/Research Project/Repo/EEE4022S-Project-2024-NXSMPI001/Simulink/install/include/catarob_interfaces/catarob_interfaces/srv/toggle_props.hpp
-- Up-to-date: C:/Users/mpilo/Documents/Work/Research Project/Repo/EEE4022S-Project-2024-NXSMPI001/Simulink/install/include/catarob_interfaces/catarob_interfaces
-- Up-to-date: C:/Users/mpilo/Documents/Work/Research Project/Repo/EEE4022S-Project-2024-NXSMPI001/Simulink/install/include/catarob_interfaces/catarob_interfaces/msg
-- Up-to-date: C:/Users/mpilo/Documents/Work/Research Project/Repo/EEE4022S-Project-2024-NXSMPI001/Simulink/install/include/catarob_interfaces/catarob_interfaces/msg/detail
-- Up-to-date: C:/Users/mpilo/Documents/Work/Research Project/Repo/EEE4022S-Project-2024-NXSMPI001/Simulink/install/include/catarob_interfaces/catarob_interfaces/msg/detail/dds_fastrtps
-- Up-to-date: C:/Users/mpilo/Documents/Work/Research Project/Repo/EEE4022S-Project-2024-NXSMPI001/Simulink/install/include/catarob_interfaces/catarob_interfaces/msg/detail/hull_status__rosidl_typesupport_fastrtps_cpp.hpp
-- Up-to-date: C:/Users/mpilo/Documents/Work/Research Project/Repo/EEE4022S-Project-2024-NXSMPI001/Simulink/install/include/catarob_interfaces/catarob_interfaces/msg/detail/state_estimate__rosidl_typesupport_fastrtps_cpp.hpp
-- Up-to-date: C:/Users/mpilo/Documents/Work/Research Project/Repo/EEE4022S-Project-2024-NXSMPI001/Simulink/install/include/catarob_interfaces/catarob_interfaces/msg/rosidl_typesupport_fastrtps_cpp__visibility_control.h
-- Up-to-date: C:/Users/mpilo/Documents/Work/Research Project/Repo/EEE4022S-Project-2024-NXSMPI001/Simulink/install/include/catarob_interfaces/catarob_interfaces/srv
-- Up-to-date: C:/Users/mpilo/Documents/Work/Research Project/Repo/EEE4022S-Project-2024-NXSMPI001/Simulink/install/include/catarob_interfaces/catarob_interfaces/srv/detail
-- Up-to-date: C:/Users/mpilo/Documents/Work/Research Project/Repo/EEE4022S-Project-2024-NXSMPI001/Simulink/install/include/catarob_interfaces/catarob_interfaces/srv/detail/dds_fastrtps
-- Up-to-date: C:/Users/mpilo/Documents/Work/Research Project/Repo/EEE4022S-Project-2024-NXSMPI001/Simulink/install/include/catarob_interfaces/catarob_interfaces/srv/detail/toggle_props__rosidl_typesupport_fastrtps_cpp.hpp
-- Up-to-date: C:/Users/mpilo/Documents/Work/Research Project/Repo/EEE4022S-Project-2024-NXSMPI001/Simulink/install/lib/catarob_interfaces__rosidl_typesupport_fastrtps_cpp.lib
-- Up-to-date: C:/Users/mpilo/Documents/Work/Research Project/Repo/EEE4022S-Project-2024-NXSMPI001/Simulink/install/bin/catarob_interfaces__rosidl_typesupport_fastrtps_cpp.dll
-- Up-to-date: C:/Users/mpilo/Documents/Work/Research Project/Repo/EEE4022S-Project-2024-NXSMPI001/Simulink/install/include/catarob_interfaces/catarob_interfaces
-- Up-to-date: C:/Users/mpilo/Documents/Work/Research Project/Repo/EEE4022S-Project-2024-NXSMPI001/Simulink/install/include/catarob_interfaces/catarob_interfaces/msg
-- Up-to-date: C:/Users/mpilo/Documents/Work/Research Project/Repo/EEE4022S-Project-2024-NXSMPI001/Simulink/install/include/catarob_interfaces/catarob_interfaces/msg/detail
-- Up-to-date: C:/Users/mpilo/Documents/Work/Research Project/Repo/EEE4022S-Project-2024-NXSMPI001/Simulink/install/include/catarob_interfaces/catarob_interfaces/msg/detail/hull_status__rosidl_typesupport_introspection_cpp.hpp
-- Up-to-date: C:/Users/mpilo/Documents/Work/Research Project/Repo/EEE4022S-Project-2024-NXSMPI001/Simulink/install/include/catarob_interfaces/catarob_interfaces/msg/detail/hull_status__type_support.cpp
-- Up-to-date: C:/Users/mpilo/Documents/Work/Research Project/Repo/EEE4022S-Project-2024-NXSMPI001/Simulink/install/include/catarob_interfaces/catarob_interfaces/msg/detail/state_estimate__rosidl_typesupport_introspection_cpp.hpp
-- Up-to-date: C:/Users/mpilo/Documents/Work/Research Project/Repo/EEE4022S-Project-2024-NXSMPI001/Simulink/install/include/catarob_interfaces/catarob_interfaces/msg/detail/state_estimate__type_support.cpp
-- Up-to-date: C:/Users/mpilo/Documents/Work/Research Project/Repo/EEE4022S-Project-2024-NXSMPI001/Simulink/install/include/catarob_interfaces/catarob_interfaces/srv
-- Up-to-date: C:/Users/mpilo/Documents/Work/Research Project/Repo/EEE4022S-Project-2024-NXSMPI001/Simulink/install/include/catarob_interfaces/catarob_interfaces/srv/detail
-- Up-to-date: C:/Users/mpilo/Documents/Work/Research Project/Repo/EEE4022S-Project-2024-NXSMPI001/Simulink/install/include/catarob_interfaces/catarob_interfaces/srv/detail/toggle_props__rosidl_typesupport_introspection_cpp.hpp
-- Up-to-date: C:/Users/mpilo/Documents/Work/Research Project/Repo/EEE4022S-Project-2024-NXSMPI001/Simulink/install/include/catarob_interfaces/catarob_interfaces/srv/detail/toggle_props__type_support.cpp
-- Up-to-date: C:/Users/mpilo/Documents/Work/Research Project/Repo/EEE4022S-Project-2024-NXSMPI001/Simulink/install/lib/catarob_interfaces__rosidl_typesupport_introspection_cpp.lib
-- Up-to-date: C:/Users/mpilo/Documents/Work/Research Project/Repo/EEE4022S-Project-2024-NXSMPI001/Simulink/install/bin/catarob_interfaces__rosidl_typesupport_introspection_cpp.dll
-- Up-to-date: C:/Users/mpilo/Documents/Work/Research Project/Repo/EEE4022S-Project-2024-NXSMPI001/Simulink/install/lib/catarob_interfaces__rosidl_typesupport_cpp.lib
-- Up-to-date: C:/Users/mpilo/Documents/Work/Research Project/Repo/EEE4022S-Project-2024-NXSMPI001/Simulink/install/bin/catarob_interfaces__rosidl_typesupport_cpp.dll
-- Up-to-date: C:/Users/mpilo/Documents/Work/Research Project/Repo/EEE4022S-Project-2024-NXSMPI001/Simulink/install/share/catarob_interfaces/msg/HullStatus.idl
-- Up-to-date: C:/Users/mpilo/Documents/Work/Research Project/Repo/EEE4022S-Project-2024-NXSMPI001/Simulink/install/share/catarob_interfaces/msg/StateEstimate.idl
-- Up-to-date: C:/Users/mpilo/Documents/Work/Research Project/Repo/EEE4022S-Project-2024-NXSMPI001/Simulink/install/share/catarob_interfaces/srv/ToggleProps.idl
-- Up-to-date: C:/Users/mpilo/Documents/Work/Research Project/Repo/EEE4022S-Project-2024-NXSMPI001/Simulink/install/share/catarob_interfaces/msg/HullStatus.msg
-- Up-to-date: C:/Users/mpilo/Documents/Work/Research Project/Repo/EEE4022S-Project-2024-NXSMPI001/Simulink/install/share/catarob_interfaces/msg/StateEstimate.msg
-- Up-to-date: C:/Users/mpilo/Documents/Work/Research Project/Repo/EEE4022S-Project-2024-NXSMPI001/Simulink/install/share/catarob_interfaces/srv/ToggleProps.srv
-- Up-to-date: C:/Users/mpilo/Documents/Work/Research Project/Repo/EEE4022S-Project-2024-NXSMPI001/Simulink/install/share/catarob_interfaces/srv/ToggleProps_Request.msg
-- Up-to-date: C:/Users/mpilo/Documents/Work/Research Project/Repo/EEE4022S-Project-2024-NXSMPI001/Simulink/install/share/catarob_interfaces/srv/ToggleProps_Response.msg
-- Up-to-date: C:/Users/mpilo/Documents/Work/Research Project/Repo/EEE4022S-Project-2024-NXSMPI001/Simulink/install/share/ament_index/resource_index/package_run_dependencies/catarob_interfaces
-- Up-to-date: C:/Users/mpilo/Documents/Work/Research Project/Repo/EEE4022S-Project-2024-NXSMPI001/Simulink/install/share/ament_index/resource_index/parent_prefix_path/catarob_interfaces
-- Up-to-date: C:/Users/mpilo/Documents/Work/Research Project/Repo/EEE4022S-Project-2024-NXSMPI001/Simulink/install/share/catarob_interfaces/environment/ament_prefix_path.bat
-- Installing: C:/Users/mpilo/Documents/Work/Research Project/Repo/EEE4022S-Project-2024-NXSMPI001/Simulink/install/share/catarob_interfaces/environment/ament_prefix_path.dsv
-- Up-to-date: C:/Users/mpilo/Documents/Work/Research Project/Repo/EEE4022S-Project-2024-NXSMPI001/Simulink/install/share/catarob_interfaces/environment/path.bat
-- Installing: C:/Users/mpilo/Documents/Work/Research Project/Repo/EEE4022S-Project-2024-NXSMPI001/Simulink/install/share/catarob_interfaces/environment/path.dsv
-- Up-to-date: C:/Users/mpilo/Documents/Work/Research Project/Repo/EEE4022S-Project-2024-NXSMPI001/Simulink/install/share/catarob_interfaces/local_setup.bat
-- Installing: C:/Users/mpilo/Documents/Work/Research Project/Repo/EEE4022S-Project-2024-NXSMPI001/Simulink/install/share/catarob_interfaces/local_setup.dsv
-- Installing: C:/Users/mpilo/Documents/Work/Research Project/Repo/EEE4022S-Project-2024-NXSMPI001/Simulink/install/share/catarob_interfaces/package.dsv
-- Up-to-date: C:/Users/mpilo/Documents/Work/Research Project/Repo/EEE4022S-Project-2024-NXSMPI001/Simulink/install/share/ament_index/resource_index/packages/catarob_interfaces
-- Up-to-date: C:/Users/mpilo/Documents/Work/Research Project/Repo/EEE4022S-Project-2024-NXSMPI001/Simulink/install/share/catarob_interfaces/cmake/export_catarob_interfaces__rosidl_generator_cExport.cmake
-- Up-to-date: C:/Users/mpilo/Documents/Work/Research Project/Repo/EEE4022S-Project-2024-NXSMPI001/Simulink/install/share/catarob_interfaces/cmake/export_catarob_interfaces__rosidl_generator_cExport-release.cmake
-- Up-to-date: C:/Users/mpilo/Documents/Work/Research Project/Repo/EEE4022S-Project-2024-NXSMPI001/Simulink/install/share/catarob_interfaces/cmake/export_catarob_interfaces__rosidl_typesupport_fastrtps_cExport.cmake
-- Up-to-date: C:/Users/mpilo/Documents/Work/Research Project/Repo/EEE4022S-Project-2024-NXSMPI001/Simulink/install/share/catarob_interfaces/cmake/export_catarob_interfaces__rosidl_typesupport_fastrtps_cExport-release.cmake
-- Up-to-date: C:/Users/mpilo/Documents/Work/Research Project/Repo/EEE4022S-Project-2024-NXSMPI001/Simulink/install/share/catarob_interfaces/cmake/catarob_interfaces__rosidl_typesupport_introspection_cExport.cmake
-- Up-to-date: C:/Users/mpilo/Documents/Work/Research Project/Repo/EEE4022S-Project-2024-NXSMPI001/Simulink/install/share/catarob_interfaces/cmake/catarob_interfaces__rosidl_typesupport_introspection_cExport-release.cmake
-- Up-to-date: C:/Users/mpilo/Documents/Work/Research Project/Repo/EEE4022S-Project-2024-NXSMPI001/Simulink/install/share/catarob_interfaces/cmake/catarob_interfaces__rosidl_typesupport_cExport.cmake
-- Up-to-date: C:/Users/mpilo/Documents/Work/Research Project/Repo/EEE4022S-Project-2024-NXSMPI001/Simulink/install/share/catarob_interfaces/cmake/catarob_interfaces__rosidl_typesupport_cExport-release.cmake
-- Up-to-date: C:/Users/mpilo/Documents/Work/Research Project/Repo/EEE4022S-Project-2024-NXSMPI001/Simulink/install/share/catarob_interfaces/cmake/export_catarob_interfaces__rosidl_generator_cppExport.cmake
-- Up-to-date: C:/Users/mpilo/Documents/Work/Research Project/Repo/EEE4022S-Project-2024-NXSMPI001/Simulink/install/share/catarob_interfaces/cmake/export_catarob_interfaces__rosidl_typesupport_fastrtps_cppExport.cmake
-- Up-to-date: C:/Users/mpilo/Documents/Work/Research Project/Repo/EEE4022S-Project-2024-NXSMPI001/Simulink/install/share/catarob_interfaces/cmake/export_catarob_interfaces__rosidl_typesupport_fastrtps_cppExport-release.cmake
-- Up-to-date: C:/Users/mpilo/Documents/Work/Research Project/Repo/EEE4022S-Project-2024-NXSMPI001/Simulink/install/share/catarob_interfaces/cmake/catarob_interfaces__rosidl_typesupport_introspection_cppExport.cmake
-- Up-to-date: C:/Users/mpilo/Documents/Work/Research Project/Repo/EEE4022S-Project-2024-NXSMPI001/Simulink/install/share/catarob_interfaces/cmake/catarob_interfaces__rosidl_typesupport_introspection_cppExport-release.cmake
-- Up-to-date: C:/Users/mpilo/Documents/Work/Research Project/Repo/EEE4022S-Project-2024-NXSMPI001/Simulink/install/share/catarob_interfaces/cmake/catarob_interfaces__rosidl_typesupport_cppExport.cmake
-- Up-to-date: C:/Users/mpilo/Documents/Work/Research Project/Repo/EEE4022S-Project-2024-NXSMPI001/Simulink/install/share/catarob_interfaces/cmake/catarob_interfaces__rosidl_typesupport_cppExport-release.cmake
-- Up-to-date: C:/Users/mpilo/Documents/Work/Research Project/Repo/EEE4022S-Project-2024-NXSMPI001/Simulink/install/share/catarob_interfaces/cmake/rosidl_cmake-extras.cmake
-- Up-to-date: C:/Users/mpilo/Documents/Work/Research Project/Repo/EEE4022S-Project-2024-NXSMPI001/Simulink/install/share/catarob_interfaces/cmake/ament_cmake_export_dependencies-extras.cmake
-- Up-to-date: C:/Users/mpilo/Documents/Work/Research Project/Repo/EEE4022S-Project-2024-NXSMPI001/Simulink/install/share/catarob_interfaces/cmake/ament_cmake_export_include_directories-extras.cmake
-- Up-to-date: C:/Users/mpilo/Documents/Work/Research Project/Repo/EEE4022S-Project-2024-NXSMPI001/Simulink/install/share/catarob_interfaces/cmake/ament_cmake_export_libraries-extras.cmake
-- Up-to-date: C:/Users/mpilo/Documents/Work/Research Project/Repo/EEE4022S-Project-2024-NXSMPI001/Simulink/install/share/catarob_interfaces/cmake/ament_cmake_export_targets-extras.cmake
-- Up-to-date: C:/Users/mpilo/Documents/Work/Research Project/Repo/EEE4022S-Project-2024-NXSMPI001/Simulink/install/share/catarob_interfaces/cmake/rosidl_cmake_export_typesupport_targets-extras.cmake
-- Up-to-date: C:/Users/mpilo/Documents/Work/Research Project/Repo/EEE4022S-Project-2024-NXSMPI001/Simulink/install/share/catarob_interfaces/cmake/rosidl_cmake_export_typesupport_libraries-extras.cmake
-- Up-to-date: C:/Users/mpilo/Documents/Work/Research Project/Repo/EEE4022S-Project-2024-NXSMPI001/Simulink/install/share/catarob_interfaces/cmake/catarob_interfacesConfig.cmake
-- Up-to-date: C:/Users/mpilo/Documents/Work/Research Project/Repo/EEE4022S-Project-2024-NXSMPI001/Simulink/install/share/catarob_interfaces/cmake/catarob_interfacesConfig-version.cmake
-- Installing: C:/Users/mpilo/Documents/Work/Research Project/Repo/EEE4022S-Project-2024-NXSMPI001/Simulink/install/share/catarob_interfaces/package.xml
